==================================================
goal = test
device = cuda
device_id = 0
dataset = MNIST
num_classes = 10
model = CNN
batch_size = 64
local_learning_rate = 0.01
learning_rate_decay = False
learning_rate_decay_gamma = 0.99
global_rounds = 50
top_cnt = 100
local_epochs = 1
algorithm = PFL-DA
join_ratio = 0.8
random_join_ratio = False
num_clients = 20
prev = 0
times = 1
eval_gap = 1
save_folder_name = items
auto_break = False
dlg_eval = False
dlg_gap = 100
batch_num_per_client = 2
num_new_clients = 0
fine_tuning_epoch_new = 0
feature_dim = 512
vocab_size = 32000
max_len = 200
client_drop_rate = 0.0
train_slow_rate = 0.0
send_slow_rate = 0.0
time_select = False
time_threthold = 10000
beta = 0.0
lamda = 1.0
mu = 0.0
K = 5
p_learning_rate = 0.01
M = 5
itk = 4000
alphaK = 1.0
sigma = 1.0
alpha = 1.0
plocal_epochs = 1
tau = 1.0
fine_tuning_epochs = 10
dr_learning_rate = 0.0
L = 1.0
noise_dim = 512
generator_learning_rate = 0.005
hidden_dim = 512
server_epochs = 1000
localize_feature_extractor = False
server_learning_rate = 1.0
eta = 1.0
rand_percent = 80
layer_idx = 2
mentee_learning_rate = 0.005
T_start = 0.95
T_end = 0.98
momentum = 0.1
kl_weight = 0.0
prune_interval = 5
prune_amount = 0.5
==================================================

============= Running time: 0th =============
Creating server and clients ...
FedAvgCNN(
  (conv1): Sequential(
    (0): Conv2d(1, 32, kernel_size=(5, 5), stride=(1, 1))
    (1): ReLU(inplace=True)
    (2): MaxPool2d(kernel_size=(2, 2), stride=(2, 2), padding=0, dilation=1, ceil_mode=False)
  )
  (conv2): Sequential(
    (0): Conv2d(32, 64, kernel_size=(5, 5), stride=(1, 1))
    (1): ReLU(inplace=True)
    (2): MaxPool2d(kernel_size=(2, 2), stride=(2, 2), padding=0, dilation=1, ceil_mode=False)
  )
  (fc1): Sequential(
    (0): Linear(in_features=1024, out_features=512, bias=True)
    (1): ReLU(inplace=True)
  )
  (fc): Linear(in_features=512, out_features=10, bias=True)
)

Join ratio / total clients: 0.8 / 20
Finished creating server and clients.

-------------Round number: 0-------------

Evaluate personalized models
Averaged Train Loss: 2.3125
Averaged Test Accurancy: 0.0583
Averaged Test AUC: 0.4299
Std Test Accurancy: 0.0526
Std Test AUC: 0.1484
------------------------- time cost ------------------------- 3.2397210597991943

-------------Round number: 1-------------

Evaluate personalized models
Averaged Train Loss: 0.9164
Averaged Test Accurancy: 0.6098
Averaged Test AUC: 0.8530
Std Test Accurancy: 0.3072
Std Test AUC: 0.1918
------------------------- time cost ------------------------- 3.338001251220703

-------------Round number: 2-------------

Evaluate personalized models
Averaged Train Loss: 0.3147
Averaged Test Accurancy: 0.8767
Averaged Test AUC: 0.9854
Std Test Accurancy: 0.2192
Std Test AUC: 0.0689
------------------------- time cost ------------------------- 3.3897523880004883

-------------Round number: 3-------------

Evaluate personalized models
Averaged Train Loss: 0.1975
Averaged Test Accurancy: 0.9283
Averaged Test AUC: 0.9949
Std Test Accurancy: 0.1219
Std Test AUC: 0.0101
------------------------- time cost ------------------------- 3.173820972442627

-------------Round number: 4-------------

Evaluate personalized models
Averaged Train Loss: 0.1480
Averaged Test Accurancy: 0.9341
Averaged Test AUC: 0.9961
Std Test Accurancy: 0.1211
Std Test AUC: 0.0089
------------------------- time cost ------------------------- 3.0552022457122803

-------------Round number: 5-------------

Evaluate personalized models
Averaged Train Loss: 0.1091
Averaged Test Accurancy: 0.9694
Averaged Test AUC: 0.9984
Std Test Accurancy: 0.0903
Std Test AUC: 0.0066
------------------------- time cost ------------------------- 3.3221728801727295

-------------Round number: 6-------------

Evaluate personalized models
Averaged Train Loss: 0.0857
Averaged Test Accurancy: 0.9797
Averaged Test AUC: 0.9990
Std Test Accurancy: 0.0748
Std Test AUC: 0.0057
------------------------- time cost ------------------------- 3.092374086380005

-------------Round number: 7-------------

Evaluate personalized models
Averaged Train Loss: 0.0721
Averaged Test Accurancy: 0.9843
Averaged Test AUC: 0.9992
Std Test Accurancy: 0.0247
Std Test AUC: 0.0052
------------------------- time cost ------------------------- 3.3834283351898193

-------------Round number: 8-------------

Evaluate personalized models
Averaged Train Loss: 0.0604
Averaged Test Accurancy: 0.9847
Averaged Test AUC: 0.9995
Std Test Accurancy: 0.0370
Std Test AUC: 0.0032
------------------------- time cost ------------------------- 3.1520683765411377

-------------Round number: 9-------------

Evaluate personalized models
Averaged Train Loss: 0.0508
Averaged Test Accurancy: 0.9874
Averaged Test AUC: 0.9996
Std Test Accurancy: 0.0190
Std Test AUC: 0.0019
------------------------- time cost ------------------------- 3.035963773727417

-------------Round number: 10-------------

Evaluate personalized models
Averaged Train Loss: 0.0453
Averaged Test Accurancy: 0.9865
Averaged Test AUC: 0.9997
Std Test Accurancy: 0.0232
Std Test AUC: 0.0014
------------------------- time cost ------------------------- 3.393110513687134

-------------Round number: 11-------------

Evaluate personalized models
Averaged Train Loss: 0.0407
Averaged Test Accurancy: 0.9881
Averaged Test AUC: 0.9997
Std Test Accurancy: 0.0187
Std Test AUC: 0.0010
------------------------- time cost ------------------------- 2.9523978233337402

-------------Round number: 12-------------

Evaluate personalized models
Averaged Train Loss: 0.0373
Averaged Test Accurancy: 0.9887
Averaged Test AUC: 0.9998
Std Test Accurancy: 0.0187
Std Test AUC: 0.0012
------------------------- time cost ------------------------- 3.1902012825012207

-------------Round number: 13-------------

Evaluate personalized models
Averaged Train Loss: 0.0343
Averaged Test Accurancy: 0.9893
Averaged Test AUC: 0.9998
Std Test Accurancy: 0.0172
Std Test AUC: 0.0008
------------------------- time cost ------------------------- 3.5037758350372314

-------------Round number: 14-------------

Evaluate personalized models
Averaged Train Loss: 0.0332
Averaged Test Accurancy: 0.9894
Averaged Test AUC: 0.9998
Std Test Accurancy: 0.0173
Std Test AUC: 0.0008
------------------------- time cost ------------------------- 2.9915547370910645

-------------Round number: 15-------------

Evaluate personalized models
Averaged Train Loss: 0.0299
Averaged Test Accurancy: 0.9899
Averaged Test AUC: 0.9998
Std Test Accurancy: 0.0176
Std Test AUC: 0.0007
------------------------- time cost ------------------------- 3.2356436252593994

-------------Round number: 16-------------

Evaluate personalized models
Averaged Train Loss: 0.0283
Averaged Test Accurancy: 0.9901
Averaged Test AUC: 0.9998
Std Test Accurancy: 0.0168
Std Test AUC: 0.0006
------------------------- time cost ------------------------- 3.2133495807647705

-------------Round number: 17-------------

Evaluate personalized models
Averaged Train Loss: 0.0263
Averaged Test Accurancy: 0.9909
Averaged Test AUC: 0.9999
Std Test Accurancy: 0.0160
Std Test AUC: 0.0005
------------------------- time cost ------------------------- 3.142603874206543

-------------Round number: 18-------------

Evaluate personalized models
Averaged Train Loss: 0.0247
Averaged Test Accurancy: 0.9911
Averaged Test AUC: 0.9999
Std Test Accurancy: 0.0147
Std Test AUC: 0.0005
------------------------- time cost ------------------------- 3.184264898300171

-------------Round number: 19-------------

Evaluate personalized models
Averaged Train Loss: 0.0237
Averaged Test Accurancy: 0.9915
Averaged Test AUC: 0.9999
Std Test Accurancy: 0.0139
Std Test AUC: 0.0004
------------------------- time cost ------------------------- 3.443488836288452

-------------Round number: 20-------------

Evaluate personalized models
Averaged Train Loss: 0.0224
Averaged Test Accurancy: 0.9919
Averaged Test AUC: 0.9999
Std Test Accurancy: 0.0135
Std Test AUC: 0.0004
------------------------- time cost ------------------------- 3.4140594005584717

-------------Round number: 21-------------

Evaluate personalized models
Averaged Train Loss: 0.0216
Averaged Test Accurancy: 0.9923
Averaged Test AUC: 0.9999
Std Test Accurancy: 0.0140
Std Test AUC: 0.0004
------------------------- time cost ------------------------- 3.4520010948181152

-------------Round number: 22-------------

Evaluate personalized models
Averaged Train Loss: 0.0210
Averaged Test Accurancy: 0.9923
Averaged Test AUC: 0.9999
Std Test Accurancy: 0.0137
Std Test AUC: 0.0004
------------------------- time cost ------------------------- 3.1881465911865234

-------------Round number: 23-------------

Evaluate personalized models
Averaged Train Loss: 0.0201
Averaged Test Accurancy: 0.9923
Averaged Test AUC: 0.9999
Std Test Accurancy: 0.0138
Std Test AUC: 0.0004
------------------------- time cost ------------------------- 2.8860585689544678

-------------Round number: 24-------------

Evaluate personalized models
Averaged Train Loss: 0.0193
Averaged Test Accurancy: 0.9926
Averaged Test AUC: 0.9999
Std Test Accurancy: 0.0120
Std Test AUC: 0.0004
------------------------- time cost ------------------------- 3.1350231170654297

-------------Round number: 25-------------

Evaluate personalized models
Averaged Train Loss: 0.0188
Averaged Test Accurancy: 0.9929
Averaged Test AUC: 0.9999
Std Test Accurancy: 0.0124
Std Test AUC: 0.0003
------------------------- time cost ------------------------- 3.20876145362854

-------------Round number: 26-------------

Evaluate personalized models
Averaged Train Loss: 0.0183
Averaged Test Accurancy: 0.9931
Averaged Test AUC: 0.9999
Std Test Accurancy: 0.0122
Std Test AUC: 0.0003
------------------------- time cost ------------------------- 3.2204084396362305

-------------Round number: 27-------------

Evaluate personalized models
Averaged Train Loss: 0.0177
Averaged Test Accurancy: 0.9930
Averaged Test AUC: 0.9999
Std Test Accurancy: 0.0111
Std Test AUC: 0.0003
------------------------- time cost ------------------------- 3.1125528812408447

-------------Round number: 28-------------

Evaluate personalized models
Averaged Train Loss: 0.0172
Averaged Test Accurancy: 0.9932
Averaged Test AUC: 0.9999
Std Test Accurancy: 0.0109
Std Test AUC: 0.0003
------------------------- time cost ------------------------- 3.291944742202759

-------------Round number: 29-------------

Evaluate personalized models
Averaged Train Loss: 0.0166
Averaged Test Accurancy: 0.9932
Averaged Test AUC: 0.9999
Std Test Accurancy: 0.0126
Std Test AUC: 0.0003
------------------------- time cost ------------------------- 3.188894271850586

-------------Round number: 30-------------

Evaluate personalized models
Averaged Train Loss: 0.0163
Averaged Test Accurancy: 0.9931
Averaged Test AUC: 0.9999
Std Test Accurancy: 0.0120
Std Test AUC: 0.0003
------------------------- time cost ------------------------- 3.3327407836914062

-------------Round number: 31-------------

Evaluate personalized models
Averaged Train Loss: 0.0158
Averaged Test Accurancy: 0.9939
Averaged Test AUC: 0.9999
Std Test Accurancy: 0.0103
Std Test AUC: 0.0003
------------------------- time cost ------------------------- 3.306706666946411

-------------Round number: 32-------------

Evaluate personalized models
Averaged Train Loss: 0.0149
Averaged Test Accurancy: 0.9940
Averaged Test AUC: 0.9999
Std Test Accurancy: 0.0103
Std Test AUC: 0.0002
------------------------- time cost ------------------------- 2.932943105697632

-------------Round number: 33-------------

Evaluate personalized models
Averaged Train Loss: 0.0145
Averaged Test Accurancy: 0.9939
Averaged Test AUC: 0.9999
Std Test Accurancy: 0.0109
Std Test AUC: 0.0003
------------------------- time cost ------------------------- 3.3737998008728027

-------------Round number: 34-------------

Evaluate personalized models
Averaged Train Loss: 0.0141
Averaged Test Accurancy: 0.9939
Averaged Test AUC: 0.9999
Std Test Accurancy: 0.0109
Std Test AUC: 0.0003
------------------------- time cost ------------------------- 3.221479892730713

-------------Round number: 35-------------

Evaluate personalized models
Averaged Train Loss: 0.0134
Averaged Test Accurancy: 0.9940
Averaged Test AUC: 0.9999
Std Test Accurancy: 0.0089
Std Test AUC: 0.0002
------------------------- time cost ------------------------- 3.294867753982544

-------------Round number: 36-------------

Evaluate personalized models
Averaged Train Loss: 0.0135
Averaged Test Accurancy: 0.9941
Averaged Test AUC: 0.9999
Std Test Accurancy: 0.0092
Std Test AUC: 0.0002
------------------------- time cost ------------------------- 3.252535581588745

-------------Round number: 37-------------

Evaluate personalized models
Averaged Train Loss: 0.0132
Averaged Test Accurancy: 0.9939
Averaged Test AUC: 0.9999
Std Test Accurancy: 0.0097
Std Test AUC: 0.0002
------------------------- time cost ------------------------- 3.364032745361328

-------------Round number: 38-------------

Evaluate personalized models
Averaged Train Loss: 0.0127
Averaged Test Accurancy: 0.9944
Averaged Test AUC: 0.9999
Std Test Accurancy: 0.0080
Std Test AUC: 0.0002
------------------------- time cost ------------------------- 3.1121790409088135

-------------Round number: 39-------------

Evaluate personalized models
Averaged Train Loss: 0.0125
Averaged Test Accurancy: 0.9942
Averaged Test AUC: 0.9999
Std Test Accurancy: 0.0093
Std Test AUC: 0.0002
------------------------- time cost ------------------------- 3.423440456390381

-------------Round number: 40-------------

Evaluate personalized models
Averaged Train Loss: 0.0122
Averaged Test Accurancy: 0.9946
Averaged Test AUC: 0.9999
Std Test Accurancy: 0.0090
Std Test AUC: 0.0002
------------------------- time cost ------------------------- 3.1638503074645996

-------------Round number: 41-------------

Evaluate personalized models
Averaged Train Loss: 0.0121
Averaged Test Accurancy: 0.9943
Averaged Test AUC: 0.9999
Std Test Accurancy: 0.0103
Std Test AUC: 0.0002
------------------------- time cost ------------------------- 3.134172201156616

-------------Round number: 42-------------

Evaluate personalized models
Averaged Train Loss: 0.0119
Averaged Test Accurancy: 0.9945
Averaged Test AUC: 0.9999
Std Test Accurancy: 0.0102
Std Test AUC: 0.0002
------------------------- time cost ------------------------- 3.163670778274536

-------------Round number: 43-------------

Evaluate personalized models
Averaged Train Loss: 0.0111
Averaged Test Accurancy: 0.9946
Averaged Test AUC: 0.9999
Std Test Accurancy: 0.0094
Std Test AUC: 0.0002
------------------------- time cost ------------------------- 2.4711451530456543

-------------Round number: 44-------------

Evaluate personalized models
Averaged Train Loss: 0.0110
Averaged Test Accurancy: 0.9946
Averaged Test AUC: 0.9999
Std Test Accurancy: 0.0097
Std Test AUC: 0.0002
------------------------- time cost ------------------------- 3.3442344665527344

-------------Round number: 45-------------

Evaluate personalized models
Averaged Train Loss: 0.0106
Averaged Test Accurancy: 0.9950
Averaged Test AUC: 1.0000
Std Test Accurancy: 0.0077
Std Test AUC: 0.0002
------------------------- time cost ------------------------- 3.4013402462005615

-------------Round number: 46-------------

Evaluate personalized models
Averaged Train Loss: 0.0110
Averaged Test Accurancy: 0.9942
Averaged Test AUC: 0.9999
Std Test Accurancy: 0.0095
Std Test AUC: 0.0002
------------------------- time cost ------------------------- 2.8767175674438477

-------------Round number: 47-------------

Evaluate personalized models
Averaged Train Loss: 0.0105
Averaged Test Accurancy: 0.9948
Averaged Test AUC: 1.0000
Std Test Accurancy: 0.0078
Std Test AUC: 0.0002
------------------------- time cost ------------------------- 3.1703972816467285

-------------Round number: 48-------------

Evaluate personalized models
Averaged Train Loss: 0.0104
Averaged Test Accurancy: 0.9947
Averaged Test AUC: 1.0000
Std Test Accurancy: 0.0081
Std Test AUC: 0.0002
------------------------- time cost ------------------------- 3.2139387130737305

-------------Round number: 49-------------

Evaluate personalized models
Averaged Train Loss: 0.0098
Averaged Test Accurancy: 0.9954
Averaged Test AUC: 1.0000
Std Test Accurancy: 0.0069
Std Test AUC: 0.0001
------------------------- time cost ------------------------- 3.36625075340271

-------------Round number: 50-------------

Evaluate personalized models
Averaged Train Loss: 0.0097
Averaged Test Accurancy: 0.9956
Averaged Test AUC: 1.0000
Std Test Accurancy: 0.0063
Std Test AUC: 0.0001
------------------------- time cost ------------------------- 3.1801774501800537

Best accuracy.
0.9956017592962815

Average time cost per round.
3.207832932472229
File path: ../results/MNIST_PFL-DA_test_0.h5

Average time cost: 164.34s.
Length:  51
std for best accurancy: 0.0
mean for best accurancy: 0.9956017592962815
All done!

Storage on cuda:0
-------------------------------------------------------------------------------
Total Tensors: 35611316 	Used Memory: 91.51M
The allocated memory on cuda:0: 109.01M
Memory differs due to the matrix alignment or invisible gradient buffer tensors
-------------------------------------------------------------------------------

Total time cost: 164.42s.
