==================================================
goal = test
device = cuda
device_id = 0
dataset = MNIST
num_classes = 10
model = CNN
batch_size = 64
local_learning_rate = 0.01
learning_rate_decay = False
learning_rate_decay_gamma = 0.99
global_rounds = 50
top_cnt = 100
local_epochs = 5
algorithm = FedAvg
join_ratio = 0.6
random_join_ratio = False
num_clients = 20
prev = 0
times = 1
eval_gap = 1
save_folder_name = items
auto_break = False
dlg_eval = False
dlg_gap = 100
batch_num_per_client = 2
num_new_clients = 0
fine_tuning_epoch_new = 0
feature_dim = 512
vocab_size = 32000
max_len = 200
client_drop_rate = 0.0
train_slow_rate = 0.0
send_slow_rate = 0.0
time_select = False
time_threthold = 10000
beta = 0.0
lamda = 1.0
mu = 0.0
K = 5
p_learning_rate = 0.01
M = 5
itk = 4000
alphaK = 1.0
sigma = 1.0
alpha = 1.0
plocal_epochs = 1
tau = 1.0
fine_tuning_epochs = 10
dr_learning_rate = 0.0
L = 1.0
noise_dim = 512
generator_learning_rate = 0.005
hidden_dim = 512
server_epochs = 1000
localize_feature_extractor = False
server_learning_rate = 1.0
eta = 1.0
rand_percent = 80
layer_idx = 2
mentee_learning_rate = 0.005
T_start = 0.95
T_end = 0.98
momentum = 0.1
kl_weight = 0.0
prune_interval = 5
prune_amount = 0.5
==================================================

============= Running time: 0th =============
Creating server and clients ...
FedAvgCNN(
  (conv1): Sequential(
    (0): Conv2d(1, 32, kernel_size=(5, 5), stride=(1, 1))
    (1): ReLU(inplace=True)
    (2): MaxPool2d(kernel_size=(2, 2), stride=(2, 2), padding=0, dilation=1, ceil_mode=False)
  )
  (conv2): Sequential(
    (0): Conv2d(32, 64, kernel_size=(5, 5), stride=(1, 1))
    (1): ReLU(inplace=True)
    (2): MaxPool2d(kernel_size=(2, 2), stride=(2, 2), padding=0, dilation=1, ceil_mode=False)
  )
  (fc1): Sequential(
    (0): Linear(in_features=1024, out_features=512, bias=True)
    (1): ReLU(inplace=True)
  )
  (fc): Linear(in_features=512, out_features=10, bias=True)
)

Join ratio / total clients: 0.6 / 20
Finished creating server and clients.

-------------Round number: 0-------------

Evaluate global model
Averaged Train Loss: 2.3125
Averaged Test Accurancy: 0.0583
Averaged Test AUC: 0.4299
Std Test Accurancy: 0.0526
Std Test AUC: 0.1484
------------------------- time cost ------------------------- 4.56009840965271

-------------Round number: 1-------------

Evaluate global model
Averaged Train Loss: 2.3487
Averaged Test Accurancy: 0.1650
Averaged Test AUC: 0.5675
Std Test Accurancy: 0.3265
Std Test AUC: 0.3302
------------------------- time cost ------------------------- 4.644138336181641

-------------Round number: 2-------------

Evaluate global model
Averaged Train Loss: 2.3232
Averaged Test Accurancy: 0.3628
Averaged Test AUC: 0.6036
Std Test Accurancy: 0.4356
Std Test AUC: 0.3552
------------------------- time cost ------------------------- 5.2336015701293945

-------------Round number: 3-------------

Evaluate global model
Averaged Train Loss: 1.5496
Averaged Test Accurancy: 0.3912
Averaged Test AUC: 0.8687
Std Test Accurancy: 0.4186
Std Test AUC: 0.0980
------------------------- time cost ------------------------- 4.211544752120972

-------------Round number: 4-------------

Evaluate global model
Averaged Train Loss: 1.8830
Averaged Test Accurancy: 0.3799
Averaged Test AUC: 0.7820
Std Test Accurancy: 0.4324
Std Test AUC: 0.1908
------------------------- time cost ------------------------- 4.5849549770355225

-------------Round number: 5-------------

Evaluate global model
Averaged Train Loss: 1.1921
Averaged Test Accurancy: 0.5971
Averaged Test AUC: 0.9003
Std Test Accurancy: 0.3056
Std Test AUC: 0.0886
------------------------- time cost ------------------------- 4.321915864944458

-------------Round number: 6-------------

Evaluate global model
Averaged Train Loss: 1.5094
Averaged Test Accurancy: 0.4510
Averaged Test AUC: 0.8550
Std Test Accurancy: 0.3887
Std Test AUC: 0.1322
------------------------- time cost ------------------------- 5.427101373672485

-------------Round number: 7-------------

Evaluate global model
Averaged Train Loss: 1.1087
Averaged Test Accurancy: 0.6299
Averaged Test AUC: 0.9091
Std Test Accurancy: 0.3166
Std Test AUC: 0.0986
------------------------- time cost ------------------------- 4.544886827468872

-------------Round number: 8-------------

Evaluate global model
Averaged Train Loss: 1.1013
Averaged Test Accurancy: 0.6015
Averaged Test AUC: 0.9100
Std Test Accurancy: 0.3103
Std Test AUC: 0.0897
------------------------- time cost ------------------------- 5.239205598831177

-------------Round number: 9-------------

Evaluate global model
Averaged Train Loss: 0.8820
Averaged Test Accurancy: 0.7167
Averaged Test AUC: 0.9418
Std Test Accurancy: 0.1216
Std Test AUC: 0.0236
------------------------- time cost ------------------------- 5.563328742980957

-------------Round number: 10-------------

Evaluate global model
Averaged Train Loss: 0.7880
Averaged Test Accurancy: 0.7380
Averaged Test AUC: 0.9463
Std Test Accurancy: 0.2112
Std Test AUC: 0.0435
------------------------- time cost ------------------------- 4.51858925819397

-------------Round number: 11-------------

Evaluate global model
Averaged Train Loss: 1.1693
Averaged Test Accurancy: 0.5654
Averaged Test AUC: 0.9009
Std Test Accurancy: 0.3564
Std Test AUC: 0.0897
------------------------- time cost ------------------------- 4.893248796463013

-------------Round number: 12-------------

Evaluate global model
Averaged Train Loss: 0.8931
Averaged Test Accurancy: 0.6785
Averaged Test AUC: 0.9319
Std Test Accurancy: 0.2995
Std Test AUC: 0.0664
------------------------- time cost ------------------------- 4.5368475914001465

-------------Round number: 13-------------

Evaluate global model
Averaged Train Loss: 0.8717
Averaged Test Accurancy: 0.6880
Averaged Test AUC: 0.9328
Std Test Accurancy: 0.2980
Std Test AUC: 0.0664
------------------------- time cost ------------------------- 4.486539840698242

-------------Round number: 14-------------

Evaluate global model
Averaged Train Loss: 0.8407
Averaged Test Accurancy: 0.6785
Averaged Test AUC: 0.9431
Std Test Accurancy: 0.1549
Std Test AUC: 0.0257
------------------------- time cost ------------------------- 5.125250816345215

-------------Round number: 15-------------

Evaluate global model
Averaged Train Loss: 0.7576
Averaged Test Accurancy: 0.7279
Averaged Test AUC: 0.9475
Std Test Accurancy: 0.2047
Std Test AUC: 0.0378
------------------------- time cost ------------------------- 4.810026168823242

-------------Round number: 16-------------

Evaluate global model
Averaged Train Loss: 0.6984
Averaged Test Accurancy: 0.7600
Averaged Test AUC: 0.9555
Std Test Accurancy: 0.0896
Std Test AUC: 0.0164
------------------------- time cost ------------------------- 5.914347410202026

-------------Round number: 17-------------

Evaluate global model
Averaged Train Loss: 0.5860
Averaged Test Accurancy: 0.8146
Averaged Test AUC: 0.9636
Std Test Accurancy: 0.0948
Std Test AUC: 0.0175
------------------------- time cost ------------------------- 4.680150985717773

-------------Round number: 18-------------

Evaluate global model
Averaged Train Loss: 0.8166
Averaged Test Accurancy: 0.7133
Averaged Test AUC: 0.9475
Std Test Accurancy: 0.2259
Std Test AUC: 0.0426
------------------------- time cost ------------------------- 5.555887222290039

-------------Round number: 19-------------

Evaluate global model
Averaged Train Loss: 0.6850
Averaged Test Accurancy: 0.7743
Averaged Test AUC: 0.9525
Std Test Accurancy: 0.2679
Std Test AUC: 0.0621
------------------------- time cost ------------------------- 5.838587045669556

-------------Round number: 20-------------

Evaluate global model
Averaged Train Loss: 0.5935
Averaged Test Accurancy: 0.7899
Averaged Test AUC: 0.9607
Std Test Accurancy: 0.1765
Std Test AUC: 0.0344
------------------------- time cost ------------------------- 3.991785764694214

-------------Round number: 21-------------

Evaluate global model
Averaged Train Loss: 0.6923
Averaged Test Accurancy: 0.7652
Averaged Test AUC: 0.9550
Std Test Accurancy: 0.1397
Std Test AUC: 0.0280
------------------------- time cost ------------------------- 4.173189640045166

-------------Round number: 22-------------

Evaluate global model
Averaged Train Loss: 0.8296
Averaged Test Accurancy: 0.7008
Averaged Test AUC: 0.9472
Std Test Accurancy: 0.2248
Std Test AUC: 0.0426
------------------------- time cost ------------------------- 4.644410610198975

-------------Round number: 23-------------

Evaluate global model
Averaged Train Loss: 0.8059
Averaged Test Accurancy: 0.6997
Averaged Test AUC: 0.9397
Std Test Accurancy: 0.2961
Std Test AUC: 0.0728
------------------------- time cost ------------------------- 4.297313451766968

-------------Round number: 24-------------

Evaluate global model
Averaged Train Loss: 0.8246
Averaged Test Accurancy: 0.7047
Averaged Test AUC: 0.9422
Std Test Accurancy: 0.3003
Std Test AUC: 0.0567
------------------------- time cost ------------------------- 5.079396963119507

-------------Round number: 25-------------

Evaluate global model
Averaged Train Loss: 0.5104
Averaged Test Accurancy: 0.8363
Averaged Test AUC: 0.9693
Std Test Accurancy: 0.0618
Std Test AUC: 0.0081
------------------------- time cost ------------------------- 5.600706338882446

-------------Round number: 26-------------

Evaluate global model
Averaged Train Loss: 0.4946
Averaged Test Accurancy: 0.8336
Averaged Test AUC: 0.9688
Std Test Accurancy: 0.0997
Std Test AUC: 0.0213
------------------------- time cost ------------------------- 5.897566080093384

-------------Round number: 27-------------

Evaluate global model
Averaged Train Loss: 0.4531
Averaged Test Accurancy: 0.8540
Averaged Test AUC: 0.9717
Std Test Accurancy: 0.0745
Std Test AUC: 0.0169
------------------------- time cost ------------------------- 5.236701011657715

-------------Round number: 28-------------

Evaluate global model
Averaged Train Loss: 0.5280
Averaged Test Accurancy: 0.8095
Averaged Test AUC: 0.9644
Std Test Accurancy: 0.1313
Std Test AUC: 0.0234
------------------------- time cost ------------------------- 4.295844078063965

-------------Round number: 29-------------

Evaluate global model
Averaged Train Loss: 0.6843
Averaged Test Accurancy: 0.7468
Averaged Test AUC: 0.9532
Std Test Accurancy: 0.2487
Std Test AUC: 0.0460
------------------------- time cost ------------------------- 5.119333267211914

-------------Round number: 30-------------

Evaluate global model
Averaged Train Loss: 0.5226
Averaged Test Accurancy: 0.8193
Averaged Test AUC: 0.9686
Std Test Accurancy: 0.1197
Std Test AUC: 0.0189
------------------------- time cost ------------------------- 5.284307479858398

-------------Round number: 31-------------

Evaluate global model
Averaged Train Loss: 0.4581
Averaged Test Accurancy: 0.8422
Averaged Test AUC: 0.9714
Std Test Accurancy: 0.1139
Std Test AUC: 0.0190
------------------------- time cost ------------------------- 5.739005088806152

-------------Round number: 32-------------

Evaluate global model
Averaged Train Loss: 0.4599
Averaged Test Accurancy: 0.8456
Averaged Test AUC: 0.9732
Std Test Accurancy: 0.1037
Std Test AUC: 0.0146
------------------------- time cost ------------------------- 4.681796312332153

-------------Round number: 33-------------

Evaluate global model
Averaged Train Loss: 0.4642
Averaged Test Accurancy: 0.8378
Averaged Test AUC: 0.9719
Std Test Accurancy: 0.0546
Std Test AUC: 0.0090
------------------------- time cost ------------------------- 4.97650671005249

-------------Round number: 34-------------

Evaluate global model
Averaged Train Loss: 0.5241
Averaged Test Accurancy: 0.8303
Averaged Test AUC: 0.9660
Std Test Accurancy: 0.1383
Std Test AUC: 0.0319
------------------------- time cost ------------------------- 4.746061563491821

-------------Round number: 35-------------

Evaluate global model
Averaged Train Loss: 0.4237
Averaged Test Accurancy: 0.8575
Averaged Test AUC: 0.9737
Std Test Accurancy: 0.0741
Std Test AUC: 0.0132
------------------------- time cost ------------------------- 4.620028018951416

-------------Round number: 36-------------

Evaluate global model
Averaged Train Loss: 0.5519
Averaged Test Accurancy: 0.8192
Averaged Test AUC: 0.9648
Std Test Accurancy: 0.1514
Std Test AUC: 0.0299
------------------------- time cost ------------------------- 5.19236946105957

-------------Round number: 37-------------

Evaluate global model
Averaged Train Loss: 0.5034
Averaged Test Accurancy: 0.8237
Averaged Test AUC: 0.9648
Std Test Accurancy: 0.2385
Std Test AUC: 0.0473
------------------------- time cost ------------------------- 5.586817741394043

-------------Round number: 38-------------

Evaluate global model
Averaged Train Loss: 0.3519
Averaged Test Accurancy: 0.8908
Averaged Test AUC: 0.9781
Std Test Accurancy: 0.0506
Std Test AUC: 0.0116
------------------------- time cost ------------------------- 4.624650716781616

-------------Round number: 39-------------

Evaluate global model
Averaged Train Loss: 0.5474
Averaged Test Accurancy: 0.8094
Averaged Test AUC: 0.9623
Std Test Accurancy: 0.2396
Std Test AUC: 0.0496
------------------------- time cost ------------------------- 5.7986674308776855

-------------Round number: 40-------------

Evaluate global model
Averaged Train Loss: 0.3487
Averaged Test Accurancy: 0.8884
Averaged Test AUC: 0.9787
Std Test Accurancy: 0.0763
Std Test AUC: 0.0138
------------------------- time cost ------------------------- 4.867784261703491

-------------Round number: 41-------------

Evaluate global model
Averaged Train Loss: 0.5208
Averaged Test Accurancy: 0.8160
Averaged Test AUC: 0.9642
Std Test Accurancy: 0.2568
Std Test AUC: 0.0481
------------------------- time cost ------------------------- 4.756469249725342

-------------Round number: 42-------------

Evaluate global model
Averaged Train Loss: 0.4768
Averaged Test Accurancy: 0.8333
Averaged Test AUC: 0.9693
Std Test Accurancy: 0.1013
Std Test AUC: 0.0167
------------------------- time cost ------------------------- 3.9170899391174316

-------------Round number: 43-------------

Evaluate global model
Averaged Train Loss: 0.4670
Averaged Test Accurancy: 0.8409
Averaged Test AUC: 0.9706
Std Test Accurancy: 0.1434
Std Test AUC: 0.0271
------------------------- time cost ------------------------- 5.326399803161621

-------------Round number: 44-------------

Evaluate global model
Averaged Train Loss: 0.4022
Averaged Test Accurancy: 0.8580
Averaged Test AUC: 0.9750
Std Test Accurancy: 0.1342
Std Test AUC: 0.0217
------------------------- time cost ------------------------- 4.12489652633667

-------------Round number: 45-------------

Evaluate global model
Averaged Train Loss: 0.4261
Averaged Test Accurancy: 0.8608
Averaged Test AUC: 0.9737
Std Test Accurancy: 0.0718
Std Test AUC: 0.0120
------------------------- time cost ------------------------- 4.148354530334473

-------------Round number: 46-------------

Evaluate global model
Averaged Train Loss: 0.5049
Averaged Test Accurancy: 0.8199
Averaged Test AUC: 0.9685
Std Test Accurancy: 0.1408
Std Test AUC: 0.0255
------------------------- time cost ------------------------- 4.254590272903442

-------------Round number: 47-------------

Evaluate global model
Averaged Train Loss: 0.4867
Averaged Test Accurancy: 0.8247
Averaged Test AUC: 0.9682
Std Test Accurancy: 0.1338
Std Test AUC: 0.0269
------------------------- time cost ------------------------- 4.750066757202148

-------------Round number: 48-------------

Evaluate global model
Averaged Train Loss: 0.3890
Averaged Test Accurancy: 0.8622
Averaged Test AUC: 0.9771
Std Test Accurancy: 0.1102
Std Test AUC: 0.0166
------------------------- time cost ------------------------- 4.7311577796936035

-------------Round number: 49-------------

Evaluate global model
Averaged Train Loss: 0.6181
Averaged Test Accurancy: 0.8072
Averaged Test AUC: 0.9631
Std Test Accurancy: 0.2548
Std Test AUC: 0.0527
------------------------- time cost ------------------------- 4.173992395401001

-------------Round number: 50-------------

Evaluate global model
Averaged Train Loss: 0.5369
Averaged Test Accurancy: 0.8116
Averaged Test AUC: 0.9677
Std Test Accurancy: 0.2534
Std Test AUC: 0.0421
------------------------- time cost ------------------------- 4.401366472244263

Best accuracy.
0.8907865425258468

Average time cost per round.
4.863375577926636
File path: ../results/MNIST_FedAvg_test_0.h5

Average time cost: 248.65s.
Length:  51
std for best accurancy: 0.0
mean for best accurancy: 0.8907865425258468
All done!

Storage on cuda:0
-------------------------------------------------------------------------------
Total Tensors: 36085612 	Used Memory: 93.31M
The allocated memory on cuda:0: 110.06M
Memory differs due to the matrix alignment or invisible gradient buffer tensors
-------------------------------------------------------------------------------

Total time cost: 248.72s.
