==================================================
goal = test
device = cuda
device_id = 0
dataset = MNIST
num_classes = 10
model = CNN
batch_size = 64
local_learning_rate = 0.01
learning_rate_decay = False
learning_rate_decay_gamma = 0.99
global_rounds = 50
top_cnt = 100
local_epochs = 5
algorithm = PFL-DA
join_ratio = 0.6
random_join_ratio = False
num_clients = 20
prev = 0
times = 1
eval_gap = 1
save_folder_name = items
auto_break = False
dlg_eval = False
dlg_gap = 100
batch_num_per_client = 2
num_new_clients = 0
fine_tuning_epoch_new = 0
feature_dim = 512
vocab_size = 32000
max_len = 200
client_drop_rate = 0.0
train_slow_rate = 0.0
send_slow_rate = 0.0
time_select = False
time_threthold = 10000
beta = 0.0
lamda = 1.0
mu = 0.0
K = 5
p_learning_rate = 0.01
M = 5
itk = 4000
alphaK = 1.0
sigma = 1.0
alpha = 1.0
plocal_epochs = 1
tau = 1.0
fine_tuning_epochs = 10
dr_learning_rate = 0.0
L = 1.0
noise_dim = 512
generator_learning_rate = 0.005
hidden_dim = 512
server_epochs = 1000
localize_feature_extractor = False
server_learning_rate = 1.0
eta = 1.0
rand_percent = 80
layer_idx = 2
mentee_learning_rate = 0.005
T_start = 0.95
T_end = 0.98
momentum = 0.1
kl_weight = 0.0
prune_interval = 5
prune_amount = 0.5
==================================================

============= Running time: 0th =============
Creating server and clients ...
FedAvgCNN(
  (conv1): Sequential(
    (0): Conv2d(1, 32, kernel_size=(5, 5), stride=(1, 1))
    (1): ReLU(inplace=True)
    (2): MaxPool2d(kernel_size=(2, 2), stride=(2, 2), padding=0, dilation=1, ceil_mode=False)
  )
  (conv2): Sequential(
    (0): Conv2d(32, 64, kernel_size=(5, 5), stride=(1, 1))
    (1): ReLU(inplace=True)
    (2): MaxPool2d(kernel_size=(2, 2), stride=(2, 2), padding=0, dilation=1, ceil_mode=False)
  )
  (fc1): Sequential(
    (0): Linear(in_features=1024, out_features=512, bias=True)
    (1): ReLU(inplace=True)
  )
  (fc): Linear(in_features=512, out_features=10, bias=True)
)

Join ratio / total clients: 0.6 / 20
Finished creating server and clients.

-------------Round number: 0-------------

Evaluate personalized models
Averaged Train Loss: 2.3125
Averaged Test Accurancy: 0.0583
Averaged Test AUC: 0.4299
Std Test Accurancy: 0.0526
Std Test AUC: 0.1484
------------------------- time cost ------------------------- 8.228613138198853

-------------Round number: 1-------------

Evaluate personalized models
Averaged Train Loss: 0.8862
Averaged Test Accurancy: 0.6714
Averaged Test AUC: 0.8370
Std Test Accurancy: 0.3978
Std Test AUC: 0.2641
------------------------- time cost ------------------------- 6.093508005142212

-------------Round number: 2-------------

Evaluate personalized models
Averaged Train Loss: 0.3944
Averaged Test Accurancy: 0.8684
Averaged Test AUC: 0.9415
Std Test Accurancy: 0.3210
Std Test AUC: 0.2043
------------------------- time cost ------------------------- 7.486526727676392

-------------Round number: 3-------------

Evaluate personalized models
Averaged Train Loss: 0.2285
Averaged Test Accurancy: 0.9120
Averaged Test AUC: 0.9538
Std Test Accurancy: 0.2773
Std Test AUC: 0.1907
------------------------- time cost ------------------------- 7.3456361293792725

-------------Round number: 4-------------

Evaluate personalized models
Averaged Train Loss: 0.1213
Averaged Test Accurancy: 0.9573
Averaged Test AUC: 0.9874
Std Test Accurancy: 0.1935
Std Test AUC: 0.1081
------------------------- time cost ------------------------- 7.147434711456299

-------------Round number: 5-------------

Evaluate personalized models
Averaged Train Loss: 0.0688
Averaged Test Accurancy: 0.9719
Averaged Test AUC: 0.9988
Std Test Accurancy: 0.1046
Std Test AUC: 0.0057
------------------------- time cost ------------------------- 8.61382246017456

-------------Round number: 6-------------

Evaluate personalized models
Averaged Train Loss: 0.0379
Averaged Test Accurancy: 0.9798
Averaged Test AUC: 0.9991
Std Test Accurancy: 0.0892
Std Test AUC: 0.0055
------------------------- time cost ------------------------- 6.024033546447754

-------------Round number: 7-------------

Evaluate personalized models
Averaged Train Loss: 0.0192
Averaged Test Accurancy: 0.9929
Averaged Test AUC: 0.9999
Std Test Accurancy: 0.0137
Std Test AUC: 0.0005
------------------------- time cost ------------------------- 8.680261850357056

-------------Round number: 8-------------

Evaluate personalized models
Averaged Train Loss: 0.0169
Averaged Test Accurancy: 0.9933
Averaged Test AUC: 0.9999
Std Test Accurancy: 0.0134
Std Test AUC: 0.0004
------------------------- time cost ------------------------- 6.717898845672607

-------------Round number: 9-------------

Evaluate personalized models
Averaged Train Loss: 0.0145
Averaged Test Accurancy: 0.9941
Averaged Test AUC: 0.9999
Std Test Accurancy: 0.0110
Std Test AUC: 0.0003
------------------------- time cost ------------------------- 6.221542596817017

-------------Round number: 10-------------

Evaluate personalized models
Averaged Train Loss: 0.0132
Averaged Test Accurancy: 0.9946
Averaged Test AUC: 0.9999
Std Test Accurancy: 0.0085
Std Test AUC: 0.0002
------------------------- time cost ------------------------- 7.270915746688843

-------------Round number: 11-------------

Evaluate personalized models
Averaged Train Loss: 0.0121
Averaged Test Accurancy: 0.9949
Averaged Test AUC: 0.9999
Std Test Accurancy: 0.0081
Std Test AUC: 0.0002
------------------------- time cost ------------------------- 7.557565927505493

-------------Round number: 12-------------

Evaluate personalized models
Averaged Train Loss: 0.0112
Averaged Test Accurancy: 0.9951
Averaged Test AUC: 0.9999
Std Test Accurancy: 0.0078
Std Test AUC: 0.0002
------------------------- time cost ------------------------- 7.764294147491455

-------------Round number: 13-------------

Evaluate personalized models
Averaged Train Loss: 0.0105
Averaged Test Accurancy: 0.9951
Averaged Test AUC: 0.9999
Std Test Accurancy: 0.0078
Std Test AUC: 0.0002
------------------------- time cost ------------------------- 6.743450403213501

-------------Round number: 14-------------

Evaluate personalized models
Averaged Train Loss: 0.0099
Averaged Test Accurancy: 0.9951
Averaged Test AUC: 0.9999
Std Test Accurancy: 0.0083
Std Test AUC: 0.0001
------------------------- time cost ------------------------- 8.432225227355957

-------------Round number: 15-------------

Evaluate personalized models
Averaged Train Loss: 0.0091
Averaged Test Accurancy: 0.9951
Averaged Test AUC: 0.9999
Std Test Accurancy: 0.0073
Std Test AUC: 0.0001
------------------------- time cost ------------------------- 6.1756346225738525

-------------Round number: 16-------------

Evaluate personalized models
Averaged Train Loss: 0.0083
Averaged Test Accurancy: 0.9954
Averaged Test AUC: 0.9999
Std Test Accurancy: 0.0070
Std Test AUC: 0.0001
------------------------- time cost ------------------------- 7.776106595993042

-------------Round number: 17-------------

Evaluate personalized models
Averaged Train Loss: 0.0077
Averaged Test Accurancy: 0.9958
Averaged Test AUC: 1.0000
Std Test Accurancy: 0.0064
Std Test AUC: 0.0001
------------------------- time cost ------------------------- 7.0042619705200195

-------------Round number: 18-------------

Evaluate personalized models
Averaged Train Loss: 0.0074
Averaged Test Accurancy: 0.9958
Averaged Test AUC: 1.0000
Std Test Accurancy: 0.0066
Std Test AUC: 0.0001
------------------------- time cost ------------------------- 7.333385467529297

-------------Round number: 19-------------

Evaluate personalized models
Averaged Train Loss: 0.0066
Averaged Test Accurancy: 0.9958
Averaged Test AUC: 1.0000
Std Test Accurancy: 0.0059
Std Test AUC: 0.0001
------------------------- time cost ------------------------- 5.947383403778076

-------------Round number: 20-------------

Evaluate personalized models
Averaged Train Loss: 0.0065
Averaged Test Accurancy: 0.9959
Averaged Test AUC: 1.0000
Std Test Accurancy: 0.0072
Std Test AUC: 0.0001
------------------------- time cost ------------------------- 8.091392040252686

-------------Round number: 21-------------

Evaluate personalized models
Averaged Train Loss: 0.0057
Averaged Test Accurancy: 0.9964
Averaged Test AUC: 1.0000
Std Test Accurancy: 0.0058
Std Test AUC: 0.0001
------------------------- time cost ------------------------- 6.863283395767212

-------------Round number: 22-------------

Evaluate personalized models
Averaged Train Loss: 0.0054
Averaged Test Accurancy: 0.9965
Averaged Test AUC: 1.0000
Std Test Accurancy: 0.0059
Std Test AUC: 0.0001
------------------------- time cost ------------------------- 6.9336724281311035

-------------Round number: 23-------------

Evaluate personalized models
Averaged Train Loss: 0.0051
Averaged Test Accurancy: 0.9968
Averaged Test AUC: 1.0000
Std Test Accurancy: 0.0051
Std Test AUC: 0.0001
------------------------- time cost ------------------------- 7.797327995300293

-------------Round number: 24-------------

Evaluate personalized models
Averaged Train Loss: 0.0047
Averaged Test Accurancy: 0.9966
Averaged Test AUC: 1.0000
Std Test Accurancy: 0.0047
Std Test AUC: 0.0001
------------------------- time cost ------------------------- 7.136218309402466

-------------Round number: 25-------------

Evaluate personalized models
Averaged Train Loss: 0.0045
Averaged Test Accurancy: 0.9966
Averaged Test AUC: 1.0000
Std Test Accurancy: 0.0042
Std Test AUC: 0.0001
------------------------- time cost ------------------------- 6.269428968429565

-------------Round number: 26-------------

Evaluate personalized models
Averaged Train Loss: 0.0041
Averaged Test Accurancy: 0.9967
Averaged Test AUC: 1.0000
Std Test Accurancy: 0.0044
Std Test AUC: 0.0001
------------------------- time cost ------------------------- 7.801147699356079

-------------Round number: 27-------------

Evaluate personalized models
Averaged Train Loss: 0.0038
Averaged Test Accurancy: 0.9965
Averaged Test AUC: 1.0000
Std Test Accurancy: 0.0054
Std Test AUC: 0.0001
------------------------- time cost ------------------------- 7.957818508148193

-------------Round number: 28-------------

Evaluate personalized models
Averaged Train Loss: 0.0036
Averaged Test Accurancy: 0.9963
Averaged Test AUC: 1.0000
Std Test Accurancy: 0.0059
Std Test AUC: 0.0001
------------------------- time cost ------------------------- 8.504841327667236

-------------Round number: 29-------------

Evaluate personalized models
Averaged Train Loss: 0.0035
Averaged Test Accurancy: 0.9965
Averaged Test AUC: 1.0000
Std Test Accurancy: 0.0044
Std Test AUC: 0.0001
------------------------- time cost ------------------------- 7.331664323806763

-------------Round number: 30-------------

Evaluate personalized models
Averaged Train Loss: 0.0030
Averaged Test Accurancy: 0.9970
Averaged Test AUC: 1.0000
Std Test Accurancy: 0.0043
Std Test AUC: 0.0001
------------------------- time cost ------------------------- 7.333106994628906

-------------Round number: 31-------------

Evaluate personalized models
Averaged Train Loss: 0.0028
Averaged Test Accurancy: 0.9968
Averaged Test AUC: 1.0000
Std Test Accurancy: 0.0047
Std Test AUC: 0.0001
------------------------- time cost ------------------------- 8.010847330093384

-------------Round number: 32-------------

Evaluate personalized models
Averaged Train Loss: 0.0026
Averaged Test Accurancy: 0.9970
Averaged Test AUC: 1.0000
Std Test Accurancy: 0.0045
Std Test AUC: 0.0001
------------------------- time cost ------------------------- 7.67501974105835

-------------Round number: 33-------------

Evaluate personalized models
Averaged Train Loss: 0.0023
Averaged Test Accurancy: 0.9970
Averaged Test AUC: 1.0000
Std Test Accurancy: 0.0042
Std Test AUC: 0.0001
------------------------- time cost ------------------------- 8.622819662094116

-------------Round number: 34-------------

Evaluate personalized models
Averaged Train Loss: 0.0022
Averaged Test Accurancy: 0.9969
Averaged Test AUC: 1.0000
Std Test Accurancy: 0.0044
Std Test AUC: 0.0000
------------------------- time cost ------------------------- 7.959496974945068

-------------Round number: 35-------------

Evaluate personalized models
Averaged Train Loss: 0.0021
Averaged Test Accurancy: 0.9969
Averaged Test AUC: 1.0000
Std Test Accurancy: 0.0050
Std Test AUC: 0.0000
------------------------- time cost ------------------------- 7.03887152671814

-------------Round number: 36-------------

Evaluate personalized models
Averaged Train Loss: 0.0021
Averaged Test Accurancy: 0.9969
Averaged Test AUC: 1.0000
Std Test Accurancy: 0.0049
Std Test AUC: 0.0000
------------------------- time cost ------------------------- 8.692293643951416

-------------Round number: 37-------------

Evaluate personalized models
Averaged Train Loss: 0.0019
Averaged Test Accurancy: 0.9969
Averaged Test AUC: 1.0000
Std Test Accurancy: 0.0050
Std Test AUC: 0.0000
------------------------- time cost ------------------------- 7.978784799575806

-------------Round number: 38-------------

Evaluate personalized models
Averaged Train Loss: 0.0017
Averaged Test Accurancy: 0.9967
Averaged Test AUC: 1.0000
Std Test Accurancy: 0.0045
Std Test AUC: 0.0000
------------------------- time cost ------------------------- 6.907890796661377

-------------Round number: 39-------------

Evaluate personalized models
Averaged Train Loss: 0.0016
Averaged Test Accurancy: 0.9973
Averaged Test AUC: 1.0000
Std Test Accurancy: 0.0037
Std Test AUC: 0.0000
------------------------- time cost ------------------------- 9.21208381652832

-------------Round number: 40-------------

Evaluate personalized models
Averaged Train Loss: 0.0015
Averaged Test Accurancy: 0.9974
Averaged Test AUC: 1.0000
Std Test Accurancy: 0.0039
Std Test AUC: 0.0000
------------------------- time cost ------------------------- 7.4136316776275635

-------------Round number: 41-------------

Evaluate personalized models
Averaged Train Loss: 0.0015
Averaged Test Accurancy: 0.9974
Averaged Test AUC: 1.0000
Std Test Accurancy: 0.0042
Std Test AUC: 0.0000
------------------------- time cost ------------------------- 7.564118385314941

-------------Round number: 42-------------

Evaluate personalized models
Averaged Train Loss: 0.0014
Averaged Test Accurancy: 0.9974
Averaged Test AUC: 1.0000
Std Test Accurancy: 0.0038
Std Test AUC: 0.0000
------------------------- time cost ------------------------- 6.985046863555908

-------------Round number: 43-------------

Evaluate personalized models
Averaged Train Loss: 0.0013
Averaged Test Accurancy: 0.9972
Averaged Test AUC: 1.0000
Std Test Accurancy: 0.0038
Std Test AUC: 0.0000
------------------------- time cost ------------------------- 6.412158012390137

-------------Round number: 44-------------

Evaluate personalized models
Averaged Train Loss: 0.0013
Averaged Test Accurancy: 0.9974
Averaged Test AUC: 1.0000
Std Test Accurancy: 0.0033
Std Test AUC: 0.0000
------------------------- time cost ------------------------- 7.298057794570923

-------------Round number: 45-------------

Evaluate personalized models
Averaged Train Loss: 0.0013
Averaged Test Accurancy: 0.9972
Averaged Test AUC: 1.0000
Std Test Accurancy: 0.0046
Std Test AUC: 0.0000
------------------------- time cost ------------------------- 7.2360429763793945

-------------Round number: 46-------------

Evaluate personalized models
Averaged Train Loss: 0.0012
Averaged Test Accurancy: 0.9973
Averaged Test AUC: 1.0000
Std Test Accurancy: 0.0037
Std Test AUC: 0.0000
------------------------- time cost ------------------------- 6.8753745555877686

-------------Round number: 47-------------

Evaluate personalized models
Averaged Train Loss: 0.0011
Averaged Test Accurancy: 0.9971
Averaged Test AUC: 1.0000
Std Test Accurancy: 0.0036
Std Test AUC: 0.0000
------------------------- time cost ------------------------- 5.876632928848267

-------------Round number: 48-------------

Evaluate personalized models
Averaged Train Loss: 0.0010
Averaged Test Accurancy: 0.9973
Averaged Test AUC: 1.0000
Std Test Accurancy: 0.0037
Std Test AUC: 0.0000
------------------------- time cost ------------------------- 5.7185118198394775

-------------Round number: 49-------------

Evaluate personalized models
Averaged Train Loss: 0.0010
Averaged Test Accurancy: 0.9975
Averaged Test AUC: 1.0000
Std Test Accurancy: 0.0033
Std Test AUC: 0.0000
------------------------- time cost ------------------------- 5.615816116333008

-------------Round number: 50-------------

Evaluate personalized models
Averaged Train Loss: 0.0010
Averaged Test Accurancy: 0.9974
Averaged Test AUC: 1.0000
Std Test Accurancy: 0.0032
Std Test AUC: 0.0000
------------------------- time cost ------------------------- 6.884771347045898

Best accuracy.
0.9975438396070143

Average time cost per round.
7.286681222915649
File path: ../results/MNIST_PFL-DA_test_0.h5

Average time cost: 373.26s.
Length:  51
std for best accurancy: 0.0
mean for best accurancy: 0.9975438396070143
All done!

Storage on cuda:0
-------------------------------------------------------------------------------
Total Tensors: 35611316 	Used Memory: 91.51M
The allocated memory on cuda:0: 109.01M
Memory differs due to the matrix alignment or invisible gradient buffer tensors
-------------------------------------------------------------------------------

Total time cost: 373.34s.
