==================================================
goal = test
device = cuda
device_id = 0
dataset = MNIST
num_classes = 10
model = CNN
batch_size = 64
local_learning_rate = 0.01
learning_rate_decay = False
learning_rate_decay_gamma = 0.99
global_rounds = 50
top_cnt = 100
local_epochs = 5
algorithm = PFL-DA
join_ratio = 0.8
random_join_ratio = False
num_clients = 20
prev = 0
times = 1
eval_gap = 1
save_folder_name = items
auto_break = False
dlg_eval = False
dlg_gap = 100
batch_num_per_client = 2
num_new_clients = 0
fine_tuning_epoch_new = 0
feature_dim = 512
vocab_size = 32000
max_len = 200
client_drop_rate = 0.0
train_slow_rate = 0.0
send_slow_rate = 0.0
time_select = False
time_threthold = 10000
beta = 0.0
lamda = 1.0
mu = 0.0
K = 5
p_learning_rate = 0.01
M = 5
itk = 4000
alphaK = 1.0
sigma = 1.0
alpha = 1.0
plocal_epochs = 1
tau = 1.0
fine_tuning_epochs = 10
dr_learning_rate = 0.0
L = 1.0
noise_dim = 512
generator_learning_rate = 0.005
hidden_dim = 512
server_epochs = 1000
localize_feature_extractor = False
server_learning_rate = 1.0
eta = 1.0
rand_percent = 80
layer_idx = 2
mentee_learning_rate = 0.005
T_start = 0.95
T_end = 0.98
momentum = 0.1
kl_weight = 0.0
prune_interval = 5
prune_amount = 0.5
==================================================

============= Running time: 0th =============
Creating server and clients ...
FedAvgCNN(
  (conv1): Sequential(
    (0): Conv2d(1, 32, kernel_size=(5, 5), stride=(1, 1))
    (1): ReLU(inplace=True)
    (2): MaxPool2d(kernel_size=(2, 2), stride=(2, 2), padding=0, dilation=1, ceil_mode=False)
  )
  (conv2): Sequential(
    (0): Conv2d(32, 64, kernel_size=(5, 5), stride=(1, 1))
    (1): ReLU(inplace=True)
    (2): MaxPool2d(kernel_size=(2, 2), stride=(2, 2), padding=0, dilation=1, ceil_mode=False)
  )
  (fc1): Sequential(
    (0): Linear(in_features=1024, out_features=512, bias=True)
    (1): ReLU(inplace=True)
  )
  (fc): Linear(in_features=512, out_features=10, bias=True)
)

Join ratio / total clients: 0.8 / 20
Finished creating server and clients.

-------------Round number: 0-------------

Evaluate personalized models
Averaged Train Loss: 2.3125
Averaged Test Accurancy: 0.0583
Averaged Test AUC: 0.4299
Std Test Accurancy: 0.0526
Std Test AUC: 0.1484
------------------------- time cost ------------------------- 9.488773345947266

-------------Round number: 1-------------

Evaluate personalized models
Averaged Train Loss: 0.6778
Averaged Test Accurancy: 0.7668
Averaged Test AUC: 0.9035
Std Test Accurancy: 0.3450
Std Test AUC: 0.2477
------------------------- time cost ------------------------- 9.557943105697632

-------------Round number: 2-------------

Evaluate personalized models
Averaged Train Loss: 0.1665
Averaged Test Accurancy: 0.9368
Averaged Test AUC: 0.9860
Std Test Accurancy: 0.2428
Std Test AUC: 0.1349
------------------------- time cost ------------------------- 10.210572004318237

-------------Round number: 3-------------

Evaluate personalized models
Averaged Train Loss: 0.0849
Averaged Test Accurancy: 0.9679
Averaged Test AUC: 0.9877
Std Test Accurancy: 0.2231
Std Test AUC: 0.1354
------------------------- time cost ------------------------- 10.110782384872437

-------------Round number: 4-------------

Evaluate personalized models
Averaged Train Loss: 0.0663
Averaged Test Accurancy: 0.9729
Averaged Test AUC: 0.9880
Std Test Accurancy: 0.2145
Std Test AUC: 0.1355
------------------------- time cost ------------------------- 9.517175436019897

-------------Round number: 5-------------

Evaluate personalized models
Averaged Train Loss: 0.0622
Averaged Test Accurancy: 0.9738
Averaged Test AUC: 0.9880
Std Test Accurancy: 0.2147
Std Test AUC: 0.1355
------------------------- time cost ------------------------- 9.741636037826538

-------------Round number: 6-------------

Evaluate personalized models
Averaged Train Loss: 0.0398
Averaged Test Accurancy: 0.9898
Averaged Test AUC: 0.9998
Std Test Accurancy: 0.0403
Std Test AUC: 0.0013
------------------------- time cost ------------------------- 8.197476863861084

-------------Round number: 7-------------

Evaluate personalized models
Averaged Train Loss: 0.0376
Averaged Test Accurancy: 0.9912
Averaged Test AUC: 0.9998
Std Test Accurancy: 0.0395
Std Test AUC: 0.0012
------------------------- time cost ------------------------- 8.927804946899414

-------------Round number: 8-------------

Evaluate personalized models
Averaged Train Loss: 0.0139
Averaged Test Accurancy: 0.9943
Averaged Test AUC: 0.9999
Std Test Accurancy: 0.0108
Std Test AUC: 0.0003
------------------------- time cost ------------------------- 8.153280019760132

-------------Round number: 9-------------

Evaluate personalized models
Averaged Train Loss: 0.0118
Averaged Test Accurancy: 0.9946
Averaged Test AUC: 0.9999
Std Test Accurancy: 0.0099
Std Test AUC: 0.0002
------------------------- time cost ------------------------- 8.17496943473816

-------------Round number: 10-------------

Evaluate personalized models
Averaged Train Loss: 0.0113
Averaged Test Accurancy: 0.9949
Averaged Test AUC: 0.9999
Std Test Accurancy: 0.0089
Std Test AUC: 0.0002
------------------------- time cost ------------------------- 9.015264749526978

-------------Round number: 11-------------

Evaluate personalized models
Averaged Train Loss: 0.0095
Averaged Test Accurancy: 0.9953
Averaged Test AUC: 0.9999
Std Test Accurancy: 0.0079
Std Test AUC: 0.0002
------------------------- time cost ------------------------- 9.368952989578247

-------------Round number: 12-------------

Evaluate personalized models
Averaged Train Loss: 0.0084
Averaged Test Accurancy: 0.9957
Averaged Test AUC: 0.9999
Std Test Accurancy: 0.0075
Std Test AUC: 0.0001
------------------------- time cost ------------------------- 9.167536497116089

-------------Round number: 13-------------

Evaluate personalized models
Averaged Train Loss: 0.0076
Averaged Test Accurancy: 0.9956
Averaged Test AUC: 0.9999
Std Test Accurancy: 0.0065
Std Test AUC: 0.0001
------------------------- time cost ------------------------- 10.274154901504517

-------------Round number: 14-------------

Evaluate personalized models
Averaged Train Loss: 0.0068
Averaged Test Accurancy: 0.9963
Averaged Test AUC: 1.0000
Std Test Accurancy: 0.0061
Std Test AUC: 0.0001
------------------------- time cost ------------------------- 9.12272024154663

-------------Round number: 15-------------

Evaluate personalized models
Averaged Train Loss: 0.0062
Averaged Test Accurancy: 0.9963
Averaged Test AUC: 1.0000
Std Test Accurancy: 0.0070
Std Test AUC: 0.0001
------------------------- time cost ------------------------- 9.563141584396362

-------------Round number: 16-------------

Evaluate personalized models
Averaged Train Loss: 0.0057
Averaged Test Accurancy: 0.9961
Averaged Test AUC: 1.0000
Std Test Accurancy: 0.0061
Std Test AUC: 0.0001
------------------------- time cost ------------------------- 9.821835279464722

-------------Round number: 17-------------

Evaluate personalized models
Averaged Train Loss: 0.0051
Averaged Test Accurancy: 0.9966
Averaged Test AUC: 1.0000
Std Test Accurancy: 0.0049
Std Test AUC: 0.0001
------------------------- time cost ------------------------- 10.024390697479248

-------------Round number: 18-------------

Evaluate personalized models
Averaged Train Loss: 0.0047
Averaged Test Accurancy: 0.9967
Averaged Test AUC: 1.0000
Std Test Accurancy: 0.0048
Std Test AUC: 0.0001
------------------------- time cost ------------------------- 9.87629771232605

-------------Round number: 19-------------

Evaluate personalized models
Averaged Train Loss: 0.0043
Averaged Test Accurancy: 0.9967
Averaged Test AUC: 1.0000
Std Test Accurancy: 0.0049
Std Test AUC: 0.0001
------------------------- time cost ------------------------- 9.078622817993164

-------------Round number: 20-------------

Evaluate personalized models
Averaged Train Loss: 0.0040
Averaged Test Accurancy: 0.9963
Averaged Test AUC: 1.0000
Std Test Accurancy: 0.0055
Std Test AUC: 0.0001
------------------------- time cost ------------------------- 8.257722616195679

-------------Round number: 21-------------

Evaluate personalized models
Averaged Train Loss: 0.0036
Averaged Test Accurancy: 0.9967
Averaged Test AUC: 1.0000
Std Test Accurancy: 0.0049
Std Test AUC: 0.0001
------------------------- time cost ------------------------- 8.127124547958374

-------------Round number: 22-------------

Evaluate personalized models
Averaged Train Loss: 0.0032
Averaged Test Accurancy: 0.9965
Averaged Test AUC: 1.0000
Std Test Accurancy: 0.0048
Std Test AUC: 0.0001
------------------------- time cost ------------------------- 9.122746706008911

-------------Round number: 23-------------

Evaluate personalized models
Averaged Train Loss: 0.0031
Averaged Test Accurancy: 0.9972
Averaged Test AUC: 1.0000
Std Test Accurancy: 0.0046
Std Test AUC: 0.0001
------------------------- time cost ------------------------- 8.716870784759521

-------------Round number: 24-------------

Evaluate personalized models
Averaged Train Loss: 0.0028
Averaged Test Accurancy: 0.9970
Averaged Test AUC: 1.0000
Std Test Accurancy: 0.0049
Std Test AUC: 0.0000
------------------------- time cost ------------------------- 9.381990194320679

-------------Round number: 25-------------

Evaluate personalized models
Averaged Train Loss: 0.0028
Averaged Test Accurancy: 0.9966
Averaged Test AUC: 1.0000
Std Test Accurancy: 0.0047
Std Test AUC: 0.0001
------------------------- time cost ------------------------- 9.728137969970703

-------------Round number: 26-------------

Evaluate personalized models
Averaged Train Loss: 0.0023
Averaged Test Accurancy: 0.9971
Averaged Test AUC: 1.0000
Std Test Accurancy: 0.0042
Std Test AUC: 0.0000
------------------------- time cost ------------------------- 9.056460857391357

-------------Round number: 27-------------

Evaluate personalized models
Averaged Train Loss: 0.0020
Averaged Test Accurancy: 0.9971
Averaged Test AUC: 1.0000
Std Test Accurancy: 0.0043
Std Test AUC: 0.0001
------------------------- time cost ------------------------- 10.106783390045166

-------------Round number: 28-------------

Evaluate personalized models
Averaged Train Loss: 0.0019
Averaged Test Accurancy: 0.9971
Averaged Test AUC: 1.0000
Std Test Accurancy: 0.0043
Std Test AUC: 0.0001
------------------------- time cost ------------------------- 9.025853395462036

-------------Round number: 29-------------

Evaluate personalized models
Averaged Train Loss: 0.0018
Averaged Test Accurancy: 0.9972
Averaged Test AUC: 1.0000
Std Test Accurancy: 0.0040
Std Test AUC: 0.0000
------------------------- time cost ------------------------- 10.016399145126343

-------------Round number: 30-------------

Evaluate personalized models
Averaged Train Loss: 0.0017
Averaged Test Accurancy: 0.9973
Averaged Test AUC: 1.0000
Std Test Accurancy: 0.0040
Std Test AUC: 0.0000
------------------------- time cost ------------------------- 9.125709533691406

-------------Round number: 31-------------

Evaluate personalized models
Averaged Train Loss: 0.0015
Averaged Test Accurancy: 0.9973
Averaged Test AUC: 1.0000
Std Test Accurancy: 0.0043
Std Test AUC: 0.0000
------------------------- time cost ------------------------- 9.034111022949219

-------------Round number: 32-------------

Evaluate personalized models
Averaged Train Loss: 0.0014
Averaged Test Accurancy: 0.9974
Averaged Test AUC: 1.0000
Std Test Accurancy: 0.0040
Std Test AUC: 0.0000
------------------------- time cost ------------------------- 9.016036987304688

-------------Round number: 33-------------

Evaluate personalized models
Averaged Train Loss: 0.0013
Averaged Test Accurancy: 0.9974
Averaged Test AUC: 1.0000
Std Test Accurancy: 0.0042
Std Test AUC: 0.0000
------------------------- time cost ------------------------- 8.876147747039795

-------------Round number: 34-------------

Evaluate personalized models
Averaged Train Loss: 0.0013
Averaged Test Accurancy: 0.9977
Averaged Test AUC: 1.0000
Std Test Accurancy: 0.0032
Std Test AUC: 0.0000
------------------------- time cost ------------------------- 8.6638925075531

-------------Round number: 35-------------

Evaluate personalized models
Averaged Train Loss: 0.0011
Averaged Test Accurancy: 0.9975
Averaged Test AUC: 1.0000
Std Test Accurancy: 0.0036
Std Test AUC: 0.0000
------------------------- time cost ------------------------- 7.349381923675537

-------------Round number: 36-------------

Evaluate personalized models
Averaged Train Loss: 0.0011
Averaged Test Accurancy: 0.9973
Averaged Test AUC: 1.0000
Std Test Accurancy: 0.0036
Std Test AUC: 0.0000
------------------------- time cost ------------------------- 9.16404128074646

-------------Round number: 37-------------

Evaluate personalized models
Averaged Train Loss: 0.0010
Averaged Test Accurancy: 0.9973
Averaged Test AUC: 1.0000
Std Test Accurancy: 0.0038
Std Test AUC: 0.0000
------------------------- time cost ------------------------- 9.06280255317688

-------------Round number: 38-------------

Evaluate personalized models
Averaged Train Loss: 0.0009
Averaged Test Accurancy: 0.9975
Averaged Test AUC: 1.0000
Std Test Accurancy: 0.0036
Std Test AUC: 0.0000
------------------------- time cost ------------------------- 8.036930322647095

-------------Round number: 39-------------

Evaluate personalized models
Averaged Train Loss: 0.0009
Averaged Test Accurancy: 0.9975
Averaged Test AUC: 1.0000
Std Test Accurancy: 0.0036
Std Test AUC: 0.0000
------------------------- time cost ------------------------- 9.071035385131836

-------------Round number: 40-------------

Evaluate personalized models
Averaged Train Loss: 0.0008
Averaged Test Accurancy: 0.9974
Averaged Test AUC: 1.0000
Std Test Accurancy: 0.0039
Std Test AUC: 0.0000
------------------------- time cost ------------------------- 10.023329257965088

-------------Round number: 41-------------

Evaluate personalized models
Averaged Train Loss: 0.0008
Averaged Test Accurancy: 0.9975
Averaged Test AUC: 1.0000
Std Test Accurancy: 0.0037
Std Test AUC: 0.0000
------------------------- time cost ------------------------- 8.605322122573853

-------------Round number: 42-------------

Evaluate personalized models
Averaged Train Loss: 0.0007
Averaged Test Accurancy: 0.9975
Averaged Test AUC: 1.0000
Std Test Accurancy: 0.0034
Std Test AUC: 0.0000
------------------------- time cost ------------------------- 9.8310706615448

-------------Round number: 43-------------

Evaluate personalized models
Averaged Train Loss: 0.0007
Averaged Test Accurancy: 0.9975
Averaged Test AUC: 1.0000
Std Test Accurancy: 0.0035
Std Test AUC: 0.0000
------------------------- time cost ------------------------- 8.94657588005066

-------------Round number: 44-------------

Evaluate personalized models
Averaged Train Loss: 0.0006
Averaged Test Accurancy: 0.9977
Averaged Test AUC: 1.0000
Std Test Accurancy: 0.0033
Std Test AUC: 0.0000
------------------------- time cost ------------------------- 9.418880939483643

-------------Round number: 45-------------

Evaluate personalized models
Averaged Train Loss: 0.0006
Averaged Test Accurancy: 0.9975
Averaged Test AUC: 1.0000
Std Test Accurancy: 0.0035
Std Test AUC: 0.0000
------------------------- time cost ------------------------- 8.079803943634033

-------------Round number: 46-------------

Evaluate personalized models
Averaged Train Loss: 0.0006
Averaged Test Accurancy: 0.9975
Averaged Test AUC: 1.0000
Std Test Accurancy: 0.0034
Std Test AUC: 0.0000
------------------------- time cost ------------------------- 8.703980684280396

-------------Round number: 47-------------

Evaluate personalized models
Averaged Train Loss: 0.0005
Averaged Test Accurancy: 0.9976
Averaged Test AUC: 1.0000
Std Test Accurancy: 0.0035
Std Test AUC: 0.0000
------------------------- time cost ------------------------- 8.920636415481567

-------------Round number: 48-------------

Evaluate personalized models
Averaged Train Loss: 0.0005
Averaged Test Accurancy: 0.9975
Averaged Test AUC: 1.0000
Std Test Accurancy: 0.0035
Std Test AUC: 0.0000
------------------------- time cost ------------------------- 8.982186555862427

-------------Round number: 49-------------

Evaluate personalized models
Averaged Train Loss: 0.0005
Averaged Test Accurancy: 0.9976
Averaged Test AUC: 1.0000
Std Test Accurancy: 0.0034
Std Test AUC: 0.0000
------------------------- time cost ------------------------- 8.942746639251709

-------------Round number: 50-------------

Evaluate personalized models
Averaged Train Loss: 0.0005
Averaged Test Accurancy: 0.9975
Averaged Test AUC: 1.0000
Std Test Accurancy: 0.0035
Std Test AUC: 0.0000
------------------------- time cost ------------------------- 9.73268175125122

Best accuracy.
0.9977151996344319

Average time cost per round.
9.140639028549195
File path: ../results/MNIST_PFL-DA_test_0.h5

Average time cost: 467.2s.
Length:  51
std for best accurancy: 0.0
mean for best accurancy: 0.9977151996344319
All done!

Storage on cuda:0
-------------------------------------------------------------------------------
Total Tensors: 35611316 	Used Memory: 91.51M
The allocated memory on cuda:0: 107.76M
Memory differs due to the matrix alignment or invisible gradient buffer tensors
-------------------------------------------------------------------------------

Total time cost: 467.27s.
