==================================================
goal = test
device = cuda
device_id = 0
dataset = MNIST
num_classes = 10
model = CNN
batch_size = 128
local_learning_rate = 0.01
learning_rate_decay = False
learning_rate_decay_gamma = 0.99
global_rounds = 50
top_cnt = 100
local_epochs = 5
algorithm = MOON
join_ratio = 0.8
random_join_ratio = False
num_clients = 20
prev = 0
times = 1
eval_gap = 1
save_folder_name = items
auto_break = False
dlg_eval = False
dlg_gap = 100
batch_num_per_client = 2
num_new_clients = 0
fine_tuning_epoch_new = 0
feature_dim = 512
vocab_size = 32000
max_len = 200
client_drop_rate = 0.0
train_slow_rate = 0.0
send_slow_rate = 0.0
time_select = False
time_threthold = 10000
beta = 0.0
lamda = 1.0
mu = 0.0
K = 5
p_learning_rate = 0.01
M = 5
itk = 4000
alphaK = 1.0
sigma = 1.0
alpha = 1.0
plocal_epochs = 1
tau = 1.0
fine_tuning_epochs = 10
dr_learning_rate = 0.0
L = 1.0
noise_dim = 512
generator_learning_rate = 0.005
hidden_dim = 512
server_epochs = 1000
localize_feature_extractor = False
server_learning_rate = 1.0
eta = 1.0
rand_percent = 80
layer_idx = 2
mentee_learning_rate = 0.005
T_start = 0.95
T_end = 0.98
momentum = 0.1
kl_weight = 0.0
prune_interval = 5
prune_amount = 0.5
==================================================

============= Running time: 0th =============
Creating server and clients ...
FedAvgCNN(
  (conv1): Sequential(
    (0): Conv2d(1, 32, kernel_size=(5, 5), stride=(1, 1))
    (1): ReLU(inplace=True)
    (2): MaxPool2d(kernel_size=(2, 2), stride=(2, 2), padding=0, dilation=1, ceil_mode=False)
  )
  (conv2): Sequential(
    (0): Conv2d(32, 64, kernel_size=(5, 5), stride=(1, 1))
    (1): ReLU(inplace=True)
    (2): MaxPool2d(kernel_size=(2, 2), stride=(2, 2), padding=0, dilation=1, ceil_mode=False)
  )
  (fc1): Sequential(
    (0): Linear(in_features=1024, out_features=512, bias=True)
    (1): ReLU(inplace=True)
  )
  (fc): Linear(in_features=512, out_features=10, bias=True)
)

Join ratio / total clients: 0.8 / 20
Finished creating server and clients.

-------------Round number: 0-------------

Evaluate global model
Averaged Train Loss: 2.3124
Averaged Test Accurancy: 0.0583
Averaged Test AUC: 0.4299
Std Test Accurancy: 0.0526
Std Test AUC: 0.1484
-------------------------------------------------- 8.371659517288208

-------------Round number: 1-------------

Evaluate global model
Averaged Train Loss: 2.2290
Averaged Test Accurancy: 0.1654
Averaged Test AUC: 0.6241
Std Test Accurancy: 0.3317
Std Test AUC: 0.3193
-------------------------------------------------- 7.580701112747192

-------------Round number: 2-------------

Evaluate global model
Averaged Train Loss: 2.0589
Averaged Test Accurancy: 0.3460
Averaged Test AUC: 0.6861
Std Test Accurancy: 0.3604
Std Test AUC: 0.2888
-------------------------------------------------- 7.725592851638794

-------------Round number: 3-------------

Evaluate global model
Averaged Train Loss: 1.7794
Averaged Test Accurancy: 0.3545
Averaged Test AUC: 0.7733
Std Test Accurancy: 0.3697
Std Test AUC: 0.2081
-------------------------------------------------- 7.9760541915893555

-------------Round number: 4-------------

Evaluate global model
Averaged Train Loss: 1.4755
Averaged Test Accurancy: 0.5958
Averaged Test AUC: 0.8765
Std Test Accurancy: 0.3286
Std Test AUC: 0.1507
-------------------------------------------------- 8.046559572219849

-------------Round number: 5-------------

Evaluate global model
Averaged Train Loss: 1.3997
Averaged Test Accurancy: 0.6264
Averaged Test AUC: 0.8707
Std Test Accurancy: 0.3116
Std Test AUC: 0.1804
-------------------------------------------------- 7.514484882354736

-------------Round number: 6-------------

Evaluate global model
Averaged Train Loss: 1.2379
Averaged Test Accurancy: 0.5934
Averaged Test AUC: 0.9214
Std Test Accurancy: 0.1930
Std Test AUC: 0.0364
-------------------------------------------------- 8.95601749420166

-------------Round number: 7-------------

Evaluate global model
Averaged Train Loss: 1.0313
Averaged Test Accurancy: 0.7202
Averaged Test AUC: 0.9368
Std Test Accurancy: 0.1680
Std Test AUC: 0.0428
-------------------------------------------------- 8.758129119873047

-------------Round number: 8-------------

Evaluate global model
Averaged Train Loss: 0.9889
Averaged Test Accurancy: 0.7095
Averaged Test AUC: 0.9336
Std Test Accurancy: 0.2200
Std Test AUC: 0.0543
-------------------------------------------------- 8.855711698532104

-------------Round number: 9-------------

Evaluate global model
Averaged Train Loss: 0.9027
Averaged Test Accurancy: 0.7366
Averaged Test AUC: 0.9418
Std Test Accurancy: 0.1595
Std Test AUC: 0.0395
-------------------------------------------------- 8.816097497940063

-------------Round number: 10-------------

Evaluate global model
Averaged Train Loss: 0.8684
Averaged Test Accurancy: 0.7465
Averaged Test AUC: 0.9460
Std Test Accurancy: 0.1486
Std Test AUC: 0.0290
-------------------------------------------------- 7.766725301742554

-------------Round number: 11-------------

Evaluate global model
Averaged Train Loss: 0.9422
Averaged Test Accurancy: 0.6999
Averaged Test AUC: 0.9299
Std Test Accurancy: 0.2359
Std Test AUC: 0.0670
-------------------------------------------------- 7.547348976135254

-------------Round number: 12-------------

Evaluate global model
Averaged Train Loss: 0.9246
Averaged Test Accurancy: 0.6728
Averaged Test AUC: 0.9294
Std Test Accurancy: 0.2743
Std Test AUC: 0.0639
-------------------------------------------------- 8.926069498062134

-------------Round number: 13-------------

Evaluate global model
Averaged Train Loss: 0.7568
Averaged Test Accurancy: 0.7788
Averaged Test AUC: 0.9540
Std Test Accurancy: 0.0773
Std Test AUC: 0.0160
-------------------------------------------------- 8.992026090621948

-------------Round number: 14-------------

Evaluate global model
Averaged Train Loss: 0.7284
Averaged Test Accurancy: 0.7785
Averaged Test AUC: 0.9544
Std Test Accurancy: 0.1017
Std Test AUC: 0.0226
-------------------------------------------------- 8.760733127593994

-------------Round number: 15-------------

Evaluate global model
Averaged Train Loss: 0.7151
Averaged Test Accurancy: 0.7815
Averaged Test AUC: 0.9534
Std Test Accurancy: 0.1096
Std Test AUC: 0.0258
-------------------------------------------------- 9.156799554824829

-------------Round number: 16-------------

Evaluate global model
Averaged Train Loss: 0.6956
Averaged Test Accurancy: 0.7944
Averaged Test AUC: 0.9575
Std Test Accurancy: 0.0961
Std Test AUC: 0.0198
-------------------------------------------------- 8.124851703643799

-------------Round number: 17-------------

Evaluate global model
Averaged Train Loss: 0.7903
Averaged Test Accurancy: 0.7361
Averaged Test AUC: 0.9390
Std Test Accurancy: 0.2876
Std Test AUC: 0.0762
-------------------------------------------------- 8.71499228477478

-------------Round number: 18-------------

Evaluate global model
Averaged Train Loss: 0.6585
Averaged Test Accurancy: 0.8003
Averaged Test AUC: 0.9574
Std Test Accurancy: 0.1062
Std Test AUC: 0.0234
-------------------------------------------------- 8.11658787727356

-------------Round number: 19-------------

Evaluate global model
Averaged Train Loss: 0.7115
Averaged Test Accurancy: 0.7589
Averaged Test AUC: 0.9479
Std Test Accurancy: 0.2482
Std Test AUC: 0.0577
-------------------------------------------------- 7.247166633605957

-------------Round number: 20-------------

Evaluate global model
Averaged Train Loss: 0.7114
Averaged Test Accurancy: 0.7499
Averaged Test AUC: 0.9495
Std Test Accurancy: 0.2109
Std Test AUC: 0.0456
-------------------------------------------------- 8.09241008758545

-------------Round number: 21-------------

Evaluate global model
Averaged Train Loss: 0.6501
Averaged Test Accurancy: 0.7941
Averaged Test AUC: 0.9588
Std Test Accurancy: 0.1062
Std Test AUC: 0.0196
-------------------------------------------------- 8.905568361282349

-------------Round number: 22-------------

Evaluate global model
Averaged Train Loss: 0.5947
Averaged Test Accurancy: 0.8101
Averaged Test AUC: 0.9630
Std Test Accurancy: 0.1292
Std Test AUC: 0.0229
-------------------------------------------------- 8.015048027038574

-------------Round number: 23-------------

Evaluate global model
Averaged Train Loss: 0.6610
Averaged Test Accurancy: 0.7937
Averaged Test AUC: 0.9574
Std Test Accurancy: 0.1394
Std Test AUC: 0.0321
-------------------------------------------------- 8.698707342147827

-------------Round number: 24-------------

Evaluate global model
Averaged Train Loss: 0.5762
Averaged Test Accurancy: 0.8196
Averaged Test AUC: 0.9625
Std Test Accurancy: 0.1178
Std Test AUC: 0.0250
-------------------------------------------------- 8.898536920547485

-------------Round number: 25-------------

Evaluate global model
Averaged Train Loss: 0.5662
Averaged Test Accurancy: 0.8184
Averaged Test AUC: 0.9637
Std Test Accurancy: 0.1445
Std Test AUC: 0.0267
-------------------------------------------------- 8.4190673828125

-------------Round number: 26-------------

Evaluate global model
Averaged Train Loss: 0.5880
Averaged Test Accurancy: 0.8074
Averaged Test AUC: 0.9612
Std Test Accurancy: 0.1410
Std Test AUC: 0.0274
-------------------------------------------------- 7.918266534805298

-------------Round number: 27-------------

Evaluate global model
Averaged Train Loss: 0.6337
Averaged Test Accurancy: 0.7797
Averaged Test AUC: 0.9556
Std Test Accurancy: 0.2502
Std Test AUC: 0.0523
-------------------------------------------------- 7.554494619369507

-------------Round number: 28-------------

Evaluate global model
Averaged Train Loss: 0.7216
Averaged Test Accurancy: 0.7503
Averaged Test AUC: 0.9524
Std Test Accurancy: 0.2083
Std Test AUC: 0.0413
-------------------------------------------------- 8.05072283744812

-------------Round number: 29-------------

Evaluate global model
Averaged Train Loss: 0.6063
Averaged Test Accurancy: 0.7829
Averaged Test AUC: 0.9599
Std Test Accurancy: 0.2065
Std Test AUC: 0.0379
-------------------------------------------------- 8.954524755477905

-------------Round number: 30-------------

Evaluate global model
Averaged Train Loss: 0.5217
Averaged Test Accurancy: 0.8389
Averaged Test AUC: 0.9687
Std Test Accurancy: 0.0853
Std Test AUC: 0.0146
-------------------------------------------------- 8.828003406524658

-------------Round number: 31-------------

Evaluate global model
Averaged Train Loss: 0.5035
Averaged Test Accurancy: 0.8401
Averaged Test AUC: 0.9690
Std Test Accurancy: 0.1169
Std Test AUC: 0.0206
-------------------------------------------------- 7.963540554046631

-------------Round number: 32-------------

Evaluate global model
Averaged Train Loss: 0.5348
Averaged Test Accurancy: 0.8291
Averaged Test AUC: 0.9674
Std Test Accurancy: 0.0949
Std Test AUC: 0.0178
-------------------------------------------------- 8.077216386795044

-------------Round number: 33-------------

Evaluate global model
Averaged Train Loss: 0.5437
Averaged Test Accurancy: 0.8180
Averaged Test AUC: 0.9662
Std Test Accurancy: 0.1507
Std Test AUC: 0.0271
-------------------------------------------------- 8.038743495941162

-------------Round number: 34-------------

Evaluate global model
Averaged Train Loss: 0.5793
Averaged Test Accurancy: 0.8113
Averaged Test AUC: 0.9635
Std Test Accurancy: 0.1355
Std Test AUC: 0.0270
-------------------------------------------------- 8.91897988319397

-------------Round number: 35-------------

Evaluate global model
Averaged Train Loss: 0.4640
Averaged Test Accurancy: 0.8526
Averaged Test AUC: 0.9729
Std Test Accurancy: 0.0864
Std Test AUC: 0.0142
-------------------------------------------------- 7.45278525352478

-------------Round number: 36-------------

Evaluate global model
Averaged Train Loss: 0.5308
Averaged Test Accurancy: 0.8277
Averaged Test AUC: 0.9674
Std Test Accurancy: 0.1225
Std Test AUC: 0.0229
-------------------------------------------------- 8.987404346466064

-------------Round number: 37-------------

Evaluate global model
Averaged Train Loss: 0.4647
Averaged Test Accurancy: 0.8458
Averaged Test AUC: 0.9722
Std Test Accurancy: 0.1361
Std Test AUC: 0.0213
-------------------------------------------------- 7.530453443527222

-------------Round number: 38-------------

Evaluate global model
Averaged Train Loss: 0.5573
Averaged Test Accurancy: 0.8149
Averaged Test AUC: 0.9657
Std Test Accurancy: 0.1452
Std Test AUC: 0.0279
-------------------------------------------------- 7.958151340484619

-------------Round number: 39-------------

Evaluate global model
Averaged Train Loss: 0.4659
Averaged Test Accurancy: 0.8523
Averaged Test AUC: 0.9713
Std Test Accurancy: 0.0857
Std Test AUC: 0.0178
-------------------------------------------------- 8.003268241882324

-------------Round number: 40-------------

Evaluate global model
Averaged Train Loss: 0.5182
Averaged Test Accurancy: 0.8180
Averaged Test AUC: 0.9648
Std Test Accurancy: 0.2300
Std Test AUC: 0.0445
-------------------------------------------------- 8.186875104904175

-------------Round number: 41-------------

Evaluate global model
Averaged Train Loss: 0.4449
Averaged Test Accurancy: 0.8565
Averaged Test AUC: 0.9730
Std Test Accurancy: 0.0481
Std Test AUC: 0.0063
-------------------------------------------------- 8.220611333847046

-------------Round number: 42-------------

Evaluate global model
Averaged Train Loss: 0.5236
Averaged Test Accurancy: 0.8178
Averaged Test AUC: 0.9650
Std Test Accurancy: 0.2433
Std Test AUC: 0.0468
-------------------------------------------------- 9.164281368255615

-------------Round number: 43-------------

Evaluate global model
Averaged Train Loss: 0.4091
Averaged Test Accurancy: 0.8779
Averaged Test AUC: 0.9758
Std Test Accurancy: 0.0555
Std Test AUC: 0.0091
-------------------------------------------------- 8.060209512710571

-------------Round number: 44-------------

Evaluate global model
Averaged Train Loss: 0.4748
Averaged Test Accurancy: 0.8353
Averaged Test AUC: 0.9704
Std Test Accurancy: 0.1547
Std Test AUC: 0.0266
-------------------------------------------------- 7.2548582553863525

-------------Round number: 45-------------

Evaluate global model
Averaged Train Loss: 0.4922
Averaged Test Accurancy: 0.8405
Averaged Test AUC: 0.9683
Std Test Accurancy: 0.1313
Std Test AUC: 0.0259
-------------------------------------------------- 8.739041328430176

-------------Round number: 46-------------

Evaluate global model
Averaged Train Loss: 0.3934
Averaged Test Accurancy: 0.8803
Averaged Test AUC: 0.9749
Std Test Accurancy: 0.0625
Std Test AUC: 0.0160
-------------------------------------------------- 8.011346340179443

-------------Round number: 47-------------

Evaluate global model
Averaged Train Loss: 0.4434
Averaged Test Accurancy: 0.8584
Averaged Test AUC: 0.9728
Std Test Accurancy: 0.1121
Std Test AUC: 0.0213
-------------------------------------------------- 8.092224597930908

-------------Round number: 48-------------

Evaluate global model
Averaged Train Loss: 0.5088
Averaged Test Accurancy: 0.8198
Averaged Test AUC: 0.9657
Std Test Accurancy: 0.2467
Std Test AUC: 0.0462
-------------------------------------------------- 7.778426647186279

-------------Round number: 49-------------

Evaluate global model
Averaged Train Loss: 0.4713
Averaged Test Accurancy: 0.8399
Averaged Test AUC: 0.9723
Std Test Accurancy: 0.1071
Std Test AUC: 0.0169
-------------------------------------------------- 8.015004396438599

-------------Round number: 50-------------

Evaluate global model
Averaged Train Loss: 0.4378
Averaged Test Accurancy: 0.8513
Averaged Test AUC: 0.9733
Std Test Accurancy: 0.1336
Std Test AUC: 0.0215
-------------------------------------------------- 8.72587275505066

Best accuracy.
0.880333580853373

Best local accuracy.

Averaged time per iteration.
8.261945886611938
File path: ../results/MNIST_MOON_test_0.h5

Average time cost: 422.2s.
Length:  51
std for best accurancy: 0.0
mean for best accurancy: 0.880333580853373
All done!

Storage on cuda:0
-------------------------------------------------------------------------------
Total Tensors: 48308158 	Used Memory: 139.97M
The allocated memory on cuda:0: 156.72M
Memory differs due to the matrix alignment or invisible gradient buffer tensors
-------------------------------------------------------------------------------

Total time cost: 422.28s.
