==================================================
goal = test
device = cuda
device_id = 0
dataset = MNIST
num_classes = 10
model = CNN
batch_size = 64
local_learning_rate = 0.01
learning_rate_decay = False
learning_rate_decay_gamma = 0.99
global_rounds = 50
top_cnt = 100
local_epochs = 5
algorithm = MOON
join_ratio = 0.8
random_join_ratio = False
num_clients = 20
prev = 0
times = 1
eval_gap = 1
save_folder_name = items
auto_break = False
dlg_eval = False
dlg_gap = 100
batch_num_per_client = 2
num_new_clients = 0
fine_tuning_epoch_new = 0
feature_dim = 512
vocab_size = 32000
max_len = 200
client_drop_rate = 0.0
train_slow_rate = 0.0
send_slow_rate = 0.0
time_select = False
time_threthold = 10000
beta = 0.0
lamda = 1.0
mu = 0.0
K = 5
p_learning_rate = 0.01
M = 5
itk = 4000
alphaK = 1.0
sigma = 1.0
alpha = 1.0
plocal_epochs = 1
tau = 1.0
fine_tuning_epochs = 10
dr_learning_rate = 0.0
L = 1.0
noise_dim = 512
generator_learning_rate = 0.005
hidden_dim = 512
server_epochs = 1000
localize_feature_extractor = False
server_learning_rate = 1.0
eta = 1.0
rand_percent = 80
layer_idx = 2
mentee_learning_rate = 0.005
T_start = 0.95
T_end = 0.98
momentum = 0.1
kl_weight = 0.0
prune_interval = 5
prune_amount = 0.5
==================================================

============= Running time: 0th =============
Creating server and clients ...
FedAvgCNN(
  (conv1): Sequential(
    (0): Conv2d(1, 32, kernel_size=(5, 5), stride=(1, 1))
    (1): ReLU(inplace=True)
    (2): MaxPool2d(kernel_size=(2, 2), stride=(2, 2), padding=0, dilation=1, ceil_mode=False)
  )
  (conv2): Sequential(
    (0): Conv2d(32, 64, kernel_size=(5, 5), stride=(1, 1))
    (1): ReLU(inplace=True)
    (2): MaxPool2d(kernel_size=(2, 2), stride=(2, 2), padding=0, dilation=1, ceil_mode=False)
  )
  (fc1): Sequential(
    (0): Linear(in_features=1024, out_features=512, bias=True)
    (1): ReLU(inplace=True)
  )
  (fc): Linear(in_features=512, out_features=10, bias=True)
)

Join ratio / total clients: 0.8 / 20
Finished creating server and clients.

-------------Round number: 0-------------

Evaluate global model
Averaged Train Loss: 2.3125
Averaged Test Accurancy: 0.0583
Averaged Test AUC: 0.4299
Std Test Accurancy: 0.0526
Std Test AUC: 0.1484
-------------------------------------------------- 11.001142501831055

-------------Round number: 1-------------

Evaluate global model
Averaged Train Loss: 2.2268
Averaged Test Accurancy: 0.1908
Averaged Test AUC: 0.6163
Std Test Accurancy: 0.2595
Std Test AUC: 0.3087
-------------------------------------------------- 12.087429523468018

-------------Round number: 2-------------

Evaluate global model
Averaged Train Loss: 1.7947
Averaged Test Accurancy: 0.5109
Averaged Test AUC: 0.8938
Std Test Accurancy: 0.2371
Std Test AUC: 0.0661
-------------------------------------------------- 11.11550259590149

-------------Round number: 3-------------

Evaluate global model
Averaged Train Loss: 1.5857
Averaged Test Accurancy: 0.4726
Averaged Test AUC: 0.8554
Std Test Accurancy: 0.2878
Std Test AUC: 0.1360
-------------------------------------------------- 11.576784610748291

-------------Round number: 4-------------

Evaluate global model
Averaged Train Loss: 1.2999
Averaged Test Accurancy: 0.5989
Averaged Test AUC: 0.9192
Std Test Accurancy: 0.2680
Std Test AUC: 0.0569
-------------------------------------------------- 10.581249952316284

-------------Round number: 5-------------

Evaluate global model
Averaged Train Loss: 1.2551
Averaged Test Accurancy: 0.5300
Averaged Test AUC: 0.9008
Std Test Accurancy: 0.3183
Std Test AUC: 0.0713
-------------------------------------------------- 12.033825874328613

-------------Round number: 6-------------

Evaluate global model
Averaged Train Loss: 0.9687
Averaged Test Accurancy: 0.7390
Averaged Test AUC: 0.9425
Std Test Accurancy: 0.1606
Std Test AUC: 0.0352
-------------------------------------------------- 12.297091484069824

-------------Round number: 7-------------

Evaluate global model
Averaged Train Loss: 0.8856
Averaged Test Accurancy: 0.7448
Averaged Test AUC: 0.9464
Std Test Accurancy: 0.1834
Std Test AUC: 0.0418
-------------------------------------------------- 10.792274236679077

-------------Round number: 8-------------

Evaluate global model
Averaged Train Loss: 0.9020
Averaged Test Accurancy: 0.7130
Averaged Test AUC: 0.9350
Std Test Accurancy: 0.2672
Std Test AUC: 0.0718
-------------------------------------------------- 10.916975021362305

-------------Round number: 9-------------

Evaluate global model
Averaged Train Loss: 0.8133
Averaged Test Accurancy: 0.7507
Averaged Test AUC: 0.9504
Std Test Accurancy: 0.0808
Std Test AUC: 0.0146
-------------------------------------------------- 11.929864645004272

-------------Round number: 10-------------

Evaluate global model
Averaged Train Loss: 0.7286
Averaged Test Accurancy: 0.7913
Averaged Test AUC: 0.9562
Std Test Accurancy: 0.1003
Std Test AUC: 0.0228
-------------------------------------------------- 11.128118753433228

-------------Round number: 11-------------

Evaluate global model
Averaged Train Loss: 0.7664
Averaged Test Accurancy: 0.7595
Averaged Test AUC: 0.9528
Std Test Accurancy: 0.0685
Std Test AUC: 0.0102
-------------------------------------------------- 12.255634307861328

-------------Round number: 12-------------

Evaluate global model
Averaged Train Loss: 0.6632
Averaged Test Accurancy: 0.7985
Averaged Test AUC: 0.9594
Std Test Accurancy: 0.1268
Std Test AUC: 0.0256
-------------------------------------------------- 12.022506713867188

-------------Round number: 13-------------

Evaluate global model
Averaged Train Loss: 0.6445
Averaged Test Accurancy: 0.8033
Averaged Test AUC: 0.9582
Std Test Accurancy: 0.1406
Std Test AUC: 0.0316
-------------------------------------------------- 9.695758581161499

-------------Round number: 14-------------

Evaluate global model
Averaged Train Loss: 0.7292
Averaged Test Accurancy: 0.7667
Averaged Test AUC: 0.9530
Std Test Accurancy: 0.1524
Std Test AUC: 0.0340
-------------------------------------------------- 10.866976976394653

-------------Round number: 15-------------

Evaluate global model
Averaged Train Loss: 0.6461
Averaged Test Accurancy: 0.7954
Averaged Test AUC: 0.9598
Std Test Accurancy: 0.1067
Std Test AUC: 0.0213
-------------------------------------------------- 11.194220304489136

-------------Round number: 16-------------

Evaluate global model
Averaged Train Loss: 0.6873
Averaged Test Accurancy: 0.7701
Averaged Test AUC: 0.9504
Std Test Accurancy: 0.2734
Std Test AUC: 0.0647
-------------------------------------------------- 10.927112340927124

-------------Round number: 17-------------

Evaluate global model
Averaged Train Loss: 0.6105
Averaged Test Accurancy: 0.8075
Averaged Test AUC: 0.9622
Std Test Accurancy: 0.1025
Std Test AUC: 0.0203
-------------------------------------------------- 10.900354146957397

-------------Round number: 18-------------

Evaluate global model
Averaged Train Loss: 0.6611
Averaged Test Accurancy: 0.7718
Averaged Test AUC: 0.9527
Std Test Accurancy: 0.2570
Std Test AUC: 0.0588
-------------------------------------------------- 10.709408283233643

-------------Round number: 19-------------

Evaluate global model
Averaged Train Loss: 0.6610
Averaged Test Accurancy: 0.7796
Averaged Test AUC: 0.9581
Std Test Accurancy: 0.1724
Std Test AUC: 0.0356
-------------------------------------------------- 9.957561254501343

-------------Round number: 20-------------

Evaluate global model
Averaged Train Loss: 0.7267
Averaged Test Accurancy: 0.7620
Averaged Test AUC: 0.9468
Std Test Accurancy: 0.2964
Std Test AUC: 0.0724
-------------------------------------------------- 11.051818370819092

-------------Round number: 21-------------

Evaluate global model
Averaged Train Loss: 0.5434
Averaged Test Accurancy: 0.8219
Averaged Test AUC: 0.9671
Std Test Accurancy: 0.0755
Std Test AUC: 0.0089
-------------------------------------------------- 11.882505655288696

-------------Round number: 22-------------

Evaluate global model
Averaged Train Loss: 0.5400
Averaged Test Accurancy: 0.8108
Averaged Test AUC: 0.9666
Std Test Accurancy: 0.1817
Std Test AUC: 0.0323
-------------------------------------------------- 11.708325624465942

-------------Round number: 23-------------

Evaluate global model
Averaged Train Loss: 0.4920
Averaged Test Accurancy: 0.8449
Averaged Test AUC: 0.9702
Std Test Accurancy: 0.0948
Std Test AUC: 0.0181
-------------------------------------------------- 11.649287700653076

-------------Round number: 24-------------

Evaluate global model
Averaged Train Loss: 0.4715
Averaged Test Accurancy: 0.8507
Averaged Test AUC: 0.9717
Std Test Accurancy: 0.0831
Std Test AUC: 0.0162
-------------------------------------------------- 11.867424488067627

-------------Round number: 25-------------

Evaluate global model
Averaged Train Loss: 0.4419
Averaged Test Accurancy: 0.8634
Averaged Test AUC: 0.9733
Std Test Accurancy: 0.0520
Std Test AUC: 0.0124
-------------------------------------------------- 11.121931076049805

-------------Round number: 26-------------

Evaluate global model
Averaged Train Loss: 0.5122
Averaged Test Accurancy: 0.8222
Averaged Test AUC: 0.9661
Std Test Accurancy: 0.2215
Std Test AUC: 0.0410
-------------------------------------------------- 10.009966611862183

-------------Round number: 27-------------

Evaluate global model
Averaged Train Loss: 0.5470
Averaged Test Accurancy: 0.8157
Averaged Test AUC: 0.9617
Std Test Accurancy: 0.1916
Std Test AUC: 0.0430
-------------------------------------------------- 10.912080526351929

-------------Round number: 28-------------

Evaluate global model
Averaged Train Loss: 0.5293
Averaged Test Accurancy: 0.8252
Averaged Test AUC: 0.9662
Std Test Accurancy: 0.1562
Std Test AUC: 0.0328
-------------------------------------------------- 11.279414176940918

-------------Round number: 29-------------

Evaluate global model
Averaged Train Loss: 0.4358
Averaged Test Accurancy: 0.8661
Averaged Test AUC: 0.9743
Std Test Accurancy: 0.0716
Std Test AUC: 0.0122
-------------------------------------------------- 9.905401229858398

-------------Round number: 30-------------

Evaluate global model
Averaged Train Loss: 0.5483
Averaged Test Accurancy: 0.7995
Averaged Test AUC: 0.9648
Std Test Accurancy: 0.2418
Std Test AUC: 0.0412
-------------------------------------------------- 10.430550813674927

-------------Round number: 31-------------

Evaluate global model
Averaged Train Loss: 0.5436
Averaged Test Accurancy: 0.8106
Averaged Test AUC: 0.9677
Std Test Accurancy: 0.1449
Std Test AUC: 0.0248
-------------------------------------------------- 10.299170970916748

-------------Round number: 32-------------

Evaluate global model
Averaged Train Loss: 0.6704
Averaged Test Accurancy: 0.7996
Averaged Test AUC: 0.9519
Std Test Accurancy: 0.2536
Std Test AUC: 0.0720
-------------------------------------------------- 11.688472032546997

-------------Round number: 33-------------

Evaluate global model
Averaged Train Loss: 0.4065
Averaged Test Accurancy: 0.8723
Averaged Test AUC: 0.9763
Std Test Accurancy: 0.0814
Std Test AUC: 0.0154
-------------------------------------------------- 11.636281490325928

-------------Round number: 34-------------

Evaluate global model
Averaged Train Loss: 0.3952
Averaged Test Accurancy: 0.8756
Averaged Test AUC: 0.9757
Std Test Accurancy: 0.0839
Std Test AUC: 0.0178
-------------------------------------------------- 10.606581687927246

-------------Round number: 35-------------

Evaluate global model
Averaged Train Loss: 0.4394
Averaged Test Accurancy: 0.8578
Averaged Test AUC: 0.9739
Std Test Accurancy: 0.1095
Std Test AUC: 0.0207
-------------------------------------------------- 10.96156620979309

-------------Round number: 36-------------

Evaluate global model
Averaged Train Loss: 0.4350
Averaged Test Accurancy: 0.8510
Averaged Test AUC: 0.9711
Std Test Accurancy: 0.1838
Std Test AUC: 0.0358
-------------------------------------------------- 10.860430002212524

-------------Round number: 37-------------

Evaluate global model
Averaged Train Loss: 0.3501
Averaged Test Accurancy: 0.8938
Averaged Test AUC: 0.9788
Std Test Accurancy: 0.0273
Std Test AUC: 0.0072
-------------------------------------------------- 10.81969666481018

-------------Round number: 38-------------

Evaluate global model
Averaged Train Loss: 0.4949
Averaged Test Accurancy: 0.8248
Averaged Test AUC: 0.9659
Std Test Accurancy: 0.2502
Std Test AUC: 0.0490
-------------------------------------------------- 10.762945175170898

-------------Round number: 39-------------

Evaluate global model
Averaged Train Loss: 0.4336
Averaged Test Accurancy: 0.8508
Averaged Test AUC: 0.9702
Std Test Accurancy: 0.1978
Std Test AUC: 0.0387
-------------------------------------------------- 9.643656253814697

-------------Round number: 40-------------

Evaluate global model
Averaged Train Loss: 0.4445
Averaged Test Accurancy: 0.8558
Averaged Test AUC: 0.9709
Std Test Accurancy: 0.1221
Std Test AUC: 0.0258
-------------------------------------------------- 10.637977838516235

-------------Round number: 41-------------

Evaluate global model
Averaged Train Loss: 0.4680
Averaged Test Accurancy: 0.8416
Averaged Test AUC: 0.9723
Std Test Accurancy: 0.1273
Std Test AUC: 0.0225
-------------------------------------------------- 10.658982515335083

-------------Round number: 42-------------

Evaluate global model
Averaged Train Loss: 0.4145
Averaged Test Accurancy: 0.8546
Averaged Test AUC: 0.9764
Std Test Accurancy: 0.1449
Std Test AUC: 0.0227
-------------------------------------------------- 10.828604221343994

-------------Round number: 43-------------

Evaluate global model
Averaged Train Loss: 0.3938
Averaged Test Accurancy: 0.8718
Averaged Test AUC: 0.9762
Std Test Accurancy: 0.1145
Std Test AUC: 0.0227
-------------------------------------------------- 11.419824361801147

-------------Round number: 44-------------

Evaluate global model
Averaged Train Loss: 0.3410
Averaged Test Accurancy: 0.8944
Averaged Test AUC: 0.9788
Std Test Accurancy: 0.0692
Std Test AUC: 0.0145
-------------------------------------------------- 11.964824676513672

-------------Round number: 45-------------

Evaluate global model
Averaged Train Loss: 0.3100
Averaged Test Accurancy: 0.9071
Averaged Test AUC: 0.9817
Std Test Accurancy: 0.0585
Std Test AUC: 0.0117
-------------------------------------------------- 11.136052131652832

-------------Round number: 46-------------

Evaluate global model
Averaged Train Loss: 0.3466
Averaged Test Accurancy: 0.8907
Averaged Test AUC: 0.9797
Std Test Accurancy: 0.0665
Std Test AUC: 0.0111
-------------------------------------------------- 11.613664865493774

-------------Round number: 47-------------

Evaluate global model
Averaged Train Loss: 0.3089
Averaged Test Accurancy: 0.9055
Averaged Test AUC: 0.9817
Std Test Accurancy: 0.0515
Std Test AUC: 0.0105
-------------------------------------------------- 9.905853986740112

-------------Round number: 48-------------

Evaluate global model
Averaged Train Loss: 0.3876
Averaged Test Accurancy: 0.8679
Averaged Test AUC: 0.9750
Std Test Accurancy: 0.1489
Std Test AUC: 0.0278
-------------------------------------------------- 11.30680227279663

-------------Round number: 49-------------

Evaluate global model
Averaged Train Loss: 0.3499
Averaged Test Accurancy: 0.8831
Averaged Test AUC: 0.9799
Std Test Accurancy: 0.0778
Std Test AUC: 0.0118
-------------------------------------------------- 10.759466886520386

-------------Round number: 50-------------

Evaluate global model
Averaged Train Loss: 0.4398
Averaged Test Accurancy: 0.8413
Averaged Test AUC: 0.9716
Std Test Accurancy: 0.2207
Std Test AUC: 0.0402
-------------------------------------------------- 10.183229684829712

Best accuracy.
0.9070657451305192

Best local accuracy.

Averaged time per iteration.
11.050028796195983
File path: ../results/MNIST_MOON_test_0.h5

Average time cost: 564.25s.
Length:  51
std for best accurancy: 0.0
mean for best accurancy: 0.9070657451305192
All done!

Storage on cuda:0
-------------------------------------------------------------------------------
Total Tensors: 48308158 	Used Memory: 139.97M
The allocated memory on cuda:0: 156.97M
Memory differs due to the matrix alignment or invisible gradient buffer tensors
-------------------------------------------------------------------------------

Total time cost: 564.33s.
