==================================================
goal = test
device = cuda
device_id = 0
dataset = MNIST
num_classes = 10
model = CNN
batch_size = 64
local_learning_rate = 0.01
learning_rate_decay = False
learning_rate_decay_gamma = 0.99
global_rounds = 50
top_cnt = 100
local_epochs = 5
algorithm = MOON
join_ratio = 0.8
random_join_ratio = False
num_clients = 20
prev = 0
times = 1
eval_gap = 1
save_folder_name = items
auto_break = False
dlg_eval = False
dlg_gap = 100
batch_num_per_client = 2
num_new_clients = 0
fine_tuning_epoch_new = 0
feature_dim = 512
vocab_size = 32000
max_len = 200
client_drop_rate = 0.0
train_slow_rate = 0.0
send_slow_rate = 0.0
time_select = False
time_threthold = 10000
beta = 0.0
lamda = 1.0
mu = 0.0
K = 5
p_learning_rate = 0.01
M = 5
itk = 4000
alphaK = 1.0
sigma = 1.0
alpha = 1.0
plocal_epochs = 1
tau = 1.0
fine_tuning_epochs = 10
dr_learning_rate = 0.0
L = 1.0
noise_dim = 512
generator_learning_rate = 0.005
hidden_dim = 512
server_epochs = 1000
localize_feature_extractor = False
server_learning_rate = 1.0
eta = 1.0
rand_percent = 80
layer_idx = 2
mentee_learning_rate = 0.005
T_start = 0.95
T_end = 0.98
momentum = 0.1
kl_weight = 0.0
prune_interval = 5
prune_amount = 0.5
==================================================

============= Running time: 0th =============
Creating server and clients ...
FedAvgCNN(
  (conv1): Sequential(
    (0): Conv2d(1, 32, kernel_size=(5, 5), stride=(1, 1))
    (1): ReLU(inplace=True)
    (2): MaxPool2d(kernel_size=(2, 2), stride=(2, 2), padding=0, dilation=1, ceil_mode=False)
  )
  (conv2): Sequential(
    (0): Conv2d(32, 64, kernel_size=(5, 5), stride=(1, 1))
    (1): ReLU(inplace=True)
    (2): MaxPool2d(kernel_size=(2, 2), stride=(2, 2), padding=0, dilation=1, ceil_mode=False)
  )
  (fc1): Sequential(
    (0): Linear(in_features=1024, out_features=512, bias=True)
    (1): ReLU(inplace=True)
  )
  (fc): Linear(in_features=512, out_features=10, bias=True)
)

Join ratio / total clients: 0.8 / 20
Finished creating server and clients.

-------------Round number: 0-------------

Evaluate global model
Averaged Train Loss: 2.3125
Averaged Test Accurancy: 0.0583
Averaged Test AUC: 0.4299
Std Test Accurancy: 0.0526
Std Test AUC: 0.1484
-------------------------------------------------- 11.612529754638672

-------------Round number: 1-------------

Evaluate global model
Averaged Train Loss: 2.2029
Averaged Test Accurancy: 0.2561
Averaged Test AUC: 0.6649
Std Test Accurancy: 0.2542
Std Test AUC: 0.3123
-------------------------------------------------- 11.114002704620361

-------------Round number: 2-------------

Evaluate global model
Averaged Train Loss: 1.8760
Averaged Test Accurancy: 0.3876
Averaged Test AUC: 0.7761
Std Test Accurancy: 0.3591
Std Test AUC: 0.2376
-------------------------------------------------- 11.535799741744995

-------------Round number: 3-------------

Evaluate global model
Averaged Train Loss: 1.5044
Averaged Test Accurancy: 0.6309
Averaged Test AUC: 0.8754
Std Test Accurancy: 0.3219
Std Test AUC: 0.1783
-------------------------------------------------- 9.007608652114868

-------------Round number: 4-------------

Evaluate global model
Averaged Train Loss: 1.6451
Averaged Test Accurancy: 0.3772
Averaged Test AUC: 0.8375
Std Test Accurancy: 0.3851
Std Test AUC: 0.1301
-------------------------------------------------- 11.3053138256073

-------------Round number: 5-------------

Evaluate global model
Averaged Train Loss: 1.1516
Averaged Test Accurancy: 0.6752
Averaged Test AUC: 0.9340
Std Test Accurancy: 0.0690
Std Test AUC: 0.0175
-------------------------------------------------- 10.110564231872559

-------------Round number: 6-------------

Evaluate global model
Averaged Train Loss: 1.1917
Averaged Test Accurancy: 0.5907
Averaged Test AUC: 0.8941
Std Test Accurancy: 0.3907
Std Test AUC: 0.1128
-------------------------------------------------- 9.723915815353394

-------------Round number: 7-------------

Evaluate global model
Averaged Train Loss: 1.1595
Averaged Test Accurancy: 0.5833
Averaged Test AUC: 0.9059
Std Test Accurancy: 0.3043
Std Test AUC: 0.0873
-------------------------------------------------- 11.296226024627686

-------------Round number: 8-------------

Evaluate global model
Averaged Train Loss: 0.8952
Averaged Test Accurancy: 0.7346
Averaged Test AUC: 0.9462
Std Test Accurancy: 0.0772
Std Test AUC: 0.0174
-------------------------------------------------- 10.35240912437439

-------------Round number: 9-------------

Evaluate global model
Averaged Train Loss: 0.9213
Averaged Test Accurancy: 0.6840
Averaged Test AUC: 0.9415
Std Test Accurancy: 0.1662
Std Test AUC: 0.0266
-------------------------------------------------- 11.298626899719238

-------------Round number: 10-------------

Evaluate global model
Averaged Train Loss: 0.8500
Averaged Test Accurancy: 0.7230
Averaged Test AUC: 0.9447
Std Test Accurancy: 0.1221
Std Test AUC: 0.0278
-------------------------------------------------- 12.24564528465271

-------------Round number: 11-------------

Evaluate global model
Averaged Train Loss: 0.7392
Averaged Test Accurancy: 0.7722
Averaged Test AUC: 0.9537
Std Test Accurancy: 0.1280
Std Test AUC: 0.0258
-------------------------------------------------- 11.26033353805542

-------------Round number: 12-------------

Evaluate global model
Averaged Train Loss: 0.7367
Averaged Test Accurancy: 0.7626
Averaged Test AUC: 0.9547
Std Test Accurancy: 0.0526
Std Test AUC: 0.0131
-------------------------------------------------- 11.326461553573608

-------------Round number: 13-------------

Evaluate global model
Averaged Train Loss: 0.7191
Averaged Test Accurancy: 0.7648
Averaged Test AUC: 0.9529
Std Test Accurancy: 0.1838
Std Test AUC: 0.0374
-------------------------------------------------- 10.99493956565857

-------------Round number: 14-------------

Evaluate global model
Averaged Train Loss: 0.6916
Averaged Test Accurancy: 0.7741
Averaged Test AUC: 0.9575
Std Test Accurancy: 0.0940
Std Test AUC: 0.0164
-------------------------------------------------- 9.952661037445068

-------------Round number: 15-------------

Evaluate global model
Averaged Train Loss: 0.7894
Averaged Test Accurancy: 0.7231
Averaged Test AUC: 0.9423
Std Test Accurancy: 0.2931
Std Test AUC: 0.0622
-------------------------------------------------- 11.459521770477295

-------------Round number: 16-------------

Evaluate global model
Averaged Train Loss: 0.6302
Averaged Test Accurancy: 0.7972
Averaged Test AUC: 0.9619
Std Test Accurancy: 0.1305
Std Test AUC: 0.0226
-------------------------------------------------- 12.12638258934021

-------------Round number: 17-------------

Evaluate global model
Averaged Train Loss: 0.5665
Averaged Test Accurancy: 0.8194
Averaged Test AUC: 0.9652
Std Test Accurancy: 0.1193
Std Test AUC: 0.0238
-------------------------------------------------- 11.114384412765503

-------------Round number: 18-------------

Evaluate global model
Averaged Train Loss: 0.6391
Averaged Test Accurancy: 0.7830
Averaged Test AUC: 0.9605
Std Test Accurancy: 0.1476
Std Test AUC: 0.0242
-------------------------------------------------- 11.144817352294922

-------------Round number: 19-------------

Evaluate global model
Averaged Train Loss: 0.5818
Averaged Test Accurancy: 0.8054
Averaged Test AUC: 0.9654
Std Test Accurancy: 0.1180
Std Test AUC: 0.0204
-------------------------------------------------- 9.988741159439087

-------------Round number: 20-------------

Evaluate global model
Averaged Train Loss: 0.6742
Averaged Test Accurancy: 0.7596
Averaged Test AUC: 0.9575
Std Test Accurancy: 0.1466
Std Test AUC: 0.0237
-------------------------------------------------- 10.938146352767944

-------------Round number: 21-------------

Evaluate global model
Averaged Train Loss: 0.6741
Averaged Test Accurancy: 0.7639
Averaged Test AUC: 0.9519
Std Test Accurancy: 0.2662
Std Test AUC: 0.0624
-------------------------------------------------- 11.238345623016357

-------------Round number: 22-------------

Evaluate global model
Averaged Train Loss: 0.5667
Averaged Test Accurancy: 0.8188
Averaged Test AUC: 0.9659
Std Test Accurancy: 0.1160
Std Test AUC: 0.0204
-------------------------------------------------- 11.302371501922607

-------------Round number: 23-------------

Evaluate global model
Averaged Train Loss: 0.5147
Averaged Test Accurancy: 0.8342
Averaged Test AUC: 0.9677
Std Test Accurancy: 0.1081
Std Test AUC: 0.0233
-------------------------------------------------- 11.888517379760742

-------------Round number: 24-------------

Evaluate global model
Averaged Train Loss: 0.4862
Averaged Test Accurancy: 0.8422
Averaged Test AUC: 0.9706
Std Test Accurancy: 0.0816
Std Test AUC: 0.0154
-------------------------------------------------- 11.176671743392944

-------------Round number: 25-------------

Evaluate global model
Averaged Train Loss: 0.4705
Averaged Test Accurancy: 0.8465
Averaged Test AUC: 0.9722
Std Test Accurancy: 0.0856
Std Test AUC: 0.0139
-------------------------------------------------- 8.988065958023071

-------------Round number: 26-------------

Evaluate global model
Averaged Train Loss: 0.5584
Averaged Test Accurancy: 0.8048
Averaged Test AUC: 0.9636
Std Test Accurancy: 0.1806
Std Test AUC: 0.0312
-------------------------------------------------- 10.766088485717773

-------------Round number: 27-------------

Evaluate global model
Averaged Train Loss: 0.5425
Averaged Test Accurancy: 0.8232
Averaged Test AUC: 0.9667
Std Test Accurancy: 0.1410
Std Test AUC: 0.0289
-------------------------------------------------- 12.209925651550293

-------------Round number: 28-------------

Evaluate global model
Averaged Train Loss: 0.4258
Averaged Test Accurancy: 0.8673
Averaged Test AUC: 0.9744
Std Test Accurancy: 0.0810
Std Test AUC: 0.0157
-------------------------------------------------- 12.254593849182129

-------------Round number: 29-------------

Evaluate global model
Averaged Train Loss: 0.4224
Averaged Test Accurancy: 0.8631
Averaged Test AUC: 0.9743
Std Test Accurancy: 0.1097
Std Test AUC: 0.0200
-------------------------------------------------- 11.00672459602356

-------------Round number: 30-------------

Evaluate global model
Averaged Train Loss: 0.4823
Averaged Test Accurancy: 0.8467
Averaged Test AUC: 0.9708
Std Test Accurancy: 0.1166
Std Test AUC: 0.0223
-------------------------------------------------- 12.580979585647583

-------------Round number: 31-------------

Evaluate global model
Averaged Train Loss: 0.4100
Averaged Test Accurancy: 0.8662
Averaged Test AUC: 0.9759
Std Test Accurancy: 0.1128
Std Test AUC: 0.0186
-------------------------------------------------- 12.374886274337769

-------------Round number: 32-------------

Evaluate global model
Averaged Train Loss: 0.3860
Averaged Test Accurancy: 0.8816
Averaged Test AUC: 0.9766
Std Test Accurancy: 0.0478
Std Test AUC: 0.0116
-------------------------------------------------- 12.589077472686768

-------------Round number: 33-------------

Evaluate global model
Averaged Train Loss: 0.3797
Averaged Test Accurancy: 0.8815
Averaged Test AUC: 0.9777
Std Test Accurancy: 0.0700
Std Test AUC: 0.0137
-------------------------------------------------- 8.986925840377808

-------------Round number: 34-------------

Evaluate global model
Averaged Train Loss: 0.4927
Averaged Test Accurancy: 0.8383
Averaged Test AUC: 0.9708
Std Test Accurancy: 0.1207
Std Test AUC: 0.0193
-------------------------------------------------- 10.469192504882812

-------------Round number: 35-------------

Evaluate global model
Averaged Train Loss: 0.4923
Averaged Test Accurancy: 0.8282
Averaged Test AUC: 0.9680
Std Test Accurancy: 0.1613
Std Test AUC: 0.0315
-------------------------------------------------- 11.150046586990356

-------------Round number: 36-------------

Evaluate global model
Averaged Train Loss: 0.4441
Averaged Test Accurancy: 0.8540
Averaged Test AUC: 0.9728
Std Test Accurancy: 0.1144
Std Test AUC: 0.0227
-------------------------------------------------- 11.800587892532349

-------------Round number: 37-------------

Evaluate global model
Averaged Train Loss: 0.4238
Averaged Test Accurancy: 0.8551
Averaged Test AUC: 0.9729
Std Test Accurancy: 0.1268
Std Test AUC: 0.0224
-------------------------------------------------- 8.762254238128662

-------------Round number: 38-------------

Evaluate global model
Averaged Train Loss: 0.4896
Averaged Test Accurancy: 0.8242
Averaged Test AUC: 0.9705
Std Test Accurancy: 0.1838
Std Test AUC: 0.0306
-------------------------------------------------- 10.394017219543457

-------------Round number: 39-------------

Evaluate global model
Averaged Train Loss: 0.4802
Averaged Test Accurancy: 0.8281
Averaged Test AUC: 0.9674
Std Test Accurancy: 0.2137
Std Test AUC: 0.0401
-------------------------------------------------- 11.804511547088623

-------------Round number: 40-------------

Evaluate global model
Averaged Train Loss: 0.3715
Averaged Test Accurancy: 0.8780
Averaged Test AUC: 0.9780
Std Test Accurancy: 0.0805
Std Test AUC: 0.0133
-------------------------------------------------- 12.001363039016724

-------------Round number: 41-------------

Evaluate global model
Averaged Train Loss: 0.3663
Averaged Test Accurancy: 0.8838
Averaged Test AUC: 0.9777
Std Test Accurancy: 0.0793
Std Test AUC: 0.0159
-------------------------------------------------- 12.191746711730957

-------------Round number: 42-------------

Evaluate global model
Averaged Train Loss: 0.3635
Averaged Test Accurancy: 0.8831
Averaged Test AUC: 0.9776
Std Test Accurancy: 0.1079
Std Test AUC: 0.0210
-------------------------------------------------- 11.68487811088562

-------------Round number: 43-------------

Evaluate global model
Averaged Train Loss: 0.3877
Averaged Test Accurancy: 0.8662
Averaged Test AUC: 0.9770
Std Test Accurancy: 0.1119
Std Test AUC: 0.0177
-------------------------------------------------- 10.383035659790039

-------------Round number: 44-------------

Evaluate global model
Averaged Train Loss: 0.4517
Averaged Test Accurancy: 0.8433
Averaged Test AUC: 0.9707
Std Test Accurancy: 0.2052
Std Test AUC: 0.0380
-------------------------------------------------- 12.051355838775635

-------------Round number: 45-------------

Evaluate global model
Averaged Train Loss: 0.3429
Averaged Test Accurancy: 0.8867
Averaged Test AUC: 0.9795
Std Test Accurancy: 0.0635
Std Test AUC: 0.0099
-------------------------------------------------- 11.05612826347351

-------------Round number: 46-------------

Evaluate global model
Averaged Train Loss: 0.3876
Averaged Test Accurancy: 0.8639
Averaged Test AUC: 0.9771
Std Test Accurancy: 0.1381
Std Test AUC: 0.0230
-------------------------------------------------- 9.877079963684082

-------------Round number: 47-------------

Evaluate global model
Averaged Train Loss: 0.3701
Averaged Test Accurancy: 0.8848
Averaged Test AUC: 0.9770
Std Test Accurancy: 0.0794
Std Test AUC: 0.0168
-------------------------------------------------- 11.083070516586304

-------------Round number: 48-------------

Evaluate global model
Averaged Train Loss: 0.3877
Averaged Test Accurancy: 0.8694
Averaged Test AUC: 0.9741
Std Test Accurancy: 0.1698
Std Test AUC: 0.0339
-------------------------------------------------- 10.499431371688843

-------------Round number: 49-------------

Evaluate global model
Averaged Train Loss: 0.3633
Averaged Test Accurancy: 0.8806
Averaged Test AUC: 0.9756
Std Test Accurancy: 0.1362
Std Test AUC: 0.0267
-------------------------------------------------- 11.977030038833618

-------------Round number: 50-------------

Evaluate global model
Averaged Train Loss: 0.3371
Averaged Test Accurancy: 0.8856
Averaged Test AUC: 0.9800
Std Test Accurancy: 0.0870
Std Test AUC: 0.0139
-------------------------------------------------- 11.146017074584961

Best accuracy.
0.8867310218769635

Best local accuracy.

Averaged time per iteration.
11.079828443527221
File path: ../results/MNIST_MOON_test_0.h5

Average time cost: 566.35s.
Length:  51
std for best accurancy: 0.0
mean for best accurancy: 0.8867310218769635
All done!

Storage on cuda:0
-------------------------------------------------------------------------------
Total Tensors: 48308158 	Used Memory: 139.97M
The allocated memory on cuda:0: 156.47M
Memory differs due to the matrix alignment or invisible gradient buffer tensors
-------------------------------------------------------------------------------

Total time cost: 566.42s.
