==================================================
goal = test
device = cuda
device_id = 0
dataset = MNIST
num_classes = 10
model = CNN
batch_size = 64
local_learning_rate = 0.01
learning_rate_decay = False
learning_rate_decay_gamma = 0.99
global_rounds = 50
top_cnt = 100
local_epochs = 5
algorithm = PFL-DA
join_ratio = 0.8
random_join_ratio = False
num_clients = 20
prev = 0
times = 1
eval_gap = 1
save_folder_name = items
auto_break = False
dlg_eval = False
dlg_gap = 100
batch_num_per_client = 2
num_new_clients = 0
fine_tuning_epoch_new = 0
feature_dim = 512
vocab_size = 32000
max_len = 200
client_drop_rate = 0.0
train_slow_rate = 0.0
send_slow_rate = 0.0
time_select = False
time_threthold = 10000
beta = 0.0
lamda = 1.0
mu = 0.0
K = 5
p_learning_rate = 0.01
M = 5
itk = 4000
alphaK = 1.0
sigma = 1.0
alpha = 1.0
plocal_epochs = 1
tau = 1.0
fine_tuning_epochs = 10
dr_learning_rate = 0.0
L = 1.0
noise_dim = 512
generator_learning_rate = 0.005
hidden_dim = 512
server_epochs = 1000
localize_feature_extractor = False
server_learning_rate = 1.0
eta = 1.0
rand_percent = 80
layer_idx = 2
mentee_learning_rate = 0.005
T_start = 0.95
T_end = 0.98
momentum = 0.1
kl_weight = 0.0
prune_interval = 5
prune_amount = 0.5
==================================================

============= Running time: 0th =============
Creating server and clients ...
FedAvgCNN(
  (conv1): Sequential(
    (0): Conv2d(1, 32, kernel_size=(5, 5), stride=(1, 1))
    (1): ReLU(inplace=True)
    (2): MaxPool2d(kernel_size=(2, 2), stride=(2, 2), padding=0, dilation=1, ceil_mode=False)
  )
  (conv2): Sequential(
    (0): Conv2d(32, 64, kernel_size=(5, 5), stride=(1, 1))
    (1): ReLU(inplace=True)
    (2): MaxPool2d(kernel_size=(2, 2), stride=(2, 2), padding=0, dilation=1, ceil_mode=False)
  )
  (fc1): Sequential(
    (0): Linear(in_features=1024, out_features=512, bias=True)
    (1): ReLU(inplace=True)
  )
  (fc): Linear(in_features=512, out_features=10, bias=True)
)

Join ratio / total clients: 0.8 / 20
Finished creating server and clients.

-------------Round number: 0-------------

Evaluate personalized models
Averaged Train Loss: 2.3125
Averaged Test Accurancy: 0.0583
Averaged Test AUC: 0.4299
Std Test Accurancy: 0.0526
Std Test AUC: 0.1484
------------------------- time cost ------------------------- 8.818914413452148

-------------Round number: 1-------------

Evaluate personalized models
Averaged Train Loss: 0.8950
Averaged Test Accurancy: 0.6657
Averaged Test AUC: 0.8408
Std Test Accurancy: 0.3280
Std Test AUC: 0.2273
------------------------- time cost ------------------------- 9.786384344100952

-------------Round number: 2-------------

Evaluate personalized models
Averaged Train Loss: 0.3157
Averaged Test Accurancy: 0.8784
Averaged Test AUC: 0.9526
Std Test Accurancy: 0.2745
Std Test AUC: 0.1492
------------------------- time cost ------------------------- 8.61313533782959

-------------Round number: 3-------------

Evaluate personalized models
Averaged Train Loss: 0.2237
Averaged Test Accurancy: 0.9096
Averaged Test AUC: 0.9689
Std Test Accurancy: 0.2150
Std Test AUC: 0.0876
------------------------- time cost ------------------------- 9.14678955078125

-------------Round number: 4-------------

Evaluate personalized models
Averaged Train Loss: 0.0298
Averaged Test Accurancy: 0.9894
Averaged Test AUC: 0.9997
Std Test Accurancy: 0.0184
Std Test AUC: 0.0007
------------------------- time cost ------------------------- 8.463915586471558

-------------Round number: 5-------------

Evaluate personalized models
Averaged Train Loss: 0.0260
Averaged Test Accurancy: 0.9909
Averaged Test AUC: 0.9998
Std Test Accurancy: 0.0137
Std Test AUC: 0.0004
------------------------- time cost ------------------------- 10.003796815872192

-------------Round number: 6-------------

Evaluate personalized models
Averaged Train Loss: 0.0172
Averaged Test Accurancy: 0.9935
Averaged Test AUC: 0.9999
Std Test Accurancy: 0.0129
Std Test AUC: 0.0004
------------------------- time cost ------------------------- 9.362411260604858

-------------Round number: 7-------------

Evaluate personalized models
Averaged Train Loss: 0.0141
Averaged Test Accurancy: 0.9943
Averaged Test AUC: 0.9999
Std Test Accurancy: 0.0106
Std Test AUC: 0.0003
------------------------- time cost ------------------------- 9.744471073150635

-------------Round number: 8-------------

Evaluate personalized models
Averaged Train Loss: 0.0122
Averaged Test Accurancy: 0.9948
Averaged Test AUC: 0.9999
Std Test Accurancy: 0.0088
Std Test AUC: 0.0002
------------------------- time cost ------------------------- 8.36421275138855

-------------Round number: 9-------------

Evaluate personalized models
Averaged Train Loss: 0.0110
Averaged Test Accurancy: 0.9947
Averaged Test AUC: 0.9999
Std Test Accurancy: 0.0085
Std Test AUC: 0.0002
------------------------- time cost ------------------------- 7.554433822631836

-------------Round number: 10-------------

Evaluate personalized models
Averaged Train Loss: 0.0107
Averaged Test Accurancy: 0.9947
Averaged Test AUC: 0.9999
Std Test Accurancy: 0.0092
Std Test AUC: 0.0002
------------------------- time cost ------------------------- 8.505552053451538

-------------Round number: 11-------------

Evaluate personalized models
Averaged Train Loss: 0.0094
Averaged Test Accurancy: 0.9950
Averaged Test AUC: 0.9999
Std Test Accurancy: 0.0091
Std Test AUC: 0.0002
------------------------- time cost ------------------------- 8.27948260307312

-------------Round number: 12-------------

Evaluate personalized models
Averaged Train Loss: 0.0082
Averaged Test Accurancy: 0.9958
Averaged Test AUC: 0.9999
Std Test Accurancy: 0.0062
Std Test AUC: 0.0001
------------------------- time cost ------------------------- 9.61618971824646

-------------Round number: 13-------------

Evaluate personalized models
Averaged Train Loss: 0.0073
Averaged Test Accurancy: 0.9961
Averaged Test AUC: 0.9999
Std Test Accurancy: 0.0063
Std Test AUC: 0.0001
------------------------- time cost ------------------------- 8.848255634307861

-------------Round number: 14-------------

Evaluate personalized models
Averaged Train Loss: 0.0066
Averaged Test Accurancy: 0.9962
Averaged Test AUC: 1.0000
Std Test Accurancy: 0.0063
Std Test AUC: 0.0001
------------------------- time cost ------------------------- 9.11458969116211

-------------Round number: 15-------------

Evaluate personalized models
Averaged Train Loss: 0.0061
Averaged Test Accurancy: 0.9963
Averaged Test AUC: 1.0000
Std Test Accurancy: 0.0053
Std Test AUC: 0.0001
------------------------- time cost ------------------------- 9.093369960784912

-------------Round number: 16-------------

Evaluate personalized models
Averaged Train Loss: 0.0057
Averaged Test Accurancy: 0.9965
Averaged Test AUC: 1.0000
Std Test Accurancy: 0.0050
Std Test AUC: 0.0001
------------------------- time cost ------------------------- 9.851500988006592

-------------Round number: 17-------------

Evaluate personalized models
Averaged Train Loss: 0.0052
Averaged Test Accurancy: 0.9964
Averaged Test AUC: 1.0000
Std Test Accurancy: 0.0046
Std Test AUC: 0.0001
------------------------- time cost ------------------------- 10.014700651168823

-------------Round number: 18-------------

Evaluate personalized models
Averaged Train Loss: 0.0048
Averaged Test Accurancy: 0.9967
Averaged Test AUC: 1.0000
Std Test Accurancy: 0.0047
Std Test AUC: 0.0001
------------------------- time cost ------------------------- 8.973751544952393

-------------Round number: 19-------------

Evaluate personalized models
Averaged Train Loss: 0.0045
Averaged Test Accurancy: 0.9967
Averaged Test AUC: 1.0000
Std Test Accurancy: 0.0050
Std Test AUC: 0.0001
------------------------- time cost ------------------------- 8.967746496200562

-------------Round number: 20-------------

Evaluate personalized models
Averaged Train Loss: 0.0041
Averaged Test Accurancy: 0.9965
Averaged Test AUC: 1.0000
Std Test Accurancy: 0.0050
Std Test AUC: 0.0001
------------------------- time cost ------------------------- 9.94169020652771

-------------Round number: 21-------------

Evaluate personalized models
Averaged Train Loss: 0.0038
Averaged Test Accurancy: 0.9967
Averaged Test AUC: 1.0000
Std Test Accurancy: 0.0050
Std Test AUC: 0.0001
------------------------- time cost ------------------------- 8.46315050125122

-------------Round number: 22-------------

Evaluate personalized models
Averaged Train Loss: 0.0034
Averaged Test Accurancy: 0.9967
Averaged Test AUC: 1.0000
Std Test Accurancy: 0.0041
Std Test AUC: 0.0001
------------------------- time cost ------------------------- 9.993456840515137

-------------Round number: 23-------------

Evaluate personalized models
Averaged Train Loss: 0.0030
Averaged Test Accurancy: 0.9970
Averaged Test AUC: 1.0000
Std Test Accurancy: 0.0043
Std Test AUC: 0.0001
------------------------- time cost ------------------------- 8.609777927398682

-------------Round number: 24-------------

Evaluate personalized models
Averaged Train Loss: 0.0029
Averaged Test Accurancy: 0.9971
Averaged Test AUC: 1.0000
Std Test Accurancy: 0.0040
Std Test AUC: 0.0001
------------------------- time cost ------------------------- 10.170274019241333

-------------Round number: 25-------------

Evaluate personalized models
Averaged Train Loss: 0.0026
Averaged Test Accurancy: 0.9970
Averaged Test AUC: 1.0000
Std Test Accurancy: 0.0040
Std Test AUC: 0.0000
------------------------- time cost ------------------------- 8.457958221435547

-------------Round number: 26-------------

Evaluate personalized models
Averaged Train Loss: 0.0024
Averaged Test Accurancy: 0.9970
Averaged Test AUC: 1.0000
Std Test Accurancy: 0.0042
Std Test AUC: 0.0000
------------------------- time cost ------------------------- 7.87873101234436

-------------Round number: 27-------------

Evaluate personalized models
Averaged Train Loss: 0.0021
Averaged Test Accurancy: 0.9970
Averaged Test AUC: 1.0000
Std Test Accurancy: 0.0042
Std Test AUC: 0.0000
------------------------- time cost ------------------------- 7.8864054679870605

-------------Round number: 28-------------

Evaluate personalized models
Averaged Train Loss: 0.0020
Averaged Test Accurancy: 0.9971
Averaged Test AUC: 1.0000
Std Test Accurancy: 0.0042
Std Test AUC: 0.0000
------------------------- time cost ------------------------- 8.285860061645508

-------------Round number: 29-------------

Evaluate personalized models
Averaged Train Loss: 0.0019
Averaged Test Accurancy: 0.9971
Averaged Test AUC: 1.0000
Std Test Accurancy: 0.0038
Std Test AUC: 0.0000
------------------------- time cost ------------------------- 8.274611473083496

-------------Round number: 30-------------

Evaluate personalized models
Averaged Train Loss: 0.0018
Averaged Test Accurancy: 0.9972
Averaged Test AUC: 1.0000
Std Test Accurancy: 0.0039
Std Test AUC: 0.0000
------------------------- time cost ------------------------- 8.587599992752075

-------------Round number: 31-------------

Evaluate personalized models
Averaged Train Loss: 0.0017
Averaged Test Accurancy: 0.9970
Averaged Test AUC: 1.0000
Std Test Accurancy: 0.0038
Std Test AUC: 0.0001
------------------------- time cost ------------------------- 8.948509693145752

-------------Round number: 32-------------

Evaluate personalized models
Averaged Train Loss: 0.0016
Averaged Test Accurancy: 0.9974
Averaged Test AUC: 1.0000
Std Test Accurancy: 0.0038
Std Test AUC: 0.0000
------------------------- time cost ------------------------- 9.097303867340088

-------------Round number: 33-------------

Evaluate personalized models
Averaged Train Loss: 0.0014
Averaged Test Accurancy: 0.9969
Averaged Test AUC: 1.0000
Std Test Accurancy: 0.0038
Std Test AUC: 0.0000
------------------------- time cost ------------------------- 8.441143035888672

-------------Round number: 34-------------

Evaluate personalized models
Averaged Train Loss: 0.0014
Averaged Test Accurancy: 0.9969
Averaged Test AUC: 1.0000
Std Test Accurancy: 0.0035
Std Test AUC: 0.0000
------------------------- time cost ------------------------- 7.471740007400513

-------------Round number: 35-------------

Evaluate personalized models
Averaged Train Loss: 0.0012
Averaged Test Accurancy: 0.9973
Averaged Test AUC: 1.0000
Std Test Accurancy: 0.0036
Std Test AUC: 0.0000
------------------------- time cost ------------------------- 7.530012607574463

-------------Round number: 36-------------

Evaluate personalized models
Averaged Train Loss: 0.0011
Averaged Test Accurancy: 0.9973
Averaged Test AUC: 1.0000
Std Test Accurancy: 0.0035
Std Test AUC: 0.0000
------------------------- time cost ------------------------- 9.785932302474976

-------------Round number: 37-------------

Evaluate personalized models
Averaged Train Loss: 0.0010
Averaged Test Accurancy: 0.9973
Averaged Test AUC: 1.0000
Std Test Accurancy: 0.0035
Std Test AUC: 0.0000
------------------------- time cost ------------------------- 9.542582273483276

-------------Round number: 38-------------

Evaluate personalized models
Averaged Train Loss: 0.0010
Averaged Test Accurancy: 0.9977
Averaged Test AUC: 1.0000
Std Test Accurancy: 0.0033
Std Test AUC: 0.0000
------------------------- time cost ------------------------- 8.918050050735474

-------------Round number: 39-------------

Evaluate personalized models
Averaged Train Loss: 0.0010
Averaged Test Accurancy: 0.9974
Averaged Test AUC: 1.0000
Std Test Accurancy: 0.0032
Std Test AUC: 0.0000
------------------------- time cost ------------------------- 9.024025440216064

-------------Round number: 40-------------

Evaluate personalized models
Averaged Train Loss: 0.0008
Averaged Test Accurancy: 0.9975
Averaged Test AUC: 1.0000
Std Test Accurancy: 0.0036
Std Test AUC: 0.0000
------------------------- time cost ------------------------- 9.737032175064087

-------------Round number: 41-------------

Evaluate personalized models
Averaged Train Loss: 0.0008
Averaged Test Accurancy: 0.9974
Averaged Test AUC: 1.0000
Std Test Accurancy: 0.0035
Std Test AUC: 0.0000
------------------------- time cost ------------------------- 9.318682193756104

-------------Round number: 42-------------

Evaluate personalized models
Averaged Train Loss: 0.0008
Averaged Test Accurancy: 0.9976
Averaged Test AUC: 1.0000
Std Test Accurancy: 0.0034
Std Test AUC: 0.0000
------------------------- time cost ------------------------- 8.875368118286133

-------------Round number: 43-------------

Evaluate personalized models
Averaged Train Loss: 0.0007
Averaged Test Accurancy: 0.9975
Averaged Test AUC: 1.0000
Std Test Accurancy: 0.0030
Std Test AUC: 0.0000
------------------------- time cost ------------------------- 9.090246438980103

-------------Round number: 44-------------

Evaluate personalized models
Averaged Train Loss: 0.0007
Averaged Test Accurancy: 0.9976
Averaged Test AUC: 1.0000
Std Test Accurancy: 0.0034
Std Test AUC: 0.0000
------------------------- time cost ------------------------- 9.381643056869507

-------------Round number: 45-------------

Evaluate personalized models
Averaged Train Loss: 0.0006
Averaged Test Accurancy: 0.9975
Averaged Test AUC: 1.0000
Std Test Accurancy: 0.0031
Std Test AUC: 0.0000
------------------------- time cost ------------------------- 9.873658657073975

-------------Round number: 46-------------

Evaluate personalized models
Averaged Train Loss: 0.0006
Averaged Test Accurancy: 0.9975
Averaged Test AUC: 1.0000
Std Test Accurancy: 0.0036
Std Test AUC: 0.0000
------------------------- time cost ------------------------- 8.649181842803955

-------------Round number: 47-------------

Evaluate personalized models
Averaged Train Loss: 0.0006
Averaged Test Accurancy: 0.9975
Averaged Test AUC: 1.0000
Std Test Accurancy: 0.0033
Std Test AUC: 0.0000
------------------------- time cost ------------------------- 7.986059665679932

-------------Round number: 48-------------

Evaluate personalized models
Averaged Train Loss: 0.0005
Averaged Test Accurancy: 0.9976
Averaged Test AUC: 1.0000
Std Test Accurancy: 0.0032
Std Test AUC: 0.0000
------------------------- time cost ------------------------- 9.853171586990356

-------------Round number: 49-------------

Evaluate personalized models
Averaged Train Loss: 0.0005
Averaged Test Accurancy: 0.9978
Averaged Test AUC: 1.0000
Std Test Accurancy: 0.0032
Std Test AUC: 0.0000
------------------------- time cost ------------------------- 10.048287868499756

-------------Round number: 50-------------

Evaluate personalized models
Averaged Train Loss: 0.0005
Averaged Test Accurancy: 0.9977
Averaged Test AUC: 1.0000
Std Test Accurancy: 0.0032
Std Test AUC: 0.0000
------------------------- time cost ------------------------- 10.203072547912598

Best accuracy.
0.9977723196435712

Average time cost per round.
9.012598180770874
File path: ../results/MNIST_PFL-DA_test_0.h5

Average time cost: 460.15s.
Length:  51
std for best accurancy: 0.0
mean for best accurancy: 0.9977723196435712
All done!

Storage on cuda:0
-------------------------------------------------------------------------------
Total Tensors: 35611316 	Used Memory: 91.51M
The allocated memory on cuda:0: 109.01M
Memory differs due to the matrix alignment or invisible gradient buffer tensors
-------------------------------------------------------------------------------

Total time cost: 460.22s.
