==================================================
goal = test
device = cuda
device_id = 0
dataset = Cifar10
num_classes = 10
model = CNN
batch_size = 64
local_learning_rate = 0.01
learning_rate_decay = False
learning_rate_decay_gamma = 0.99
global_rounds = 50
top_cnt = 100
local_epochs = 1
algorithm = Ditto
join_ratio = 0.8
random_join_ratio = False
num_clients = 20
prev = 0
times = 1
eval_gap = 1
save_folder_name = items
auto_break = False
dlg_eval = False
dlg_gap = 100
batch_num_per_client = 2
num_new_clients = 0
fine_tuning_epoch_new = 0
feature_dim = 512
vocab_size = 32000
max_len = 200
client_drop_rate = 0.0
train_slow_rate = 0.0
send_slow_rate = 0.0
time_select = False
time_threthold = 10000
beta = 0.0
lamda = 1.0
mu = 0.0
K = 5
p_learning_rate = 0.01
M = 5
itk = 4000
alphaK = 1.0
sigma = 1.0
alpha = 1.0
plocal_epochs = 1
tau = 1.0
fine_tuning_epochs = 10
dr_learning_rate = 0.0
L = 1.0
noise_dim = 512
generator_learning_rate = 0.005
hidden_dim = 512
server_epochs = 1000
localize_feature_extractor = False
server_learning_rate = 1.0
eta = 1.0
rand_percent = 80
layer_idx = 2
mentee_learning_rate = 0.005
T_start = 0.95
T_end = 0.98
momentum = 0.1
kl_weight = 0.0
pruning_ratio = 0.5
pruning_method = magnitude
pruning_frequency = 1
==================================================

============= Running time: 0th =============
Creating server and clients ...
FedAvgCNN(
  (conv1): Sequential(
    (0): Conv2d(3, 32, kernel_size=(5, 5), stride=(1, 1))
    (1): ReLU(inplace=True)
    (2): MaxPool2d(kernel_size=(2, 2), stride=(2, 2), padding=0, dilation=1, ceil_mode=False)
  )
  (conv2): Sequential(
    (0): Conv2d(32, 64, kernel_size=(5, 5), stride=(1, 1))
    (1): ReLU(inplace=True)
    (2): MaxPool2d(kernel_size=(2, 2), stride=(2, 2), padding=0, dilation=1, ceil_mode=False)
  )
  (fc1): Sequential(
    (0): Linear(in_features=1600, out_features=512, bias=True)
    (1): ReLU(inplace=True)
  )
  (fc): Linear(in_features=512, out_features=10, bias=True)
)

Join ratio / total clients: 0.8 / 20
Finished creating server and clients.

-------------Round number: 0-------------

Evaluate global models
Averaged Train Loss: 2.3040
Averaged Test Accurancy: 0.0953
Averaged Test AUC: 0.4940
Std Test Accurancy: 0.1338
Std Test AUC: 0.1674

Evaluate personalized models
Averaged Train Loss: 2.3040
Averaged Test Accurancy: 0.0953
Averaged Test AUC: 0.4945
Std Test Accurancy: 0.1338
Std Test AUC: 0.1691
------------------------- time cost ------------------------- 10.576493978500366

-------------Round number: 1-------------

Evaluate global models
Averaged Train Loss: 2.3494
Averaged Test Accurancy: 0.0963
Averaged Test AUC: 0.5160
Std Test Accurancy: 0.1492
Std Test AUC: 0.2936

Evaluate personalized models
Averaged Train Loss: 1.3261
Averaged Test Accurancy: 0.4907
Averaged Test AUC: 0.8325
Std Test Accurancy: 0.2543
Std Test AUC: 0.2210
------------------------- time cost ------------------------- 10.607910394668579

-------------Round number: 2-------------

Evaluate global models
Averaged Train Loss: 2.5415
Averaged Test Accurancy: 0.1659
Averaged Test AUC: 0.5279
Std Test Accurancy: 0.1880
Std Test AUC: 0.3040

Evaluate personalized models
Averaged Train Loss: 1.0843
Averaged Test Accurancy: 0.5386
Averaged Test AUC: 0.8594
Std Test Accurancy: 0.2309
Std Test AUC: 0.1821
------------------------- time cost ------------------------- 11.040033102035522

-------------Round number: 3-------------

Evaluate global models
Averaged Train Loss: 2.3389
Averaged Test Accurancy: 0.1600
Averaged Test AUC: 0.5415
Std Test Accurancy: 0.2923
Std Test AUC: 0.3141

Evaluate personalized models
Averaged Train Loss: 0.6398
Averaged Test Accurancy: 0.6861
Averaged Test AUC: 0.9724
Std Test Accurancy: 0.0787
Std Test AUC: 0.0094
------------------------- time cost ------------------------- 11.188169717788696

-------------Round number: 4-------------

Evaluate global models
Averaged Train Loss: 2.2500
Averaged Test Accurancy: 0.1648
Averaged Test AUC: 0.5972
Std Test Accurancy: 0.1850
Std Test AUC: 0.2459

Evaluate personalized models
Averaged Train Loss: 0.5805
Averaged Test Accurancy: 0.7082
Averaged Test AUC: 0.9747
Std Test Accurancy: 0.0658
Std Test AUC: 0.0078
------------------------- time cost ------------------------- 10.76293134689331

-------------Round number: 5-------------

Evaluate global models
Averaged Train Loss: 2.2887
Averaged Test Accurancy: 0.1806
Averaged Test AUC: 0.6023
Std Test Accurancy: 0.2518
Std Test AUC: 0.2988

Evaluate personalized models
Averaged Train Loss: 0.5477
Averaged Test Accurancy: 0.7157
Averaged Test AUC: 0.9763
Std Test Accurancy: 0.0675
Std Test AUC: 0.0084
------------------------- time cost ------------------------- 10.898921251296997

-------------Round number: 6-------------

Evaluate global models
Averaged Train Loss: 2.2224
Averaged Test Accurancy: 0.2027
Averaged Test AUC: 0.6200
Std Test Accurancy: 0.2320
Std Test AUC: 0.2495

Evaluate personalized models
Averaged Train Loss: 0.5380
Averaged Test Accurancy: 0.7292
Averaged Test AUC: 0.9775
Std Test Accurancy: 0.0703
Std Test AUC: 0.0079
------------------------- time cost ------------------------- 10.452710628509521

-------------Round number: 7-------------

Evaluate global models
Averaged Train Loss: 2.2858
Averaged Test Accurancy: 0.1583
Averaged Test AUC: 0.5990
Std Test Accurancy: 0.2086
Std Test AUC: 0.2396

Evaluate personalized models
Averaged Train Loss: 0.5304
Averaged Test Accurancy: 0.7259
Averaged Test AUC: 0.9772
Std Test Accurancy: 0.0806
Std Test AUC: 0.0090
------------------------- time cost ------------------------- 10.893127918243408

-------------Round number: 8-------------

Evaluate global models
Averaged Train Loss: 2.1775
Averaged Test Accurancy: 0.2127
Averaged Test AUC: 0.6405
Std Test Accurancy: 0.2508
Std Test AUC: 0.2638

Evaluate personalized models
Averaged Train Loss: 0.5118
Averaged Test Accurancy: 0.7406
Averaged Test AUC: 0.9789
Std Test Accurancy: 0.0729
Std Test AUC: 0.0089
------------------------- time cost ------------------------- 10.325785875320435

-------------Round number: 9-------------

Evaluate global models
Averaged Train Loss: 2.2747
Averaged Test Accurancy: 0.1971
Averaged Test AUC: 0.6091
Std Test Accurancy: 0.2535
Std Test AUC: 0.2978

Evaluate personalized models
Averaged Train Loss: 0.5035
Averaged Test Accurancy: 0.7453
Averaged Test AUC: 0.9797
Std Test Accurancy: 0.0696
Std Test AUC: 0.0076
------------------------- time cost ------------------------- 11.288734197616577

-------------Round number: 10-------------

Evaluate global models
Averaged Train Loss: 2.1183
Averaged Test Accurancy: 0.2344
Averaged Test AUC: 0.6843
Std Test Accurancy: 0.2633
Std Test AUC: 0.1687

Evaluate personalized models
Averaged Train Loss: 0.5028
Averaged Test Accurancy: 0.7449
Averaged Test AUC: 0.9804
Std Test Accurancy: 0.0611
Std Test AUC: 0.0074
------------------------- time cost ------------------------- 11.364468097686768

-------------Round number: 11-------------

Evaluate global models
Averaged Train Loss: 2.1016
Averaged Test Accurancy: 0.2586
Averaged Test AUC: 0.6821
Std Test Accurancy: 0.2328
Std Test AUC: 0.1767

Evaluate personalized models
Averaged Train Loss: 0.4748
Averaged Test Accurancy: 0.7690
Averaged Test AUC: 0.9826
Std Test Accurancy: 0.0578
Std Test AUC: 0.0068
------------------------- time cost ------------------------- 11.05931544303894

-------------Round number: 12-------------

Evaluate global models
Averaged Train Loss: 2.1192
Averaged Test Accurancy: 0.2430
Averaged Test AUC: 0.6914
Std Test Accurancy: 0.2371
Std Test AUC: 0.1538

Evaluate personalized models
Averaged Train Loss: 0.4703
Averaged Test Accurancy: 0.7652
Averaged Test AUC: 0.9824
Std Test Accurancy: 0.0638
Std Test AUC: 0.0079
------------------------- time cost ------------------------- 11.55659556388855

-------------Round number: 13-------------

Evaluate global models
Averaged Train Loss: 2.0808
Averaged Test Accurancy: 0.2524
Averaged Test AUC: 0.7078
Std Test Accurancy: 0.1289
Std Test AUC: 0.0890

Evaluate personalized models
Averaged Train Loss: 0.4491
Averaged Test Accurancy: 0.7835
Averaged Test AUC: 0.9842
Std Test Accurancy: 0.0595
Std Test AUC: 0.0069
------------------------- time cost ------------------------- 10.957119226455688

-------------Round number: 14-------------

Evaluate global models
Averaged Train Loss: 2.1553
Averaged Test Accurancy: 0.2738
Averaged Test AUC: 0.6662
Std Test Accurancy: 0.2057
Std Test AUC: 0.2808

Evaluate personalized models
Averaged Train Loss: 0.4447
Averaged Test Accurancy: 0.7848
Averaged Test AUC: 0.9845
Std Test Accurancy: 0.0560
Std Test AUC: 0.0066
------------------------- time cost ------------------------- 11.387035131454468

-------------Round number: 15-------------

Evaluate global models
Averaged Train Loss: 2.0551
Averaged Test Accurancy: 0.2746
Averaged Test AUC: 0.7134
Std Test Accurancy: 0.2207
Std Test AUC: 0.1328

Evaluate personalized models
Averaged Train Loss: 0.4397
Averaged Test Accurancy: 0.7881
Averaged Test AUC: 0.9845
Std Test Accurancy: 0.0606
Std Test AUC: 0.0069
------------------------- time cost ------------------------- 10.174996137619019

-------------Round number: 16-------------

Evaluate global models
Averaged Train Loss: 2.1533
Averaged Test Accurancy: 0.2458
Averaged Test AUC: 0.6487
Std Test Accurancy: 0.2061
Std Test AUC: 0.2510

Evaluate personalized models
Averaged Train Loss: 0.4286
Averaged Test Accurancy: 0.7969
Averaged Test AUC: 0.9857
Std Test Accurancy: 0.0581
Std Test AUC: 0.0068
------------------------- time cost ------------------------- 10.474631547927856

-------------Round number: 17-------------

Evaluate global models
Averaged Train Loss: 2.1587
Averaged Test Accurancy: 0.2693
Averaged Test AUC: 0.6600
Std Test Accurancy: 0.2381
Std Test AUC: 0.2656

Evaluate personalized models
Averaged Train Loss: 0.4280
Averaged Test Accurancy: 0.7932
Averaged Test AUC: 0.9851
Std Test Accurancy: 0.0744
Std Test AUC: 0.0093
------------------------- time cost ------------------------- 10.62120795249939

-------------Round number: 18-------------

Evaluate global models
Averaged Train Loss: 2.1365
Averaged Test Accurancy: 0.2254
Averaged Test AUC: 0.6630
Std Test Accurancy: 0.2110
Std Test AUC: 0.1953

Evaluate personalized models
Averaged Train Loss: 0.4292
Averaged Test Accurancy: 0.7897
Averaged Test AUC: 0.9850
Std Test Accurancy: 0.0648
Std Test AUC: 0.0070
------------------------- time cost ------------------------- 10.415245056152344

-------------Round number: 19-------------

Evaluate global models
Averaged Train Loss: 2.1491
Averaged Test Accurancy: 0.2550
Averaged Test AUC: 0.6683
Std Test Accurancy: 0.2366
Std Test AUC: 0.2395

Evaluate personalized models
Averaged Train Loss: 0.4118
Averaged Test Accurancy: 0.8039
Averaged Test AUC: 0.9865
Std Test Accurancy: 0.0598
Std Test AUC: 0.0067
------------------------- time cost ------------------------- 11.00681185722351

-------------Round number: 20-------------

Evaluate global models
Averaged Train Loss: 2.0877
Averaged Test Accurancy: 0.2851
Averaged Test AUC: 0.6845
Std Test Accurancy: 0.2576
Std Test AUC: 0.2182

Evaluate personalized models
Averaged Train Loss: 0.4028
Averaged Test Accurancy: 0.8101
Averaged Test AUC: 0.9870
Std Test Accurancy: 0.0600
Std Test AUC: 0.0069
------------------------- time cost ------------------------- 10.504788875579834

-------------Round number: 21-------------

Evaluate global models
Averaged Train Loss: 2.1861
Averaged Test Accurancy: 0.2299
Averaged Test AUC: 0.6687
Std Test Accurancy: 0.1983
Std Test AUC: 0.2183

Evaluate personalized models
Averaged Train Loss: 0.4005
Averaged Test Accurancy: 0.8093
Averaged Test AUC: 0.9869
Std Test Accurancy: 0.0600
Std Test AUC: 0.0071
------------------------- time cost ------------------------- 10.606742143630981

-------------Round number: 22-------------

Evaluate global models
Averaged Train Loss: 2.0795
Averaged Test Accurancy: 0.2575
Averaged Test AUC: 0.7037
Std Test Accurancy: 0.2212
Std Test AUC: 0.1926

Evaluate personalized models
Averaged Train Loss: 0.4022
Averaged Test Accurancy: 0.8041
Averaged Test AUC: 0.9867
Std Test Accurancy: 0.0609
Std Test AUC: 0.0072
------------------------- time cost ------------------------- 10.340523958206177

-------------Round number: 23-------------

Evaluate global models
Averaged Train Loss: 2.0620
Averaged Test Accurancy: 0.2628
Averaged Test AUC: 0.7116
Std Test Accurancy: 0.2967
Std Test AUC: 0.2001

Evaluate personalized models
Averaged Train Loss: 0.4196
Averaged Test Accurancy: 0.7951
Averaged Test AUC: 0.9857
Std Test Accurancy: 0.0728
Std Test AUC: 0.0081
------------------------- time cost ------------------------- 10.978601455688477

-------------Round number: 24-------------

Evaluate global models
Averaged Train Loss: 2.0097
Averaged Test Accurancy: 0.2967
Averaged Test AUC: 0.7197
Std Test Accurancy: 0.2169
Std Test AUC: 0.1975

Evaluate personalized models
Averaged Train Loss: 0.3887
Averaged Test Accurancy: 0.8137
Averaged Test AUC: 0.9874
Std Test Accurancy: 0.0647
Std Test AUC: 0.0073
------------------------- time cost ------------------------- 10.833984851837158

-------------Round number: 25-------------

Evaluate global models
Averaged Train Loss: 2.0232
Averaged Test Accurancy: 0.2732
Averaged Test AUC: 0.7261
Std Test Accurancy: 0.1598
Std Test AUC: 0.1539

Evaluate personalized models
Averaged Train Loss: 0.3753
Averaged Test Accurancy: 0.8209
Averaged Test AUC: 0.9885
Std Test Accurancy: 0.0581
Std Test AUC: 0.0066
------------------------- time cost ------------------------- 11.572144746780396

-------------Round number: 26-------------

Evaluate global models
Averaged Train Loss: 1.9180
Averaged Test Accurancy: 0.3331
Averaged Test AUC: 0.7694
Std Test Accurancy: 0.1700
Std Test AUC: 0.0629

Evaluate personalized models
Averaged Train Loss: 0.3877
Averaged Test Accurancy: 0.8112
Averaged Test AUC: 0.9876
Std Test Accurancy: 0.0619
Std Test AUC: 0.0067
------------------------- time cost ------------------------- 10.439778566360474

-------------Round number: 27-------------

Evaluate global models
Averaged Train Loss: 2.0518
Averaged Test Accurancy: 0.2658
Averaged Test AUC: 0.7157
Std Test Accurancy: 0.2348
Std Test AUC: 0.1746

Evaluate personalized models
Averaged Train Loss: 0.3767
Averaged Test Accurancy: 0.8220
Averaged Test AUC: 0.9886
Std Test Accurancy: 0.0591
Std Test AUC: 0.0065
------------------------- time cost ------------------------- 10.942784309387207

-------------Round number: 28-------------

Evaluate global models
Averaged Train Loss: 1.9547
Averaged Test Accurancy: 0.2957
Averaged Test AUC: 0.7501
Std Test Accurancy: 0.2301
Std Test AUC: 0.1368

Evaluate personalized models
Averaged Train Loss: 0.3834
Averaged Test Accurancy: 0.8148
Averaged Test AUC: 0.9882
Std Test Accurancy: 0.0530
Std Test AUC: 0.0059
------------------------- time cost ------------------------- 11.151867628097534

-------------Round number: 29-------------

Evaluate global models
Averaged Train Loss: 1.9281
Averaged Test Accurancy: 0.3077
Averaged Test AUC: 0.7599
Std Test Accurancy: 0.2343
Std Test AUC: 0.0921

Evaluate personalized models
Averaged Train Loss: 0.3800
Averaged Test Accurancy: 0.8199
Averaged Test AUC: 0.9885
Std Test Accurancy: 0.0523
Std Test AUC: 0.0057
------------------------- time cost ------------------------- 10.386070966720581

-------------Round number: 30-------------

Evaluate global models
Averaged Train Loss: 2.0372
Averaged Test Accurancy: 0.2610
Averaged Test AUC: 0.7098
Std Test Accurancy: 0.2503
Std Test AUC: 0.1816

Evaluate personalized models
Averaged Train Loss: 0.3810
Averaged Test Accurancy: 0.8175
Averaged Test AUC: 0.9881
Std Test Accurancy: 0.0604
Std Test AUC: 0.0070
------------------------- time cost ------------------------- 10.182772636413574

-------------Round number: 31-------------

Evaluate global models
Averaged Train Loss: 2.0581
Averaged Test Accurancy: 0.2939
Averaged Test AUC: 0.6895
Std Test Accurancy: 0.2354
Std Test AUC: 0.2317

Evaluate personalized models
Averaged Train Loss: 0.3724
Averaged Test Accurancy: 0.8199
Averaged Test AUC: 0.9886
Std Test Accurancy: 0.0566
Std Test AUC: 0.0064
------------------------- time cost ------------------------- 10.550311803817749

-------------Round number: 32-------------

Evaluate global models
Averaged Train Loss: 1.9643
Averaged Test Accurancy: 0.2993
Averaged Test AUC: 0.7390
Std Test Accurancy: 0.2723
Std Test AUC: 0.1616

Evaluate personalized models
Averaged Train Loss: 0.3471
Averaged Test Accurancy: 0.8362
Averaged Test AUC: 0.9896
Std Test Accurancy: 0.0657
Std Test AUC: 0.0068
------------------------- time cost ------------------------- 10.79731035232544

-------------Round number: 33-------------

Evaluate global models
Averaged Train Loss: 1.9364
Averaged Test Accurancy: 0.3186
Averaged Test AUC: 0.7593
Std Test Accurancy: 0.2359
Std Test AUC: 0.1328

Evaluate personalized models
Averaged Train Loss: 0.3424
Averaged Test Accurancy: 0.8341
Averaged Test AUC: 0.9897
Std Test Accurancy: 0.0644
Std Test AUC: 0.0068
------------------------- time cost ------------------------- 11.387067794799805

-------------Round number: 34-------------

Evaluate global models
Averaged Train Loss: 1.8485
Averaged Test Accurancy: 0.3574
Averaged Test AUC: 0.7879
Std Test Accurancy: 0.1289
Std Test AUC: 0.0407

Evaluate personalized models
Averaged Train Loss: 0.3438
Averaged Test Accurancy: 0.8352
Averaged Test AUC: 0.9898
Std Test Accurancy: 0.0561
Std Test AUC: 0.0060
------------------------- time cost ------------------------- 10.838602542877197

-------------Round number: 35-------------

Evaluate global models
Averaged Train Loss: 1.9484
Averaged Test Accurancy: 0.3516
Averaged Test AUC: 0.7359
Std Test Accurancy: 0.1994
Std Test AUC: 0.2347

Evaluate personalized models
Averaged Train Loss: 0.3407
Averaged Test Accurancy: 0.8358
Averaged Test AUC: 0.9900
Std Test Accurancy: 0.0572
Std Test AUC: 0.0059
------------------------- time cost ------------------------- 11.018603324890137

-------------Round number: 36-------------

Evaluate global models
Averaged Train Loss: 1.8556
Averaged Test Accurancy: 0.3487
Averaged Test AUC: 0.7779
Std Test Accurancy: 0.1839
Std Test AUC: 0.1021

Evaluate personalized models
Averaged Train Loss: 0.3339
Averaged Test Accurancy: 0.8342
Averaged Test AUC: 0.9899
Std Test Accurancy: 0.0613
Std Test AUC: 0.0064
------------------------- time cost ------------------------- 11.015746116638184

-------------Round number: 37-------------

Evaluate global models
Averaged Train Loss: 1.8620
Averaged Test Accurancy: 0.3302
Averaged Test AUC: 0.7784
Std Test Accurancy: 0.2622
Std Test AUC: 0.0884

Evaluate personalized models
Averaged Train Loss: 0.3322
Averaged Test Accurancy: 0.8363
Averaged Test AUC: 0.9901
Std Test Accurancy: 0.0624
Std Test AUC: 0.0064
------------------------- time cost ------------------------- 10.887068033218384

-------------Round number: 38-------------

Evaluate global models
Averaged Train Loss: 1.8955
Averaged Test Accurancy: 0.3223
Averaged Test AUC: 0.7727
Std Test Accurancy: 0.2560
Std Test AUC: 0.1213

Evaluate personalized models
Averaged Train Loss: 0.3193
Averaged Test Accurancy: 0.8450
Averaged Test AUC: 0.9907
Std Test Accurancy: 0.0605
Std Test AUC: 0.0062
------------------------- time cost ------------------------- 10.801164627075195

-------------Round number: 39-------------

Evaluate global models
Averaged Train Loss: 1.8891
Averaged Test Accurancy: 0.3175
Averaged Test AUC: 0.7630
Std Test Accurancy: 0.2229
Std Test AUC: 0.1248

Evaluate personalized models
Averaged Train Loss: 0.3146
Averaged Test Accurancy: 0.8445
Averaged Test AUC: 0.9907
Std Test Accurancy: 0.0637
Std Test AUC: 0.0064
------------------------- time cost ------------------------- 11.444470405578613

-------------Round number: 40-------------

Evaluate global models
Averaged Train Loss: 1.8263
Averaged Test Accurancy: 0.3452
Averaged Test AUC: 0.7872
Std Test Accurancy: 0.1569
Std Test AUC: 0.0547

Evaluate personalized models
Averaged Train Loss: 0.3144
Averaged Test Accurancy: 0.8470
Averaged Test AUC: 0.9910
Std Test Accurancy: 0.0554
Std Test AUC: 0.0060
------------------------- time cost ------------------------- 11.349391460418701

-------------Round number: 41-------------

Evaluate global models
Averaged Train Loss: 1.8170
Averaged Test Accurancy: 0.3470
Averaged Test AUC: 0.7914
Std Test Accurancy: 0.2193
Std Test AUC: 0.0573

Evaluate personalized models
Averaged Train Loss: 0.3333
Averaged Test Accurancy: 0.8360
Averaged Test AUC: 0.9899
Std Test Accurancy: 0.0631
Std Test AUC: 0.0070
------------------------- time cost ------------------------- 10.381013870239258

-------------Round number: 42-------------

Evaluate global models
Averaged Train Loss: 1.9766
Averaged Test Accurancy: 0.2901
Averaged Test AUC: 0.7388
Std Test Accurancy: 0.2693
Std Test AUC: 0.1498

Evaluate personalized models
Averaged Train Loss: 0.3156
Averaged Test Accurancy: 0.8424
Averaged Test AUC: 0.9905
Std Test Accurancy: 0.0681
Std Test AUC: 0.0072
------------------------- time cost ------------------------- 10.68085503578186

-------------Round number: 43-------------

Evaluate global models
Averaged Train Loss: 1.8792
Averaged Test Accurancy: 0.3177
Averaged Test AUC: 0.7746
Std Test Accurancy: 0.2741
Std Test AUC: 0.1179

Evaluate personalized models
Averaged Train Loss: 0.3133
Averaged Test Accurancy: 0.8489
Averaged Test AUC: 0.9908
Std Test Accurancy: 0.0597
Std Test AUC: 0.0059
------------------------- time cost ------------------------- 10.883403301239014

-------------Round number: 44-------------

Evaluate global models
Averaged Train Loss: 1.8441
Averaged Test Accurancy: 0.3302
Averaged Test AUC: 0.7814
Std Test Accurancy: 0.2254
Std Test AUC: 0.0915

Evaluate personalized models
Averaged Train Loss: 0.3048
Averaged Test Accurancy: 0.8465
Averaged Test AUC: 0.9910
Std Test Accurancy: 0.0588
Std Test AUC: 0.0059
------------------------- time cost ------------------------- 10.197309494018555

-------------Round number: 45-------------

Evaluate global models
Averaged Train Loss: 1.9287
Averaged Test Accurancy: 0.3165
Averaged Test AUC: 0.7506
Std Test Accurancy: 0.2452
Std Test AUC: 0.1588

Evaluate personalized models
Averaged Train Loss: 0.3182
Averaged Test Accurancy: 0.8394
Averaged Test AUC: 0.9905
Std Test Accurancy: 0.0548
Std Test AUC: 0.0057
------------------------- time cost ------------------------- 10.955580949783325

-------------Round number: 46-------------

Evaluate global models
Averaged Train Loss: 1.8188
Averaged Test Accurancy: 0.3504
Averaged Test AUC: 0.7800
Std Test Accurancy: 0.2004
Std Test AUC: 0.1087

Evaluate personalized models
Averaged Train Loss: 0.2935
Averaged Test Accurancy: 0.8532
Averaged Test AUC: 0.9915
Std Test Accurancy: 0.0557
Std Test AUC: 0.0057
------------------------- time cost ------------------------- 10.815483331680298

-------------Round number: 47-------------

Evaluate global models
Averaged Train Loss: 1.8843
Averaged Test Accurancy: 0.3247
Averaged Test AUC: 0.7627
Std Test Accurancy: 0.2190
Std Test AUC: 0.1382

Evaluate personalized models
Averaged Train Loss: 0.2978
Averaged Test Accurancy: 0.8546
Averaged Test AUC: 0.9915
Std Test Accurancy: 0.0564
Std Test AUC: 0.0055
------------------------- time cost ------------------------- 11.592732906341553

-------------Round number: 48-------------

Evaluate global models
Averaged Train Loss: 1.7987
Averaged Test Accurancy: 0.3651
Averaged Test AUC: 0.7893
Std Test Accurancy: 0.1016
Std Test AUC: 0.0665

Evaluate personalized models
Averaged Train Loss: 0.2922
Averaged Test Accurancy: 0.8560
Averaged Test AUC: 0.9915
Std Test Accurancy: 0.0557
Std Test AUC: 0.0056
------------------------- time cost ------------------------- 11.251537799835205

-------------Round number: 49-------------

Evaluate global models
Averaged Train Loss: 1.7799
Averaged Test Accurancy: 0.3744
Averaged Test AUC: 0.8001
Std Test Accurancy: 0.0431
Std Test AUC: 0.0235

Evaluate personalized models
Averaged Train Loss: 0.2943
Averaged Test Accurancy: 0.8557
Averaged Test AUC: 0.9916
Std Test Accurancy: 0.0525
Std Test AUC: 0.0055
------------------------- time cost ------------------------- 10.867616891860962

-------------Round number: 50-------------

Evaluate global models
Averaged Train Loss: 1.8694
Averaged Test Accurancy: 0.3580
Averaged Test AUC: 0.7640
Std Test Accurancy: 0.2244
Std Test AUC: 0.1862

Evaluate personalized models
Averaged Train Loss: 0.2873
Averaged Test Accurancy: 0.8566
Averaged Test AUC: 0.9916
Std Test Accurancy: 0.0606
Std Test AUC: 0.0059
------------------------- time cost ------------------------- 10.954142332077026

Best accuracy.
0.8566289140572951

Average time cost per round.
10.861704459190369
File path: ../results/Cifar10_Ditto_test_0.h5

Average time cost: 555.85s.
Length:  102
std for best accurancy: 0.0
mean for best accurancy: 0.8566289140572951
All done!

Storage on cuda:0
-------------------------------------------------------------------------------
Total Tensors: 107181636 	Used Memory: 274.91M
The allocated memory on cuda:0: 291.16M
Memory differs due to the matrix alignment or invisible gradient buffer tensors
-------------------------------------------------------------------------------

Total time cost: 555.92s.
