==================================================
goal = test
device = cuda
device_id = 0
dataset = MNIST
num_classes = 10
model = CNN
batch_size = 64
local_learning_rate = 0.01
learning_rate_decay = False
learning_rate_decay_gamma = 0.99
global_rounds = 50
top_cnt = 100
local_epochs = 5
algorithm = PFL-DA
join_ratio = 1.0
random_join_ratio = False
num_clients = 20
prev = 0
times = 1
eval_gap = 1
save_folder_name = items
auto_break = False
dlg_eval = False
dlg_gap = 100
batch_num_per_client = 2
num_new_clients = 0
fine_tuning_epoch_new = 0
feature_dim = 512
vocab_size = 32000
max_len = 200
client_drop_rate = 0.0
train_slow_rate = 0.0
send_slow_rate = 0.0
time_select = False
time_threthold = 10000
beta = 0.0
lamda = 1.0
mu = 0.0
K = 5
p_learning_rate = 0.01
M = 5
itk = 4000
alphaK = 1.0
sigma = 1.0
alpha = 1.0
plocal_epochs = 1
tau = 1.0
fine_tuning_epochs = 10
dr_learning_rate = 0.0
L = 1.0
noise_dim = 512
generator_learning_rate = 0.005
hidden_dim = 512
server_epochs = 1000
localize_feature_extractor = False
server_learning_rate = 1.0
eta = 1.0
rand_percent = 80
layer_idx = 2
mentee_learning_rate = 0.005
T_start = 0.95
T_end = 0.98
momentum = 0.1
kl_weight = 0.0
prune_interval = 5
prune_amount = 0.5
==================================================

============= Running time: 0th =============
Creating server and clients ...
FedAvgCNN(
  (conv1): Sequential(
    (0): Conv2d(1, 32, kernel_size=(5, 5), stride=(1, 1))
    (1): ReLU(inplace=True)
    (2): MaxPool2d(kernel_size=(2, 2), stride=(2, 2), padding=0, dilation=1, ceil_mode=False)
  )
  (conv2): Sequential(
    (0): Conv2d(32, 64, kernel_size=(5, 5), stride=(1, 1))
    (1): ReLU(inplace=True)
    (2): MaxPool2d(kernel_size=(2, 2), stride=(2, 2), padding=0, dilation=1, ceil_mode=False)
  )
  (fc1): Sequential(
    (0): Linear(in_features=1024, out_features=512, bias=True)
    (1): ReLU(inplace=True)
  )
  (fc): Linear(in_features=512, out_features=10, bias=True)
)

Join ratio / total clients: 1.0 / 20
Finished creating server and clients.

-------------Round number: 0-------------

Evaluate personalized models
Averaged Train Loss: 2.3125
Averaged Test Accurancy: 0.0583
Averaged Test AUC: 0.4299
Std Test Accurancy: 0.0526
Std Test AUC: 0.1484
------------------------- time cost ------------------------- 11.148761510848999

-------------Round number: 1-------------

Evaluate personalized models
Averaged Train Loss: 0.3330
Averaged Test Accurancy: 0.9058
Averaged Test AUC: 0.9956
Std Test Accurancy: 0.1538
Std Test AUC: 0.0086
------------------------- time cost ------------------------- 11.05513882637024

-------------Round number: 2-------------

Evaluate personalized models
Averaged Train Loss: 0.0396
Averaged Test Accurancy: 0.9878
Averaged Test AUC: 0.9996
Std Test Accurancy: 0.0231
Std Test AUC: 0.0018
------------------------- time cost ------------------------- 11.095973253250122

-------------Round number: 3-------------

Evaluate personalized models
Averaged Train Loss: 0.0247
Averaged Test Accurancy: 0.9909
Averaged Test AUC: 0.9998
Std Test Accurancy: 0.0170
Std Test AUC: 0.0006
------------------------- time cost ------------------------- 10.925172567367554

-------------Round number: 4-------------

Evaluate personalized models
Averaged Train Loss: 0.0190
Averaged Test Accurancy: 0.9925
Averaged Test AUC: 0.9999
Std Test Accurancy: 0.0127
Std Test AUC: 0.0004
------------------------- time cost ------------------------- 11.000171184539795

-------------Round number: 5-------------

Evaluate personalized models
Averaged Train Loss: 0.0156
Averaged Test Accurancy: 0.9937
Averaged Test AUC: 0.9999
Std Test Accurancy: 0.0112
Std Test AUC: 0.0003
------------------------- time cost ------------------------- 10.9218590259552

-------------Round number: 6-------------

Evaluate personalized models
Averaged Train Loss: 0.0131
Averaged Test Accurancy: 0.9945
Averaged Test AUC: 0.9999
Std Test Accurancy: 0.0111
Std Test AUC: 0.0003
------------------------- time cost ------------------------- 10.992903709411621

-------------Round number: 7-------------

Evaluate personalized models
Averaged Train Loss: 0.0112
Averaged Test Accurancy: 0.9947
Averaged Test AUC: 0.9999
Std Test Accurancy: 0.0085
Std Test AUC: 0.0002
------------------------- time cost ------------------------- 10.924159049987793

-------------Round number: 8-------------

Evaluate personalized models
Averaged Train Loss: 0.0103
Averaged Test Accurancy: 0.9953
Averaged Test AUC: 0.9999
Std Test Accurancy: 0.0067
Std Test AUC: 0.0002
------------------------- time cost ------------------------- 10.870899200439453

-------------Round number: 9-------------

Evaluate personalized models
Averaged Train Loss: 0.0090
Averaged Test Accurancy: 0.9950
Averaged Test AUC: 0.9999
Std Test Accurancy: 0.0084
Std Test AUC: 0.0001
------------------------- time cost ------------------------- 11.000226020812988

-------------Round number: 10-------------

Evaluate personalized models
Averaged Train Loss: 0.0082
Averaged Test Accurancy: 0.9955
Averaged Test AUC: 0.9999
Std Test Accurancy: 0.0075
Std Test AUC: 0.0001
------------------------- time cost ------------------------- 10.923730611801147

-------------Round number: 11-------------

Evaluate personalized models
Averaged Train Loss: 0.0069
Averaged Test Accurancy: 0.9958
Averaged Test AUC: 0.9999
Std Test Accurancy: 0.0068
Std Test AUC: 0.0001
------------------------- time cost ------------------------- 10.990746021270752

-------------Round number: 12-------------

Evaluate personalized models
Averaged Train Loss: 0.0064
Averaged Test Accurancy: 0.9963
Averaged Test AUC: 1.0000
Std Test Accurancy: 0.0056
Std Test AUC: 0.0001
------------------------- time cost ------------------------- 11.054638385772705

-------------Round number: 13-------------

Evaluate personalized models
Averaged Train Loss: 0.0056
Averaged Test Accurancy: 0.9960
Averaged Test AUC: 1.0000
Std Test Accurancy: 0.0055
Std Test AUC: 0.0001
------------------------- time cost ------------------------- 10.939606666564941

-------------Round number: 14-------------

Evaluate personalized models
Averaged Train Loss: 0.0049
Averaged Test Accurancy: 0.9967
Averaged Test AUC: 1.0000
Std Test Accurancy: 0.0051
Std Test AUC: 0.0001
------------------------- time cost ------------------------- 10.9990553855896

-------------Round number: 15-------------

Evaluate personalized models
Averaged Train Loss: 0.0044
Averaged Test Accurancy: 0.9966
Averaged Test AUC: 1.0000
Std Test Accurancy: 0.0045
Std Test AUC: 0.0001
------------------------- time cost ------------------------- 11.018478631973267

-------------Round number: 16-------------

Evaluate personalized models
Averaged Train Loss: 0.0040
Averaged Test Accurancy: 0.9965
Averaged Test AUC: 1.0000
Std Test Accurancy: 0.0051
Std Test AUC: 0.0001
------------------------- time cost ------------------------- 10.931419372558594

-------------Round number: 17-------------

Evaluate personalized models
Averaged Train Loss: 0.0037
Averaged Test Accurancy: 0.9969
Averaged Test AUC: 1.0000
Std Test Accurancy: 0.0045
Std Test AUC: 0.0001
------------------------- time cost ------------------------- 11.02788257598877

-------------Round number: 18-------------

Evaluate personalized models
Averaged Train Loss: 0.0030
Averaged Test Accurancy: 0.9967
Averaged Test AUC: 1.0000
Std Test Accurancy: 0.0039
Std Test AUC: 0.0001
------------------------- time cost ------------------------- 10.97642993927002

-------------Round number: 19-------------

Evaluate personalized models
Averaged Train Loss: 0.0032
Averaged Test Accurancy: 0.9969
Averaged Test AUC: 1.0000
Std Test Accurancy: 0.0043
Std Test AUC: 0.0001
------------------------- time cost ------------------------- 10.818037986755371

-------------Round number: 20-------------

Evaluate personalized models
Averaged Train Loss: 0.0025
Averaged Test Accurancy: 0.9970
Averaged Test AUC: 1.0000
Std Test Accurancy: 0.0043
Std Test AUC: 0.0000
------------------------- time cost ------------------------- 10.911182165145874

-------------Round number: 21-------------

Evaluate personalized models
Averaged Train Loss: 0.0023
Averaged Test Accurancy: 0.9969
Averaged Test AUC: 1.0000
Std Test Accurancy: 0.0043
Std Test AUC: 0.0000
------------------------- time cost ------------------------- 10.90519666671753

-------------Round number: 22-------------

Evaluate personalized models
Averaged Train Loss: 0.0021
Averaged Test Accurancy: 0.9970
Averaged Test AUC: 1.0000
Std Test Accurancy: 0.0043
Std Test AUC: 0.0000
------------------------- time cost ------------------------- 10.832157850265503

-------------Round number: 23-------------

Evaluate personalized models
Averaged Train Loss: 0.0018
Averaged Test Accurancy: 0.9972
Averaged Test AUC: 1.0000
Std Test Accurancy: 0.0038
Std Test AUC: 0.0001
------------------------- time cost ------------------------- 10.939286708831787

-------------Round number: 24-------------

Evaluate personalized models
Averaged Train Loss: 0.0017
Averaged Test Accurancy: 0.9970
Averaged Test AUC: 1.0000
Std Test Accurancy: 0.0038
Std Test AUC: 0.0000
------------------------- time cost ------------------------- 10.961798191070557

-------------Round number: 25-------------

Evaluate personalized models
Averaged Train Loss: 0.0015
Averaged Test Accurancy: 0.9971
Averaged Test AUC: 1.0000
Std Test Accurancy: 0.0043
Std Test AUC: 0.0000
------------------------- time cost ------------------------- 10.952351093292236

-------------Round number: 26-------------

Evaluate personalized models
Averaged Train Loss: 0.0014
Averaged Test Accurancy: 0.9973
Averaged Test AUC: 1.0000
Std Test Accurancy: 0.0041
Std Test AUC: 0.0000
------------------------- time cost ------------------------- 10.895253658294678

-------------Round number: 27-------------

Evaluate personalized models
Averaged Train Loss: 0.0013
Averaged Test Accurancy: 0.9973
Averaged Test AUC: 1.0000
Std Test Accurancy: 0.0037
Std Test AUC: 0.0000
------------------------- time cost ------------------------- 10.96346640586853

-------------Round number: 28-------------

Evaluate personalized models
Averaged Train Loss: 0.0012
Averaged Test Accurancy: 0.9974
Averaged Test AUC: 1.0000
Std Test Accurancy: 0.0037
Std Test AUC: 0.0000
------------------------- time cost ------------------------- 10.99589204788208

-------------Round number: 29-------------

Evaluate personalized models
Averaged Train Loss: 0.0010
Averaged Test Accurancy: 0.9975
Averaged Test AUC: 1.0000
Std Test Accurancy: 0.0037
Std Test AUC: 0.0000
------------------------- time cost ------------------------- 10.968853235244751

-------------Round number: 30-------------

Evaluate personalized models
Averaged Train Loss: 0.0010
Averaged Test Accurancy: 0.9974
Averaged Test AUC: 1.0000
Std Test Accurancy: 0.0036
Std Test AUC: 0.0000
------------------------- time cost ------------------------- 10.95535659790039

-------------Round number: 31-------------

Evaluate personalized models
Averaged Train Loss: 0.0009
Averaged Test Accurancy: 0.9975
Averaged Test AUC: 1.0000
Std Test Accurancy: 0.0034
Std Test AUC: 0.0000
------------------------- time cost ------------------------- 10.86977243423462

-------------Round number: 32-------------

Evaluate personalized models
Averaged Train Loss: 0.0008
Averaged Test Accurancy: 0.9973
Averaged Test AUC: 1.0000
Std Test Accurancy: 0.0039
Std Test AUC: 0.0000
------------------------- time cost ------------------------- 10.958515167236328

-------------Round number: 33-------------

Evaluate personalized models
Averaged Train Loss: 0.0008
Averaged Test Accurancy: 0.9975
Averaged Test AUC: 1.0000
Std Test Accurancy: 0.0032
Std Test AUC: 0.0000
------------------------- time cost ------------------------- 10.967947721481323

-------------Round number: 34-------------

Evaluate personalized models
Averaged Train Loss: 0.0007
Averaged Test Accurancy: 0.9975
Averaged Test AUC: 1.0000
Std Test Accurancy: 0.0034
Std Test AUC: 0.0000
------------------------- time cost ------------------------- 10.968775272369385

-------------Round number: 35-------------

Evaluate personalized models
Averaged Train Loss: 0.0006
Averaged Test Accurancy: 0.9977
Averaged Test AUC: 1.0000
Std Test Accurancy: 0.0034
Std Test AUC: 0.0000
------------------------- time cost ------------------------- 10.600158452987671

-------------Round number: 36-------------

Evaluate personalized models
Averaged Train Loss: 0.0006
Averaged Test Accurancy: 0.9974
Averaged Test AUC: 1.0000
Std Test Accurancy: 0.0033
Std Test AUC: 0.0000
------------------------- time cost ------------------------- 10.700247526168823

-------------Round number: 37-------------

Evaluate personalized models
Averaged Train Loss: 0.0006
Averaged Test Accurancy: 0.9978
Averaged Test AUC: 1.0000
Std Test Accurancy: 0.0033
Std Test AUC: 0.0000
------------------------- time cost ------------------------- 11.087370872497559

-------------Round number: 38-------------

Evaluate personalized models
Averaged Train Loss: 0.0005
Averaged Test Accurancy: 0.9978
Averaged Test AUC: 1.0000
Std Test Accurancy: 0.0031
Std Test AUC: 0.0000
------------------------- time cost ------------------------- 11.001899719238281

-------------Round number: 39-------------

Evaluate personalized models
Averaged Train Loss: 0.0005
Averaged Test Accurancy: 0.9975
Averaged Test AUC: 1.0000
Std Test Accurancy: 0.0035
Std Test AUC: 0.0000
------------------------- time cost ------------------------- 10.619649648666382

-------------Round number: 40-------------

Evaluate personalized models
Averaged Train Loss: 0.0005
Averaged Test Accurancy: 0.9976
Averaged Test AUC: 1.0000
Std Test Accurancy: 0.0032
Std Test AUC: 0.0000
------------------------- time cost ------------------------- 10.35859203338623

-------------Round number: 41-------------

Evaluate personalized models
Averaged Train Loss: 0.0004
Averaged Test Accurancy: 0.9977
Averaged Test AUC: 1.0000
Std Test Accurancy: 0.0036
Std Test AUC: 0.0000
------------------------- time cost ------------------------- 10.411794424057007

-------------Round number: 42-------------

Evaluate personalized models
Averaged Train Loss: 0.0004
Averaged Test Accurancy: 0.9977
Averaged Test AUC: 1.0000
Std Test Accurancy: 0.0034
Std Test AUC: 0.0000
------------------------- time cost ------------------------- 10.501897811889648

-------------Round number: 43-------------

Evaluate personalized models
Averaged Train Loss: 0.0004
Averaged Test Accurancy: 0.9977
Averaged Test AUC: 1.0000
Std Test Accurancy: 0.0031
Std Test AUC: 0.0000
------------------------- time cost ------------------------- 11.013291120529175

-------------Round number: 44-------------

Evaluate personalized models
Averaged Train Loss: 0.0004
Averaged Test Accurancy: 0.9977
Averaged Test AUC: 1.0000
Std Test Accurancy: 0.0031
Std Test AUC: 0.0000
------------------------- time cost ------------------------- 11.082487106323242

-------------Round number: 45-------------

Evaluate personalized models
Averaged Train Loss: 0.0003
Averaged Test Accurancy: 0.9978
Averaged Test AUC: 1.0000
Std Test Accurancy: 0.0032
Std Test AUC: 0.0000
------------------------- time cost ------------------------- 11.007779836654663

-------------Round number: 46-------------

Evaluate personalized models
Averaged Train Loss: 0.0003
Averaged Test Accurancy: 0.9979
Averaged Test AUC: 1.0000
Std Test Accurancy: 0.0030
Std Test AUC: 0.0000
------------------------- time cost ------------------------- 10.843326330184937

-------------Round number: 47-------------

Evaluate personalized models
Averaged Train Loss: 0.0003
Averaged Test Accurancy: 0.9977
Averaged Test AUC: 1.0000
Std Test Accurancy: 0.0032
Std Test AUC: 0.0000
------------------------- time cost ------------------------- 10.911456823348999

-------------Round number: 48-------------

Evaluate personalized models
Averaged Train Loss: 0.0003
Averaged Test Accurancy: 0.9977
Averaged Test AUC: 1.0000
Std Test Accurancy: 0.0032
Std Test AUC: 0.0000
------------------------- time cost ------------------------- 10.908355236053467

-------------Round number: 49-------------

Evaluate personalized models
Averaged Train Loss: 0.0003
Averaged Test Accurancy: 0.9978
Averaged Test AUC: 1.0000
Std Test Accurancy: 0.0032
Std Test AUC: 0.0000
------------------------- time cost ------------------------- 10.98473334312439

-------------Round number: 50-------------

Evaluate personalized models
Averaged Train Loss: 0.0003
Averaged Test Accurancy: 0.9977
Averaged Test AUC: 1.0000
Std Test Accurancy: 0.0033
Std Test AUC: 0.0000
------------------------- time cost ------------------------- 10.960276126861572

Best accuracy.
0.9979436796709887

Average time cost per round.
10.910113000869751
File path: ../results/MNIST_PFL-DA_test_0.h5

Average time cost: 557.37s.
Length:  51
std for best accurancy: 0.0
mean for best accurancy: 0.9979436796709887
All done!

Storage on cuda:0
-------------------------------------------------------------------------------
Total Tensors: 35611316 	Used Memory: 91.51M
The allocated memory on cuda:0: 109.01M
Memory differs due to the matrix alignment or invisible gradient buffer tensors
-------------------------------------------------------------------------------

Total time cost: 557.44s.
