==================================================
goal = test
device = cuda
device_id = 0
dataset = MNIST
num_classes = 10
model = CNN
batch_size = 64
local_learning_rate = 0.01
learning_rate_decay = False
learning_rate_decay_gamma = 0.99
global_rounds = 50
top_cnt = 100
local_epochs = 10
algorithm = FedDyn
join_ratio = 0.8
random_join_ratio = False
num_clients = 20
prev = 0
times = 1
eval_gap = 1
save_folder_name = items
auto_break = False
dlg_eval = False
dlg_gap = 100
batch_num_per_client = 2
num_new_clients = 0
fine_tuning_epoch_new = 0
feature_dim = 512
vocab_size = 32000
max_len = 200
client_drop_rate = 0.0
train_slow_rate = 0.0
send_slow_rate = 0.0
time_select = False
time_threthold = 10000
beta = 0.0
lamda = 1.0
mu = 0.0
K = 5
p_learning_rate = 0.01
M = 5
itk = 4000
alphaK = 1.0
sigma = 1.0
alpha = 0.1
plocal_epochs = 1
tau = 1.0
fine_tuning_epochs = 10
dr_learning_rate = 0.0
L = 1.0
noise_dim = 512
generator_learning_rate = 0.005
hidden_dim = 512
server_epochs = 1000
localize_feature_extractor = False
server_learning_rate = 1.0
eta = 1.0
rand_percent = 80
layer_idx = 2
mentee_learning_rate = 0.005
T_start = 0.95
T_end = 0.98
momentum = 0.1
kl_weight = 0.0
prune_interval = 5
prune_amount = 0.5
==================================================

============= Running time: 0th =============
Creating server and clients ...
FedAvgCNN(
  (conv1): Sequential(
    (0): Conv2d(1, 32, kernel_size=(5, 5), stride=(1, 1))
    (1): ReLU(inplace=True)
    (2): MaxPool2d(kernel_size=(2, 2), stride=(2, 2), padding=0, dilation=1, ceil_mode=False)
  )
  (conv2): Sequential(
    (0): Conv2d(32, 64, kernel_size=(5, 5), stride=(1, 1))
    (1): ReLU(inplace=True)
    (2): MaxPool2d(kernel_size=(2, 2), stride=(2, 2), padding=0, dilation=1, ceil_mode=False)
  )
  (fc1): Sequential(
    (0): Linear(in_features=1024, out_features=512, bias=True)
    (1): ReLU(inplace=True)
  )
  (fc): Linear(in_features=512, out_features=10, bias=True)
)

Join ratio / total clients: 0.8 / 20
Finished creating server and clients.

-------------Round number: 0-------------

Evaluate global model
Averaged Train Loss: 2.3125
Averaged Test Accurancy: 0.0583
Averaged Test AUC: 0.4299
Std Test Accurancy: 0.0526
Std Test AUC: 0.1484
-------------------------------------------------- 12.862913131713867

-------------Round number: 1-------------

Evaluate global model
Averaged Train Loss: 2.2355
Averaged Test Accurancy: 0.3528
Averaged Test AUC: 0.6764
Std Test Accurancy: 0.4230
Std Test AUC: 0.3277
-------------------------------------------------- 13.064124822616577

-------------Round number: 2-------------

Evaluate global model
Averaged Train Loss: 1.6347
Averaged Test Accurancy: 0.5115
Averaged Test AUC: 0.8752
Std Test Accurancy: 0.3432
Std Test AUC: 0.1276
-------------------------------------------------- 12.92083740234375

-------------Round number: 3-------------

Evaluate global model
Averaged Train Loss: 1.1026
Averaged Test Accurancy: 0.6890
Averaged Test AUC: 0.9329
Std Test Accurancy: 0.2085
Std Test AUC: 0.0476
-------------------------------------------------- 14.143930435180664

-------------Round number: 4-------------

Evaluate global model
Averaged Train Loss: 1.0133
Averaged Test Accurancy: 0.7478
Averaged Test AUC: 0.9456
Std Test Accurancy: 0.1073
Std Test AUC: 0.0225
-------------------------------------------------- 11.418648719787598

-------------Round number: 5-------------

Evaluate global model
Averaged Train Loss: 0.9457
Averaged Test Accurancy: 0.7576
Averaged Test AUC: 0.9489
Std Test Accurancy: 0.0790
Std Test AUC: 0.0159
-------------------------------------------------- 14.275603294372559

-------------Round number: 6-------------

Evaluate global model
Averaged Train Loss: 0.8646
Averaged Test Accurancy: 0.7744
Averaged Test AUC: 0.9542
Std Test Accurancy: 0.1675
Std Test AUC: 0.0306
-------------------------------------------------- 12.224864482879639

-------------Round number: 7-------------

Evaluate global model
Averaged Train Loss: 0.6659
Averaged Test Accurancy: 0.8248
Averaged Test AUC: 0.9623
Std Test Accurancy: 0.0707
Std Test AUC: 0.0148
-------------------------------------------------- 13.858669757843018

-------------Round number: 8-------------

Evaluate global model
Averaged Train Loss: 0.6364
Averaged Test Accurancy: 0.8056
Averaged Test AUC: 0.9606
Std Test Accurancy: 0.1576
Std Test AUC: 0.0328
-------------------------------------------------- 13.985273361206055

-------------Round number: 9-------------

Evaluate global model
Averaged Train Loss: 0.5783
Averaged Test Accurancy: 0.8169
Averaged Test AUC: 0.9628
Std Test Accurancy: 0.1679
Std Test AUC: 0.0305
-------------------------------------------------- 12.720047950744629

-------------Round number: 10-------------

Evaluate global model
Averaged Train Loss: 0.6171
Averaged Test Accurancy: 0.8011
Averaged Test AUC: 0.9637
Std Test Accurancy: 0.1669
Std Test AUC: 0.0235
-------------------------------------------------- 12.140299081802368

-------------Round number: 11-------------

Evaluate global model
Averaged Train Loss: 0.7486
Averaged Test Accurancy: 0.8023
Averaged Test AUC: 0.9540
Std Test Accurancy: 0.2974
Std Test AUC: 0.0721
-------------------------------------------------- 14.216488122940063

-------------Round number: 12-------------

Evaluate global model
Averaged Train Loss: 0.8085
Averaged Test Accurancy: 0.7588
Averaged Test AUC: 0.9528
Std Test Accurancy: 0.2088
Std Test AUC: 0.0449
-------------------------------------------------- 12.334975957870483

-------------Round number: 13-------------

Evaluate global model
Averaged Train Loss: 0.5089
Averaged Test Accurancy: 0.8393
Averaged Test AUC: 0.9706
Std Test Accurancy: 0.2397
Std Test AUC: 0.0406
-------------------------------------------------- 12.716808319091797

-------------Round number: 14-------------

Evaluate global model
Averaged Train Loss: 0.3270
Averaged Test Accurancy: 0.9141
Averaged Test AUC: 0.9840
Std Test Accurancy: 0.0454
Std Test AUC: 0.0053
-------------------------------------------------- 13.860488653182983

-------------Round number: 15-------------

Evaluate global model
Averaged Train Loss: 0.3222
Averaged Test Accurancy: 0.9107
Averaged Test AUC: 0.9835
Std Test Accurancy: 0.0409
Std Test AUC: 0.0046
-------------------------------------------------- 13.503028631210327

-------------Round number: 16-------------

Evaluate global model
Averaged Train Loss: 0.3147
Averaged Test Accurancy: 0.9161
Averaged Test AUC: 0.9832
Std Test Accurancy: 0.0703
Std Test AUC: 0.0134
-------------------------------------------------- 11.762131214141846

-------------Round number: 17-------------

Evaluate global model
Averaged Train Loss: 0.2698
Averaged Test Accurancy: 0.9333
Averaged Test AUC: 0.9876
Std Test Accurancy: 0.0263
Std Test AUC: 0.0050
-------------------------------------------------- 13.499123573303223

-------------Round number: 18-------------

Evaluate global model
Averaged Train Loss: 0.2747
Averaged Test Accurancy: 0.9277
Averaged Test AUC: 0.9881
Std Test Accurancy: 0.0464
Std Test AUC: 0.0054
-------------------------------------------------- 11.364877700805664

-------------Round number: 19-------------

Evaluate global model
Averaged Train Loss: 0.2640
Averaged Test Accurancy: 0.9405
Averaged Test AUC: 0.9869
Std Test Accurancy: 0.0358
Std Test AUC: 0.0087
-------------------------------------------------- 13.253382205963135

-------------Round number: 20-------------

Evaluate global model
Averaged Train Loss: 0.2793
Averaged Test Accurancy: 0.9316
Averaged Test AUC: 0.9864
Std Test Accurancy: 0.0586
Std Test AUC: 0.0107
-------------------------------------------------- 13.559043645858765

-------------Round number: 21-------------

Evaluate global model
Averaged Train Loss: 0.2710
Averaged Test Accurancy: 0.9306
Averaged Test AUC: 0.9863
Std Test Accurancy: 0.0656
Std Test AUC: 0.0141
-------------------------------------------------- 11.622874736785889

-------------Round number: 22-------------

Evaluate global model
Averaged Train Loss: 0.3188
Averaged Test Accurancy: 0.9068
Averaged Test AUC: 0.9816
Std Test Accurancy: 0.1360
Std Test AUC: 0.0266
-------------------------------------------------- 12.305532693862915

-------------Round number: 23-------------

Evaluate global model
Averaged Train Loss: 0.2807
Averaged Test Accurancy: 0.9144
Averaged Test AUC: 0.9868
Std Test Accurancy: 0.0590
Std Test AUC: 0.0071
-------------------------------------------------- 11.600887537002563

-------------Round number: 24-------------

Evaluate global model
Averaged Train Loss: 0.3671
Averaged Test Accurancy: 0.8914
Averaged Test AUC: 0.9754
Std Test Accurancy: 0.1187
Std Test AUC: 0.0271
-------------------------------------------------- 14.133576154708862

-------------Round number: 25-------------

Evaluate global model
Averaged Train Loss: 0.2478
Averaged Test Accurancy: 0.9413
Averaged Test AUC: 0.9869
Std Test Accurancy: 0.0249
Std Test AUC: 0.0071
-------------------------------------------------- 13.099682807922363

-------------Round number: 26-------------

Evaluate global model
Averaged Train Loss: 0.2251
Averaged Test Accurancy: 0.9439
Averaged Test AUC: 0.9900
Std Test Accurancy: 0.0411
Std Test AUC: 0.0062
-------------------------------------------------- 13.486994743347168

-------------Round number: 27-------------

Evaluate global model
Averaged Train Loss: 0.2158
Averaged Test Accurancy: 0.9404
Averaged Test AUC: 0.9897
Std Test Accurancy: 0.0450
Std Test AUC: 0.0084
-------------------------------------------------- 12.248794555664062

-------------Round number: 28-------------

Evaluate global model
Averaged Train Loss: 0.1852
Averaged Test Accurancy: 0.9540
Averaged Test AUC: 0.9913
Std Test Accurancy: 0.0290
Std Test AUC: 0.0059
-------------------------------------------------- 14.236619234085083

-------------Round number: 29-------------

Evaluate global model
Averaged Train Loss: 0.1767
Averaged Test Accurancy: 0.9562
Averaged Test AUC: 0.9919
Std Test Accurancy: 0.0290
Std Test AUC: 0.0049
-------------------------------------------------- 13.191734313964844

-------------Round number: 30-------------

Evaluate global model
Averaged Train Loss: 0.2254
Averaged Test Accurancy: 0.9367
Averaged Test AUC: 0.9875
Std Test Accurancy: 0.0653
Std Test AUC: 0.0118
-------------------------------------------------- 13.11676812171936

-------------Round number: 31-------------

Evaluate global model
Averaged Train Loss: 0.1587
Averaged Test Accurancy: 0.9600
Averaged Test AUC: 0.9917
Std Test Accurancy: 0.0224
Std Test AUC: 0.0049
-------------------------------------------------- 10.941181659698486

-------------Round number: 32-------------

Evaluate global model
Averaged Train Loss: 0.2081
Averaged Test Accurancy: 0.9376
Averaged Test AUC: 0.9887
Std Test Accurancy: 0.0812
Std Test AUC: 0.0131
-------------------------------------------------- 10.785402297973633

-------------Round number: 33-------------

Evaluate global model
Averaged Train Loss: 0.1556
Averaged Test Accurancy: 0.9613
Averaged Test AUC: 0.9926
Std Test Accurancy: 0.0251
Std Test AUC: 0.0040
-------------------------------------------------- 11.168928146362305

-------------Round number: 34-------------

Evaluate global model
Averaged Train Loss: 0.1637
Averaged Test Accurancy: 0.9539
Averaged Test AUC: 0.9922
Std Test Accurancy: 0.0287
Std Test AUC: 0.0055
-------------------------------------------------- 14.259095191955566

-------------Round number: 35-------------

Evaluate global model
Averaged Train Loss: 0.1690
Averaged Test Accurancy: 0.9536
Averaged Test AUC: 0.9913
Std Test Accurancy: 0.0367
Std Test AUC: 0.0083
-------------------------------------------------- 12.750768184661865

-------------Round number: 36-------------

Evaluate global model
Averaged Train Loss: 0.1701
Averaged Test Accurancy: 0.9504
Averaged Test AUC: 0.9914
Std Test Accurancy: 0.0342
Std Test AUC: 0.0055
-------------------------------------------------- 12.662660837173462

-------------Round number: 37-------------

Evaluate global model
Averaged Train Loss: 0.1468
Averaged Test Accurancy: 0.9612
Averaged Test AUC: 0.9915
Std Test Accurancy: 0.0293
Std Test AUC: 0.0059
-------------------------------------------------- 12.472960710525513

-------------Round number: 38-------------

Evaluate global model
Averaged Train Loss: 0.1504
Averaged Test Accurancy: 0.9599
Averaged Test AUC: 0.9909
Std Test Accurancy: 0.0278
Std Test AUC: 0.0066
-------------------------------------------------- 9.998603582382202

-------------Round number: 39-------------

Evaluate global model
Averaged Train Loss: 0.1401
Averaged Test Accurancy: 0.9617
Averaged Test AUC: 0.9919
Std Test Accurancy: 0.0244
Std Test AUC: 0.0056
-------------------------------------------------- 11.954824447631836

-------------Round number: 40-------------

Evaluate global model
Averaged Train Loss: 0.1707
Averaged Test Accurancy: 0.9513
Averaged Test AUC: 0.9886
Std Test Accurancy: 0.0377
Std Test AUC: 0.0100
-------------------------------------------------- 12.867223262786865

-------------Round number: 41-------------

Evaluate global model
Averaged Train Loss: 0.1679
Averaged Test Accurancy: 0.9551
Averaged Test AUC: 0.9881
Std Test Accurancy: 0.0405
Std Test AUC: 0.0113
-------------------------------------------------- 12.089452743530273

-------------Round number: 42-------------

Evaluate global model
Averaged Train Loss: 0.1511
Averaged Test Accurancy: 0.9526
Averaged Test AUC: 0.9910
Std Test Accurancy: 0.0321
Std Test AUC: 0.0055
-------------------------------------------------- 11.779730081558228

-------------Round number: 43-------------

Evaluate global model
Averaged Train Loss: 0.1447
Averaged Test Accurancy: 0.9577
Averaged Test AUC: 0.9920
Std Test Accurancy: 0.0293
Std Test AUC: 0.0041
-------------------------------------------------- 14.407435417175293

-------------Round number: 44-------------

Evaluate global model
Averaged Train Loss: 0.2470
Averaged Test Accurancy: 0.9212
Averaged Test AUC: 0.9865
Std Test Accurancy: 0.0853
Std Test AUC: 0.0170
-------------------------------------------------- 13.906896591186523

-------------Round number: 45-------------

Evaluate global model
Averaged Train Loss: 0.1451
Averaged Test Accurancy: 0.9592
Averaged Test AUC: 0.9912
Std Test Accurancy: 0.0404
Std Test AUC: 0.0086
-------------------------------------------------- 14.343711853027344

-------------Round number: 46-------------

Evaluate global model
Averaged Train Loss: 0.1799
Averaged Test Accurancy: 0.9487
Averaged Test AUC: 0.9891
Std Test Accurancy: 0.0701
Std Test AUC: 0.0139
-------------------------------------------------- 11.565930366516113

-------------Round number: 47-------------

Evaluate global model
Averaged Train Loss: 0.1262
Averaged Test Accurancy: 0.9668
Averaged Test AUC: 0.9924
Std Test Accurancy: 0.0204
Std Test AUC: 0.0051
-------------------------------------------------- 12.247726917266846

-------------Round number: 48-------------

Evaluate global model
Averaged Train Loss: 0.1257
Averaged Test Accurancy: 0.9669
Averaged Test AUC: 0.9923
Std Test Accurancy: 0.0268
Std Test AUC: 0.0059
-------------------------------------------------- 13.669367551803589

-------------Round number: 49-------------

Evaluate global model
Averaged Train Loss: 0.1339
Averaged Test Accurancy: 0.9599
Averaged Test AUC: 0.9915
Std Test Accurancy: 0.0384
Std Test AUC: 0.0077
-------------------------------------------------- 12.941739559173584

-------------Round number: 50-------------

Evaluate global model
Averaged Train Loss: 0.1911
Averaged Test Accurancy: 0.9391
Averaged Test AUC: 0.9882
Std Test Accurancy: 0.0859
Std Test AUC: 0.0155
-------------------------------------------------- 11.445071697235107

Best accuracy.
0.9668703946992632

Best local accuracy.

Averaged time per iteration.
12.762496466636657
File path: ../results/MNIST_FedDyn_test_0.h5

Average time cost: 651.72s.
Length:  51
std for best accurancy: 0.0
mean for best accurancy: 0.9668703946992632
All done!

Storage on cuda:0
-------------------------------------------------------------------------------
Total Tensors: 59948678 	Used Memory: 184.36M
The allocated memory on cuda:0: 209.83M
Memory differs due to the matrix alignment or invisible gradient buffer tensors
-------------------------------------------------------------------------------

Total time cost: 651.79s.
