==================================================
goal = test
device = cuda
device_id = 0
dataset = MNIST
num_classes = 10
model = CNN
batch_size = 64
local_learning_rate = 0.01
learning_rate_decay = False
learning_rate_decay_gamma = 0.99
global_rounds = 50
top_cnt = 100
local_epochs = 1
algorithm = FedAvgPruned
join_ratio = 0.8
random_join_ratio = False
num_clients = 20
prev = 0
times = 1
eval_gap = 1
save_folder_name = items
auto_break = False
dlg_eval = False
dlg_gap = 100
batch_num_per_client = 2
num_new_clients = 0
fine_tuning_epoch_new = 0
feature_dim = 512
vocab_size = 32000
max_len = 200
client_drop_rate = 0.0
train_slow_rate = 0.0
send_slow_rate = 0.0
time_select = False
time_threthold = 10000
beta = 0.0
lamda = 1.0
mu = 0.0
K = 5
p_learning_rate = 0.01
M = 5
itk = 4000
alphaK = 1.0
sigma = 1.0
alpha = 1.0
plocal_epochs = 1
tau = 1.0
fine_tuning_epochs = 10
dr_learning_rate = 0.0
L = 1.0
noise_dim = 512
generator_learning_rate = 0.005
hidden_dim = 512
server_epochs = 1000
localize_feature_extractor = False
server_learning_rate = 1.0
eta = 1.0
rand_percent = 80
layer_idx = 2
mentee_learning_rate = 0.005
T_start = 0.95
T_end = 0.98
momentum = 0.1
kl_weight = 0.0
pruning_ratio = 0.25
pruning_method = magnitude
pruning_frequency = 5
==================================================

============= Running time: 0th =============
Creating server and clients ...
FedAvgCNN(
  (conv1): Sequential(
    (0): Conv2d(1, 32, kernel_size=(5, 5), stride=(1, 1))
    (1): ReLU(inplace=True)
    (2): MaxPool2d(kernel_size=(2, 2), stride=(2, 2), padding=0, dilation=1, ceil_mode=False)
  )
  (conv2): Sequential(
    (0): Conv2d(32, 64, kernel_size=(5, 5), stride=(1, 1))
    (1): ReLU(inplace=True)
    (2): MaxPool2d(kernel_size=(2, 2), stride=(2, 2), padding=0, dilation=1, ceil_mode=False)
  )
  (fc1): Sequential(
    (0): Linear(in_features=1024, out_features=512, bias=True)
    (1): ReLU(inplace=True)
  )
  (fc): Linear(in_features=512, out_features=10, bias=True)
)

Join ratio / total clients: 0.8 / 20
Finished creating server and clients.

-------------Round number: 0-------------

Evaluate global model
Averaged Train Loss: 2.3125
Averaged Test Accurancy: 0.0583
Averaged Test AUC: 0.4299
Std Test Accurancy: 0.0526
Std Test AUC: 0.1484
------------------------- time cost ------------------------- 2.8475747108459473

-------------Round number: 1-------------

Evaluate global model
Averaged Train Loss: 2.2394
Averaged Test Accurancy: 0.2590
Averaged Test AUC: 0.6412
Std Test Accurancy: 0.2493
Std Test AUC: 0.2181
------------------------- time cost ------------------------- 2.5468106269836426

-------------Round number: 2-------------

Evaluate global model
Averaged Train Loss: 2.1332
Averaged Test Accurancy: 0.4411
Averaged Test AUC: 0.6704
Std Test Accurancy: 0.3852
Std Test AUC: 0.3706
------------------------- time cost ------------------------- 2.612647533416748

-------------Round number: 3-------------

Evaluate global model
Averaged Train Loss: 1.8840
Averaged Test Accurancy: 0.5499
Averaged Test AUC: 0.8599
Std Test Accurancy: 0.3415
Std Test AUC: 0.1682
------------------------- time cost ------------------------- 2.5235135555267334

-------------Round number: 4-------------

Evaluate global model
Averaged Train Loss: 1.7628
Averaged Test Accurancy: 0.4144
Averaged Test AUC: 0.8210
Std Test Accurancy: 0.3657
Std Test AUC: 0.1622
------------------------- time cost ------------------------- 2.467717170715332

Applying magnitude pruning with ratio 0.25

Before pruning:
Model size: 2.22 MB

After pruning:
Model size: 1.67 MB
Compression ratio: 1.33x
Memory saved: 0.55 MB
Current model sparsity: 25.00%

-------------Round number: 5-------------

Evaluate global model
Averaged Train Loss: 1.6019
Averaged Test Accurancy: 0.5089
Averaged Test AUC: 0.8652
Std Test Accurancy: 0.4039
Std Test AUC: 0.1349
------------------------- time cost ------------------------- 2.5579724311828613

-------------Round number: 6-------------

Evaluate global model
Averaged Train Loss: 1.4793
Averaged Test Accurancy: 0.5678
Averaged Test AUC: 0.8868
Std Test Accurancy: 0.2909
Std Test AUC: 0.1200
------------------------- time cost ------------------------- 2.4167895317077637

-------------Round number: 7-------------

Evaluate global model
Averaged Train Loss: 1.4244
Averaged Test Accurancy: 0.5065
Averaged Test AUC: 0.8708
Std Test Accurancy: 0.4059
Std Test AUC: 0.1234
------------------------- time cost ------------------------- 2.714202880859375

-------------Round number: 8-------------

Evaluate global model
Averaged Train Loss: 1.1726
Averaged Test Accurancy: 0.7098
Averaged Test AUC: 0.9354
Std Test Accurancy: 0.1457
Std Test AUC: 0.0335
------------------------- time cost ------------------------- 2.4486355781555176

-------------Round number: 9-------------

Evaluate global model
Averaged Train Loss: 1.2475
Averaged Test Accurancy: 0.6354
Averaged Test AUC: 0.9023
Std Test Accurancy: 0.2760
Std Test AUC: 0.1173
------------------------- time cost ------------------------- 2.580214023590088

Applying magnitude pruning with ratio 0.25

Before pruning:
Model size: 2.22 MB

After pruning:
Model size: 1.67 MB
Compression ratio: 1.33x
Memory saved: 0.55 MB
Current model sparsity: 25.00%

-------------Round number: 10-------------

Evaluate global model
Averaged Train Loss: 1.1588
Averaged Test Accurancy: 0.6502
Averaged Test AUC: 0.8939
Std Test Accurancy: 0.3325
Std Test AUC: 0.1365
------------------------- time cost ------------------------- 2.719358444213867

-------------Round number: 11-------------

Evaluate global model
Averaged Train Loss: 0.9930
Averaged Test Accurancy: 0.7246
Averaged Test AUC: 0.9388
Std Test Accurancy: 0.1873
Std Test AUC: 0.0464
------------------------- time cost ------------------------- 2.495591640472412

-------------Round number: 12-------------

Evaluate global model
Averaged Train Loss: 1.0000
Averaged Test Accurancy: 0.6937
Averaged Test AUC: 0.9330
Std Test Accurancy: 0.1780
Std Test AUC: 0.0423
------------------------- time cost ------------------------- 2.5650579929351807

-------------Round number: 13-------------

Evaluate global model
Averaged Train Loss: 0.9246
Averaged Test Accurancy: 0.7434
Averaged Test AUC: 0.9453
Std Test Accurancy: 0.0800
Std Test AUC: 0.0199
------------------------- time cost ------------------------- 2.485534191131592

-------------Round number: 14-------------

Evaluate global model
Averaged Train Loss: 0.9301
Averaged Test Accurancy: 0.7251
Averaged Test AUC: 0.9430
Std Test Accurancy: 0.0570
Std Test AUC: 0.0123
------------------------- time cost ------------------------- 2.640237808227539

Applying magnitude pruning with ratio 0.25

Before pruning:
Model size: 2.22 MB

After pruning:
Model size: 1.67 MB
Compression ratio: 1.33x
Memory saved: 0.55 MB
Current model sparsity: 25.00%

-------------Round number: 15-------------

Evaluate global model
Averaged Train Loss: 0.8985
Averaged Test Accurancy: 0.7158
Averaged Test AUC: 0.9379
Std Test Accurancy: 0.2256
Std Test AUC: 0.0485
------------------------- time cost ------------------------- 2.6247317790985107

-------------Round number: 16-------------

Evaluate global model
Averaged Train Loss: 0.8271
Averaged Test Accurancy: 0.7668
Averaged Test AUC: 0.9502
Std Test Accurancy: 0.0655
Std Test AUC: 0.0164
------------------------- time cost ------------------------- 2.6866374015808105

-------------Round number: 17-------------

Evaluate global model
Averaged Train Loss: 0.7992
Averaged Test Accurancy: 0.7638
Averaged Test AUC: 0.9471
Std Test Accurancy: 0.1406
Std Test AUC: 0.0332
------------------------- time cost ------------------------- 2.2019777297973633

-------------Round number: 18-------------

Evaluate global model
Averaged Train Loss: 0.9169
Averaged Test Accurancy: 0.6703
Averaged Test AUC: 0.9330
Std Test Accurancy: 0.2704
Std Test AUC: 0.0527
------------------------- time cost ------------------------- 2.4521303176879883

-------------Round number: 19-------------

Evaluate global model
Averaged Train Loss: 0.8660
Averaged Test Accurancy: 0.6948
Averaged Test AUC: 0.9417
Std Test Accurancy: 0.2185
Std Test AUC: 0.0395
------------------------- time cost ------------------------- 2.7015795707702637

Applying magnitude pruning with ratio 0.25

Before pruning:
Model size: 2.22 MB

After pruning:
Model size: 1.67 MB
Compression ratio: 1.33x
Memory saved: 0.55 MB
Current model sparsity: 25.00%

-------------Round number: 20-------------

Evaluate global model
Averaged Train Loss: 0.7503
Averaged Test Accurancy: 0.7765
Averaged Test AUC: 0.9518
Std Test Accurancy: 0.1007
Std Test AUC: 0.0226
------------------------- time cost ------------------------- 2.440049171447754

-------------Round number: 21-------------

Evaluate global model
Averaged Train Loss: 0.7935
Averaged Test Accurancy: 0.7326
Averaged Test AUC: 0.9412
Std Test Accurancy: 0.2543
Std Test AUC: 0.0607
------------------------- time cost ------------------------- 2.480853796005249

-------------Round number: 22-------------

Evaluate global model
Averaged Train Loss: 0.8296
Averaged Test Accurancy: 0.7330
Averaged Test AUC: 0.9402
Std Test Accurancy: 0.1921
Std Test AUC: 0.0478
------------------------- time cost ------------------------- 2.5901150703430176

-------------Round number: 23-------------

Evaluate global model
Averaged Train Loss: 0.7174
Averaged Test Accurancy: 0.7779
Averaged Test AUC: 0.9502
Std Test Accurancy: 0.1397
Std Test AUC: 0.0330
------------------------- time cost ------------------------- 2.5461649894714355

-------------Round number: 24-------------

Evaluate global model
Averaged Train Loss: 0.6978
Averaged Test Accurancy: 0.7902
Averaged Test AUC: 0.9560
Std Test Accurancy: 0.0671
Std Test AUC: 0.0136
------------------------- time cost ------------------------- 2.303907871246338

Applying magnitude pruning with ratio 0.25

Before pruning:
Model size: 2.22 MB

After pruning:
Model size: 1.67 MB
Compression ratio: 1.33x
Memory saved: 0.55 MB
Current model sparsity: 25.00%

-------------Round number: 25-------------

Evaluate global model
Averaged Train Loss: 0.7772
Averaged Test Accurancy: 0.7370
Averaged Test AUC: 0.9427
Std Test Accurancy: 0.2342
Std Test AUC: 0.0520
------------------------- time cost ------------------------- 2.6448097229003906

-------------Round number: 26-------------

Evaluate global model
Averaged Train Loss: 0.6725
Averaged Test Accurancy: 0.7936
Averaged Test AUC: 0.9577
Std Test Accurancy: 0.1054
Std Test AUC: 0.0181
------------------------- time cost ------------------------- 2.6025495529174805

-------------Round number: 27-------------

Evaluate global model
Averaged Train Loss: 0.7507
Averaged Test Accurancy: 0.7500
Averaged Test AUC: 0.9441
Std Test Accurancy: 0.2804
Std Test AUC: 0.0677
------------------------- time cost ------------------------- 2.4548237323760986

-------------Round number: 28-------------

Evaluate global model
Averaged Train Loss: 0.7223
Averaged Test Accurancy: 0.7561
Averaged Test AUC: 0.9460
Std Test Accurancy: 0.2353
Std Test AUC: 0.0537
------------------------- time cost ------------------------- 2.593165159225464

-------------Round number: 29-------------

Evaluate global model
Averaged Train Loss: 0.6583
Averaged Test Accurancy: 0.7949
Averaged Test AUC: 0.9572
Std Test Accurancy: 0.1024
Std Test AUC: 0.0209
------------------------- time cost ------------------------- 2.4581987857818604

Applying magnitude pruning with ratio 0.25

Before pruning:
Model size: 2.22 MB

After pruning:
Model size: 1.67 MB
Compression ratio: 1.33x
Memory saved: 0.55 MB
Current model sparsity: 25.00%

-------------Round number: 30-------------

Evaluate global model
Averaged Train Loss: 0.6703
Averaged Test Accurancy: 0.7851
Averaged Test AUC: 0.9563
Std Test Accurancy: 0.1503
Std Test AUC: 0.0292
------------------------- time cost ------------------------- 2.6000404357910156

-------------Round number: 31-------------

Evaluate global model
Averaged Train Loss: 0.6988
Averaged Test Accurancy: 0.7589
Averaged Test AUC: 0.9480
Std Test Accurancy: 0.2576
Std Test AUC: 0.0569
------------------------- time cost ------------------------- 2.5572457313537598

-------------Round number: 32-------------

Evaluate global model
Averaged Train Loss: 0.6441
Averaged Test Accurancy: 0.7951
Averaged Test AUC: 0.9576
Std Test Accurancy: 0.0858
Std Test AUC: 0.0129
------------------------- time cost ------------------------- 2.650474786758423

-------------Round number: 33-------------

Evaluate global model
Averaged Train Loss: 0.5902
Averaged Test Accurancy: 0.8166
Averaged Test AUC: 0.9618
Std Test Accurancy: 0.1141
Std Test AUC: 0.0217
------------------------- time cost ------------------------- 2.678327798843384

-------------Round number: 34-------------

Evaluate global model
Averaged Train Loss: 0.6064
Averaged Test Accurancy: 0.8091
Averaged Test AUC: 0.9594
Std Test Accurancy: 0.1299
Std Test AUC: 0.0277
------------------------- time cost ------------------------- 2.716052532196045

Applying magnitude pruning with ratio 0.25

Before pruning:
Model size: 2.22 MB

After pruning:
Model size: 1.67 MB
Compression ratio: 1.33x
Memory saved: 0.55 MB
Current model sparsity: 25.00%

-------------Round number: 35-------------

Evaluate global model
Averaged Train Loss: 0.5635
Averaged Test Accurancy: 0.8325
Averaged Test AUC: 0.9650
Std Test Accurancy: 0.0653
Std Test AUC: 0.0136
------------------------- time cost ------------------------- 2.6334831714630127

-------------Round number: 36-------------

Evaluate global model
Averaged Train Loss: 0.5636
Averaged Test Accurancy: 0.8300
Averaged Test AUC: 0.9634
Std Test Accurancy: 0.0861
Std Test AUC: 0.0198
------------------------- time cost ------------------------- 2.6305832862854004

-------------Round number: 37-------------

Evaluate global model
Averaged Train Loss: 0.5980
Averaged Test Accurancy: 0.8065
Averaged Test AUC: 0.9602
Std Test Accurancy: 0.1441
Std Test AUC: 0.0296
------------------------- time cost ------------------------- 2.697791814804077

-------------Round number: 38-------------

Evaluate global model
Averaged Train Loss: 0.5423
Averaged Test Accurancy: 0.8380
Averaged Test AUC: 0.9659
Std Test Accurancy: 0.0734
Std Test AUC: 0.0150
------------------------- time cost ------------------------- 2.5766584873199463

-------------Round number: 39-------------

Evaluate global model
Averaged Train Loss: 0.5482
Averaged Test Accurancy: 0.8326
Averaged Test AUC: 0.9651
Std Test Accurancy: 0.0884
Std Test AUC: 0.0188
------------------------- time cost ------------------------- 2.4358768463134766

Applying magnitude pruning with ratio 0.25

Before pruning:
Model size: 2.22 MB

After pruning:
Model size: 1.67 MB
Compression ratio: 1.33x
Memory saved: 0.55 MB
Current model sparsity: 25.00%

-------------Round number: 40-------------

Evaluate global model
Averaged Train Loss: 0.6379
Averaged Test Accurancy: 0.7755
Averaged Test AUC: 0.9550
Std Test Accurancy: 0.2378
Std Test AUC: 0.0463
------------------------- time cost ------------------------- 2.511814832687378

-------------Round number: 41-------------

Evaluate global model
Averaged Train Loss: 0.6192
Averaged Test Accurancy: 0.7824
Averaged Test AUC: 0.9592
Std Test Accurancy: 0.2066
Std Test AUC: 0.0380
------------------------- time cost ------------------------- 2.6017534732818604

-------------Round number: 42-------------

Evaluate global model
Averaged Train Loss: 0.5339
Averaged Test Accurancy: 0.8263
Averaged Test AUC: 0.9676
Std Test Accurancy: 0.1010
Std Test AUC: 0.0158
------------------------- time cost ------------------------- 2.5726287364959717

-------------Round number: 43-------------

Evaluate global model
Averaged Train Loss: 0.5191
Averaged Test Accurancy: 0.8412
Averaged Test AUC: 0.9669
Std Test Accurancy: 0.0861
Std Test AUC: 0.0191
------------------------- time cost ------------------------- 2.5384607315063477

-------------Round number: 44-------------

Evaluate global model
Averaged Train Loss: 0.5888
Averaged Test Accurancy: 0.8144
Averaged Test AUC: 0.9612
Std Test Accurancy: 0.1390
Std Test AUC: 0.0308
------------------------- time cost ------------------------- 2.58610463142395

Applying magnitude pruning with ratio 0.25

Before pruning:
Model size: 2.22 MB

After pruning:
Model size: 1.67 MB
Compression ratio: 1.33x
Memory saved: 0.55 MB
Current model sparsity: 25.00%

-------------Round number: 45-------------

Evaluate global model
Averaged Train Loss: 0.5089
Averaged Test Accurancy: 0.8391
Averaged Test AUC: 0.9672
Std Test Accurancy: 0.1146
Std Test AUC: 0.0227
------------------------- time cost ------------------------- 2.6202316284179688

-------------Round number: 46-------------

Evaluate global model
Averaged Train Loss: 0.5085
Averaged Test Accurancy: 0.8389
Averaged Test AUC: 0.9685
Std Test Accurancy: 0.0985
Std Test AUC: 0.0174
------------------------- time cost ------------------------- 2.5416016578674316

-------------Round number: 47-------------

Evaluate global model
Averaged Train Loss: 0.5545
Averaged Test Accurancy: 0.8086
Averaged Test AUC: 0.9629
Std Test Accurancy: 0.2251
Std Test AUC: 0.0416
------------------------- time cost ------------------------- 2.678900718688965

-------------Round number: 48-------------

Evaluate global model
Averaged Train Loss: 0.4801
Averaged Test Accurancy: 0.8576
Averaged Test AUC: 0.9700
Std Test Accurancy: 0.0681
Std Test AUC: 0.0145
------------------------- time cost ------------------------- 2.595050573348999

-------------Round number: 49-------------

Evaluate global model
Averaged Train Loss: 0.5039
Averaged Test Accurancy: 0.8389
Averaged Test AUC: 0.9679
Std Test Accurancy: 0.1110
Std Test AUC: 0.0212
------------------------- time cost ------------------------- 2.7101612091064453

Applying magnitude pruning with ratio 0.25

Before pruning:
Model size: 2.22 MB

After pruning:
Model size: 1.67 MB
Compression ratio: 1.33x
Memory saved: 0.55 MB
Current model sparsity: 25.00%

-------------Round number: 50-------------

Evaluate global model
Averaged Train Loss: 0.4758
Averaged Test Accurancy: 0.8558
Averaged Test AUC: 0.9701
Std Test Accurancy: 0.0791
Std Test AUC: 0.0171
------------------------- time cost ------------------------- 2.624000072479248

Best accuracy.
0.8575998172159708

Average time cost per round.
2.566264424324036
File path: ../results/MNIST_FedAvgPruned_test_0.h5

Average time cost: 131.91s.
Length:  51
std for best accurancy: 0.0
mean for best accurancy: 0.8575998172159708
All done!

Storage on cuda:0
-------------------------------------------------------------------------------
Total Tensors: 37249046 	Used Memory: 96.09M
The allocated memory on cuda:0: 112.59M
Memory differs due to the matrix alignment or invisible gradient buffer tensors
-------------------------------------------------------------------------------

Total time cost: 131.98s.
