==================================================
goal = test
device = cuda
device_id = 0
dataset = MNIST
num_classes = 10
model = CNN
batch_size = 64
local_learning_rate = 0.01
learning_rate_decay = False
learning_rate_decay_gamma = 0.99
global_rounds = 50
top_cnt = 100
local_epochs = 1
algorithm = FedAvgPruned
join_ratio = 0.8
random_join_ratio = False
num_clients = 20
prev = 0
times = 1
eval_gap = 1
save_folder_name = items
auto_break = False
dlg_eval = False
dlg_gap = 100
batch_num_per_client = 2
num_new_clients = 0
fine_tuning_epoch_new = 0
feature_dim = 512
vocab_size = 32000
max_len = 200
client_drop_rate = 0.0
train_slow_rate = 0.0
send_slow_rate = 0.0
time_select = False
time_threthold = 10000
beta = 0.0
lamda = 1.0
mu = 0.0
K = 5
p_learning_rate = 0.01
M = 5
itk = 4000
alphaK = 1.0
sigma = 1.0
alpha = 1.0
plocal_epochs = 1
tau = 1.0
fine_tuning_epochs = 10
dr_learning_rate = 0.0
L = 1.0
noise_dim = 512
generator_learning_rate = 0.005
hidden_dim = 512
server_epochs = 1000
localize_feature_extractor = False
server_learning_rate = 1.0
eta = 1.0
rand_percent = 80
layer_idx = 2
mentee_learning_rate = 0.005
T_start = 0.95
T_end = 0.98
momentum = 0.1
kl_weight = 0.0
pruning_ratio = 0.5
pruning_method = magnitude
pruning_frequency = 5
==================================================

============= Running time: 0th =============
Creating server and clients ...
FedAvgCNN(
  (conv1): Sequential(
    (0): Conv2d(1, 32, kernel_size=(5, 5), stride=(1, 1))
    (1): ReLU(inplace=True)
    (2): MaxPool2d(kernel_size=(2, 2), stride=(2, 2), padding=0, dilation=1, ceil_mode=False)
  )
  (conv2): Sequential(
    (0): Conv2d(32, 64, kernel_size=(5, 5), stride=(1, 1))
    (1): ReLU(inplace=True)
    (2): MaxPool2d(kernel_size=(2, 2), stride=(2, 2), padding=0, dilation=1, ceil_mode=False)
  )
  (fc1): Sequential(
    (0): Linear(in_features=1024, out_features=512, bias=True)
    (1): ReLU(inplace=True)
  )
  (fc): Linear(in_features=512, out_features=10, bias=True)
)

Join ratio / total clients: 0.8 / 20
Finished creating server and clients.

-------------Round number: 0-------------

Evaluate global model
Averaged Train Loss: 2.3125
Averaged Test Accurancy: 0.0583
Averaged Test AUC: 0.4299
Std Test Accurancy: 0.0526
Std Test AUC: 0.1484
------------------------- time cost ------------------------- 2.525650978088379

-------------Round number: 1-------------

Evaluate global model
Averaged Train Loss: 2.3600
Averaged Test Accurancy: 0.1168
Averaged Test AUC: 0.5345
Std Test Accurancy: 0.2155
Std Test AUC: 0.3172
------------------------- time cost ------------------------- 2.3220882415771484

-------------Round number: 2-------------

Evaluate global model
Averaged Train Loss: 2.2485
Averaged Test Accurancy: 0.2005
Averaged Test AUC: 0.5918
Std Test Accurancy: 0.3965
Std Test AUC: 0.3274
------------------------- time cost ------------------------- 2.5880391597747803

-------------Round number: 3-------------

Evaluate global model
Averaged Train Loss: 2.0367
Averaged Test Accurancy: 0.4673
Averaged Test AUC: 0.7422
Std Test Accurancy: 0.4071
Std Test AUC: 0.3383
------------------------- time cost ------------------------- 2.5231659412384033

-------------Round number: 4-------------

Evaluate global model
Averaged Train Loss: 1.8352
Averaged Test Accurancy: 0.4526
Averaged Test AUC: 0.7295
Std Test Accurancy: 0.4218
Std Test AUC: 0.3063
------------------------- time cost ------------------------- 2.5929665565490723

Applying magnitude pruning with ratio 0.5

Before pruning:
Model size: 2.22 MB

After pruning:
Model size: 1.11 MB
Compression ratio: 2.00x
Memory saved: 1.11 MB
Current model sparsity: 50.00%

-------------Round number: 5-------------

Evaluate global model
Averaged Train Loss: 1.6205
Averaged Test Accurancy: 0.5378
Averaged Test AUC: 0.8798
Std Test Accurancy: 0.2872
Std Test AUC: 0.1073
------------------------- time cost ------------------------- 2.3669517040252686

-------------Round number: 6-------------

Evaluate global model
Averaged Train Loss: 1.5722
Averaged Test Accurancy: 0.5143
Averaged Test AUC: 0.8070
Std Test Accurancy: 0.4154
Std Test AUC: 0.2140
------------------------- time cost ------------------------- 2.7133283615112305

-------------Round number: 7-------------

Evaluate global model
Averaged Train Loss: 1.3084
Averaged Test Accurancy: 0.6665
Averaged Test AUC: 0.9266
Std Test Accurancy: 0.2188
Std Test AUC: 0.0500
------------------------- time cost ------------------------- 2.604571580886841

-------------Round number: 8-------------

Evaluate global model
Averaged Train Loss: 1.1964
Averaged Test Accurancy: 0.7243
Averaged Test AUC: 0.9411
Std Test Accurancy: 0.1289
Std Test AUC: 0.0282
------------------------- time cost ------------------------- 2.4763827323913574

-------------Round number: 9-------------

Evaluate global model
Averaged Train Loss: 1.3184
Averaged Test Accurancy: 0.5444
Averaged Test AUC: 0.8702
Std Test Accurancy: 0.3920
Std Test AUC: 0.1397
------------------------- time cost ------------------------- 2.3291172981262207

Applying magnitude pruning with ratio 0.5

Before pruning:
Model size: 2.22 MB

After pruning:
Model size: 1.11 MB
Compression ratio: 2.00x
Memory saved: 1.11 MB
Current model sparsity: 50.00%

-------------Round number: 10-------------

Evaluate global model
Averaged Train Loss: 1.2468
Averaged Test Accurancy: 0.5607
Averaged Test AUC: 0.8870
Std Test Accurancy: 0.4042
Std Test AUC: 0.1181
------------------------- time cost ------------------------- 2.6314573287963867

-------------Round number: 11-------------

Evaluate global model
Averaged Train Loss: 1.0239
Averaged Test Accurancy: 0.7071
Averaged Test AUC: 0.9340
Std Test Accurancy: 0.2028
Std Test AUC: 0.0474
------------------------- time cost ------------------------- 2.389410972595215

-------------Round number: 12-------------

Evaluate global model
Averaged Train Loss: 1.1347
Averaged Test Accurancy: 0.6012
Averaged Test AUC: 0.9055
Std Test Accurancy: 0.3422
Std Test AUC: 0.0894
------------------------- time cost ------------------------- 2.472227096557617

-------------Round number: 13-------------

Evaluate global model
Averaged Train Loss: 1.0620
Averaged Test Accurancy: 0.6425
Averaged Test AUC: 0.9044
Std Test Accurancy: 0.3397
Std Test AUC: 0.1076
------------------------- time cost ------------------------- 2.666372776031494

-------------Round number: 14-------------

Evaluate global model
Averaged Train Loss: 0.8912
Averaged Test Accurancy: 0.7508
Averaged Test AUC: 0.9450
Std Test Accurancy: 0.1262
Std Test AUC: 0.0282
------------------------- time cost ------------------------- 2.4333760738372803

Applying magnitude pruning with ratio 0.5

Before pruning:
Model size: 2.22 MB

After pruning:
Model size: 1.11 MB
Compression ratio: 2.00x
Memory saved: 1.11 MB
Current model sparsity: 50.00%

-------------Round number: 15-------------

Evaluate global model
Averaged Train Loss: 0.9197
Averaged Test Accurancy: 0.6949
Averaged Test AUC: 0.9377
Std Test Accurancy: 0.2018
Std Test AUC: 0.0398
------------------------- time cost ------------------------- 2.7033233642578125

-------------Round number: 16-------------

Evaluate global model
Averaged Train Loss: 0.8233
Averaged Test Accurancy: 0.7664
Averaged Test AUC: 0.9489
Std Test Accurancy: 0.1208
Std Test AUC: 0.0271
------------------------- time cost ------------------------- 2.384918689727783

-------------Round number: 17-------------

Evaluate global model
Averaged Train Loss: 0.8738
Averaged Test Accurancy: 0.7217
Averaged Test AUC: 0.9452
Std Test Accurancy: 0.1302
Std Test AUC: 0.0220
------------------------- time cost ------------------------- 2.479727268218994

-------------Round number: 18-------------

Evaluate global model
Averaged Train Loss: 0.8629
Averaged Test Accurancy: 0.7202
Averaged Test AUC: 0.9417
Std Test Accurancy: 0.1668
Std Test AUC: 0.0345
------------------------- time cost ------------------------- 2.589224100112915

-------------Round number: 19-------------

Evaluate global model
Averaged Train Loss: 0.8399
Averaged Test Accurancy: 0.7259
Averaged Test AUC: 0.9430
Std Test Accurancy: 0.1557
Std Test AUC: 0.0361
------------------------- time cost ------------------------- 2.387099027633667

Applying magnitude pruning with ratio 0.5

Before pruning:
Model size: 2.22 MB

After pruning:
Model size: 1.11 MB
Compression ratio: 2.00x
Memory saved: 1.11 MB
Current model sparsity: 50.00%

-------------Round number: 20-------------

Evaluate global model
Averaged Train Loss: 0.8693
Averaged Test Accurancy: 0.7083
Averaged Test AUC: 0.9420
Std Test Accurancy: 0.1683
Std Test AUC: 0.0341
------------------------- time cost ------------------------- 2.7316946983337402

-------------Round number: 21-------------

Evaluate global model
Averaged Train Loss: 0.7229
Averaged Test Accurancy: 0.7891
Averaged Test AUC: 0.9552
Std Test Accurancy: 0.0897
Std Test AUC: 0.0179
------------------------- time cost ------------------------- 2.633139133453369

-------------Round number: 22-------------

Evaluate global model
Averaged Train Loss: 0.8136
Averaged Test Accurancy: 0.7186
Averaged Test AUC: 0.9395
Std Test Accurancy: 0.2736
Std Test AUC: 0.0597
------------------------- time cost ------------------------- 2.6374123096466064

-------------Round number: 23-------------

Evaluate global model
Averaged Train Loss: 0.7309
Averaged Test Accurancy: 0.7666
Averaged Test AUC: 0.9493
Std Test Accurancy: 0.1594
Std Test AUC: 0.0366
------------------------- time cost ------------------------- 2.6630778312683105

-------------Round number: 24-------------

Evaluate global model
Averaged Train Loss: 0.7080
Averaged Test Accurancy: 0.7742
Averaged Test AUC: 0.9531
Std Test Accurancy: 0.1418
Std Test AUC: 0.0288
------------------------- time cost ------------------------- 2.5791003704071045

Applying magnitude pruning with ratio 0.5

Before pruning:
Model size: 2.22 MB

After pruning:
Model size: 1.11 MB
Compression ratio: 2.00x
Memory saved: 1.11 MB
Current model sparsity: 50.00%

-------------Round number: 25-------------

Evaluate global model
Averaged Train Loss: 0.7101
Averaged Test Accurancy: 0.7729
Averaged Test AUC: 0.9530
Std Test Accurancy: 0.1196
Std Test AUC: 0.0245
------------------------- time cost ------------------------- 2.462240695953369

-------------Round number: 26-------------

Evaluate global model
Averaged Train Loss: 0.7285
Averaged Test Accurancy: 0.7624
Averaged Test AUC: 0.9503
Std Test Accurancy: 0.1800
Std Test AUC: 0.0365
------------------------- time cost ------------------------- 2.733142137527466

-------------Round number: 27-------------

Evaluate global model
Averaged Train Loss: 0.6556
Averaged Test Accurancy: 0.7936
Averaged Test AUC: 0.9566
Std Test Accurancy: 0.1501
Std Test AUC: 0.0290
------------------------- time cost ------------------------- 2.3908116817474365

-------------Round number: 28-------------

Evaluate global model
Averaged Train Loss: 0.6944
Averaged Test Accurancy: 0.7762
Averaged Test AUC: 0.9548
Std Test Accurancy: 0.0632
Std Test AUC: 0.0148
------------------------- time cost ------------------------- 2.5440852642059326

-------------Round number: 29-------------

Evaluate global model
Averaged Train Loss: 0.6415
Averaged Test Accurancy: 0.8016
Averaged Test AUC: 0.9573
Std Test Accurancy: 0.1156
Std Test AUC: 0.0250
------------------------- time cost ------------------------- 2.4133405685424805

Applying magnitude pruning with ratio 0.5

Before pruning:
Model size: 2.22 MB

After pruning:
Model size: 1.11 MB
Compression ratio: 2.00x
Memory saved: 1.11 MB
Current model sparsity: 50.00%

-------------Round number: 30-------------

Evaluate global model
Averaged Train Loss: 0.7340
Averaged Test Accurancy: 0.7375
Averaged Test AUC: 0.9472
Std Test Accurancy: 0.2345
Std Test AUC: 0.0480
------------------------- time cost ------------------------- 2.334705114364624

-------------Round number: 31-------------

Evaluate global model
Averaged Train Loss: 0.7579
Averaged Test Accurancy: 0.7267
Averaged Test AUC: 0.9443
Std Test Accurancy: 0.2806
Std Test AUC: 0.0557
------------------------- time cost ------------------------- 2.3564958572387695

-------------Round number: 32-------------

Evaluate global model
Averaged Train Loss: 0.7456
Averaged Test Accurancy: 0.7230
Averaged Test AUC: 0.9503
Std Test Accurancy: 0.2464
Std Test AUC: 0.0421
------------------------- time cost ------------------------- 2.502718210220337

-------------Round number: 33-------------

Evaluate global model
Averaged Train Loss: 0.6501
Averaged Test Accurancy: 0.7943
Averaged Test AUC: 0.9570
Std Test Accurancy: 0.1295
Std Test AUC: 0.0283
------------------------- time cost ------------------------- 2.471186876296997

-------------Round number: 34-------------

Evaluate global model
Averaged Train Loss: 0.5977
Averaged Test Accurancy: 0.8148
Averaged Test AUC: 0.9612
Std Test Accurancy: 0.0833
Std Test AUC: 0.0179
------------------------- time cost ------------------------- 2.5729551315307617

Applying magnitude pruning with ratio 0.5

Before pruning:
Model size: 2.22 MB

After pruning:
Model size: 1.11 MB
Compression ratio: 2.00x
Memory saved: 1.11 MB
Current model sparsity: 50.00%

-------------Round number: 35-------------

Evaluate global model
Averaged Train Loss: 0.6001
Averaged Test Accurancy: 0.8056
Averaged Test AUC: 0.9600
Std Test Accurancy: 0.1350
Std Test AUC: 0.0255
------------------------- time cost ------------------------- 2.6028025150299072

-------------Round number: 36-------------

Evaluate global model
Averaged Train Loss: 0.5593
Averaged Test Accurancy: 0.8309
Averaged Test AUC: 0.9634
Std Test Accurancy: 0.0758
Std Test AUC: 0.0168
------------------------- time cost ------------------------- 2.5297555923461914

-------------Round number: 37-------------

Evaluate global model
Averaged Train Loss: 0.5862
Averaged Test Accurancy: 0.8149
Averaged Test AUC: 0.9625
Std Test Accurancy: 0.0922
Std Test AUC: 0.0173
------------------------- time cost ------------------------- 2.498328685760498

-------------Round number: 38-------------

Evaluate global model
Averaged Train Loss: 0.5776
Averaged Test Accurancy: 0.8132
Averaged Test AUC: 0.9625
Std Test Accurancy: 0.1047
Std Test AUC: 0.0200
------------------------- time cost ------------------------- 2.518904447555542

-------------Round number: 39-------------

Evaluate global model
Averaged Train Loss: 0.5970
Averaged Test Accurancy: 0.8035
Averaged Test AUC: 0.9615
Std Test Accurancy: 0.1174
Std Test AUC: 0.0222
------------------------- time cost ------------------------- 2.4957215785980225

Applying magnitude pruning with ratio 0.5

Before pruning:
Model size: 2.22 MB

After pruning:
Model size: 1.11 MB
Compression ratio: 2.00x
Memory saved: 1.11 MB
Current model sparsity: 50.00%

-------------Round number: 40-------------

Evaluate global model
Averaged Train Loss: 0.5639
Averaged Test Accurancy: 0.8221
Averaged Test AUC: 0.9638
Std Test Accurancy: 0.0938
Std Test AUC: 0.0195
------------------------- time cost ------------------------- 2.724478244781494

-------------Round number: 41-------------

Evaluate global model
Averaged Train Loss: 0.5219
Averaged Test Accurancy: 0.8399
Averaged Test AUC: 0.9674
Std Test Accurancy: 0.0853
Std Test AUC: 0.0154
------------------------- time cost ------------------------- 2.5524485111236572

-------------Round number: 42-------------

Evaluate global model
Averaged Train Loss: 0.5439
Averaged Test Accurancy: 0.8296
Averaged Test AUC: 0.9636
Std Test Accurancy: 0.1051
Std Test AUC: 0.0237
------------------------- time cost ------------------------- 2.697819709777832

-------------Round number: 43-------------

Evaluate global model
Averaged Train Loss: 0.5161
Averaged Test Accurancy: 0.8425
Averaged Test AUC: 0.9663
Std Test Accurancy: 0.0926
Std Test AUC: 0.0199
------------------------- time cost ------------------------- 2.7138445377349854

-------------Round number: 44-------------

Evaluate global model
Averaged Train Loss: 0.5006
Averaged Test Accurancy: 0.8519
Averaged Test AUC: 0.9684
Std Test Accurancy: 0.0645
Std Test AUC: 0.0131
------------------------- time cost ------------------------- 2.6562798023223877

Applying magnitude pruning with ratio 0.5

Before pruning:
Model size: 2.22 MB

After pruning:
Model size: 1.11 MB
Compression ratio: 2.00x
Memory saved: 1.11 MB
Current model sparsity: 50.00%

-------------Round number: 45-------------

Evaluate global model
Averaged Train Loss: 0.4991
Averaged Test Accurancy: 0.8419
Averaged Test AUC: 0.9681
Std Test Accurancy: 0.1122
Std Test AUC: 0.0190
------------------------- time cost ------------------------- 2.5287210941314697

-------------Round number: 46-------------

Evaluate global model
Averaged Train Loss: 0.5399
Averaged Test Accurancy: 0.8261
Averaged Test AUC: 0.9647
Std Test Accurancy: 0.1289
Std Test AUC: 0.0236
------------------------- time cost ------------------------- 2.4313013553619385

-------------Round number: 47-------------

Evaluate global model
Averaged Train Loss: 0.5488
Averaged Test Accurancy: 0.8284
Averaged Test AUC: 0.9639
Std Test Accurancy: 0.1154
Std Test AUC: 0.0227
------------------------- time cost ------------------------- 2.678372621536255

-------------Round number: 48-------------

Evaluate global model
Averaged Train Loss: 0.4795
Averaged Test Accurancy: 0.8541
Averaged Test AUC: 0.9691
Std Test Accurancy: 0.0771
Std Test AUC: 0.0152
------------------------- time cost ------------------------- 2.3949458599090576

-------------Round number: 49-------------

Evaluate global model
Averaged Train Loss: 0.5370
Averaged Test Accurancy: 0.8281
Averaged Test AUC: 0.9653
Std Test Accurancy: 0.1146
Std Test AUC: 0.0224
------------------------- time cost ------------------------- 2.658844470977783

Applying magnitude pruning with ratio 0.5

Before pruning:
Model size: 2.22 MB

After pruning:
Model size: 1.11 MB
Compression ratio: 2.00x
Memory saved: 1.11 MB
Current model sparsity: 50.00%

-------------Round number: 50-------------

Evaluate global model
Averaged Train Loss: 0.4810
Averaged Test Accurancy: 0.8495
Averaged Test AUC: 0.9690
Std Test Accurancy: 0.0790
Std Test AUC: 0.0154
------------------------- time cost ------------------------- 2.5165417194366455

Best accuracy.
0.8540583766493403

Average time cost per round.
2.537579298019409
File path: ../results/MNIST_FedAvgPruned_test_0.h5

Average time cost: 130.12s.
Length:  51
std for best accurancy: 0.0
mean for best accurancy: 0.8540583766493403
All done!

Storage on cuda:0
-------------------------------------------------------------------------------
Total Tensors: 37249046 	Used Memory: 96.09M
The allocated memory on cuda:0: 112.59M
Memory differs due to the matrix alignment or invisible gradient buffer tensors
-------------------------------------------------------------------------------

Total time cost: 130.19s.
