==================================================
goal = test
device = cuda
device_id = 0
dataset = MNIST
num_classes = 10
model = CNN
batch_size = 64
local_learning_rate = 0.01
learning_rate_decay = False
learning_rate_decay_gamma = 0.99
global_rounds = 50
top_cnt = 100
local_epochs = 5
algorithm = MOON
join_ratio = 0.8
random_join_ratio = False
num_clients = 50
prev = 0
times = 1
eval_gap = 1
save_folder_name = items
auto_break = False
dlg_eval = False
dlg_gap = 100
batch_num_per_client = 2
num_new_clients = 0
fine_tuning_epoch_new = 0
feature_dim = 512
vocab_size = 32000
max_len = 200
client_drop_rate = 0.0
train_slow_rate = 0.0
send_slow_rate = 0.0
time_select = False
time_threthold = 10000
beta = 0.0
lamda = 1.0
mu = 0.0
K = 5
p_learning_rate = 0.01
M = 5
itk = 4000
alphaK = 1.0
sigma = 1.0
alpha = 1.0
plocal_epochs = 1
tau = 1.0
fine_tuning_epochs = 10
dr_learning_rate = 0.0
L = 1.0
noise_dim = 512
generator_learning_rate = 0.005
hidden_dim = 512
server_epochs = 1000
localize_feature_extractor = False
server_learning_rate = 1.0
eta = 1.0
rand_percent = 80
layer_idx = 2
mentee_learning_rate = 0.005
T_start = 0.95
T_end = 0.98
momentum = 0.1
kl_weight = 0.0
prune_interval = 5
prune_amount = 0.5
==================================================

============= Running time: 0th =============
Creating server and clients ...
FedAvgCNN(
  (conv1): Sequential(
    (0): Conv2d(1, 32, kernel_size=(5, 5), stride=(1, 1))
    (1): ReLU(inplace=True)
    (2): MaxPool2d(kernel_size=(2, 2), stride=(2, 2), padding=0, dilation=1, ceil_mode=False)
  )
  (conv2): Sequential(
    (0): Conv2d(32, 64, kernel_size=(5, 5), stride=(1, 1))
    (1): ReLU(inplace=True)
    (2): MaxPool2d(kernel_size=(2, 2), stride=(2, 2), padding=0, dilation=1, ceil_mode=False)
  )
  (fc1): Sequential(
    (0): Linear(in_features=1024, out_features=512, bias=True)
    (1): ReLU(inplace=True)
  )
  (fc): Linear(in_features=512, out_features=10, bias=True)
)

Join ratio / total clients: 0.8 / 50
Finished creating server and clients.

-------------Round number: 0-------------

Evaluate global model
Averaged Train Loss: 2.3124
Averaged Test Accurancy: 0.0563
Averaged Test AUC: 0.4299
Std Test Accurancy: 0.0651
Std Test AUC: 0.1491
-------------------------------------------------- 12.19296145439148

-------------Round number: 1-------------

Evaluate global model
Averaged Train Loss: 2.1860
Averaged Test Accurancy: 0.2648
Averaged Test AUC: 0.7250
Std Test Accurancy: 0.2158
Std Test AUC: 0.1751
-------------------------------------------------- 10.118745803833008

-------------Round number: 2-------------

Evaluate global model
Averaged Train Loss: 2.0566
Averaged Test Accurancy: 0.4690
Averaged Test AUC: 0.6928
Std Test Accurancy: 0.4157
Std Test AUC: 0.3386
-------------------------------------------------- 10.051132917404175

-------------Round number: 3-------------

Evaluate global model
Averaged Train Loss: 1.8349
Averaged Test Accurancy: 0.4207
Averaged Test AUC: 0.7343
Std Test Accurancy: 0.3982
Std Test AUC: 0.2871
-------------------------------------------------- 11.934341192245483

-------------Round number: 4-------------

Evaluate global model
Averaged Train Loss: 1.4459
Averaged Test Accurancy: 0.6068
Averaged Test AUC: 0.9160
Std Test Accurancy: 0.2525
Std Test AUC: 0.0617
-------------------------------------------------- 11.881973266601562

-------------Round number: 5-------------

Evaluate global model
Averaged Train Loss: 1.2508
Averaged Test Accurancy: 0.6925
Averaged Test AUC: 0.9362
Std Test Accurancy: 0.1578
Std Test AUC: 0.0346
-------------------------------------------------- 10.981704711914062

-------------Round number: 6-------------

Evaluate global model
Averaged Train Loss: 1.1606
Averaged Test Accurancy: 0.6456
Averaged Test AUC: 0.9242
Std Test Accurancy: 0.2286
Std Test AUC: 0.0549
-------------------------------------------------- 11.925423622131348

-------------Round number: 7-------------

Evaluate global model
Averaged Train Loss: 1.0265
Averaged Test Accurancy: 0.7188
Averaged Test AUC: 0.9435
Std Test Accurancy: 0.1214
Std Test AUC: 0.0238
-------------------------------------------------- 10.036152839660645

-------------Round number: 8-------------

Evaluate global model
Averaged Train Loss: 1.0792
Averaged Test Accurancy: 0.6400
Averaged Test AUC: 0.9056
Std Test Accurancy: 0.2978
Std Test AUC: 0.0917
-------------------------------------------------- 11.79951524734497

-------------Round number: 9-------------

Evaluate global model
Averaged Train Loss: 0.8885
Averaged Test Accurancy: 0.7470
Averaged Test AUC: 0.9471
Std Test Accurancy: 0.1211
Std Test AUC: 0.0261
-------------------------------------------------- 11.000328540802002

-------------Round number: 10-------------

Evaluate global model
Averaged Train Loss: 0.8986
Averaged Test Accurancy: 0.7003
Averaged Test AUC: 0.9392
Std Test Accurancy: 0.1851
Std Test AUC: 0.0406
-------------------------------------------------- 10.90955138206482

-------------Round number: 11-------------

Evaluate global model
Averaged Train Loss: 0.8505
Averaged Test Accurancy: 0.7193
Averaged Test AUC: 0.9385
Std Test Accurancy: 0.2527
Std Test AUC: 0.0633
-------------------------------------------------- 10.16988229751587

-------------Round number: 12-------------

Evaluate global model
Averaged Train Loss: 0.8415
Averaged Test Accurancy: 0.7115
Averaged Test AUC: 0.9382
Std Test Accurancy: 0.2491
Std Test AUC: 0.0549
-------------------------------------------------- 10.007516860961914

-------------Round number: 13-------------

Evaluate global model
Averaged Train Loss: 0.8178
Averaged Test Accurancy: 0.7274
Averaged Test AUC: 0.9472
Std Test Accurancy: 0.1182
Std Test AUC: 0.0225
-------------------------------------------------- 11.10126805305481

-------------Round number: 14-------------

Evaluate global model
Averaged Train Loss: 0.7666
Averaged Test Accurancy: 0.7458
Averaged Test AUC: 0.9463
Std Test Accurancy: 0.1829
Std Test AUC: 0.0423
-------------------------------------------------- 11.953919172286987

-------------Round number: 15-------------

Evaluate global model
Averaged Train Loss: 0.6816
Averaged Test Accurancy: 0.7787
Averaged Test AUC: 0.9560
Std Test Accurancy: 0.1355
Std Test AUC: 0.0286
-------------------------------------------------- 12.192076444625854

-------------Round number: 16-------------

Evaluate global model
Averaged Train Loss: 0.6476
Averaged Test Accurancy: 0.8007
Averaged Test AUC: 0.9588
Std Test Accurancy: 0.0892
Std Test AUC: 0.0196
-------------------------------------------------- 11.046013832092285

-------------Round number: 17-------------

Evaluate global model
Averaged Train Loss: 0.7393
Averaged Test Accurancy: 0.7495
Averaged Test AUC: 0.9438
Std Test Accurancy: 0.2743
Std Test AUC: 0.0691
-------------------------------------------------- 11.040287494659424

-------------Round number: 18-------------

Evaluate global model
Averaged Train Loss: 0.6720
Averaged Test Accurancy: 0.7772
Averaged Test AUC: 0.9554
Std Test Accurancy: 0.1223
Std Test AUC: 0.0243
-------------------------------------------------- 11.998527526855469

-------------Round number: 19-------------

Evaluate global model
Averaged Train Loss: 0.6032
Averaged Test Accurancy: 0.8066
Averaged Test AUC: 0.9627
Std Test Accurancy: 0.0915
Std Test AUC: 0.0173
-------------------------------------------------- 11.144607543945312

-------------Round number: 20-------------

Evaluate global model
Averaged Train Loss: 0.6213
Averaged Test Accurancy: 0.7905
Averaged Test AUC: 0.9561
Std Test Accurancy: 0.1853
Std Test AUC: 0.0412
-------------------------------------------------- 10.7045156955719

-------------Round number: 21-------------

Evaluate global model
Averaged Train Loss: 0.5917
Averaged Test Accurancy: 0.8110
Averaged Test AUC: 0.9614
Std Test Accurancy: 0.0524
Std Test AUC: 0.0124
-------------------------------------------------- 11.051648616790771

-------------Round number: 22-------------

Evaluate global model
Averaged Train Loss: 0.5963
Averaged Test Accurancy: 0.8008
Averaged Test AUC: 0.9608
Std Test Accurancy: 0.0997
Std Test AUC: 0.0180
-------------------------------------------------- 10.694008588790894

-------------Round number: 23-------------

Evaluate global model
Averaged Train Loss: 0.5780
Averaged Test Accurancy: 0.8122
Averaged Test AUC: 0.9620
Std Test Accurancy: 0.0661
Std Test AUC: 0.0137
-------------------------------------------------- 10.996830463409424

-------------Round number: 24-------------

Evaluate global model
Averaged Train Loss: 0.5832
Averaged Test Accurancy: 0.7972
Averaged Test AUC: 0.9584
Std Test Accurancy: 0.1989
Std Test AUC: 0.0420
-------------------------------------------------- 11.844845294952393

-------------Round number: 25-------------

Evaluate global model
Averaged Train Loss: 0.5149
Averaged Test Accurancy: 0.8388
Averaged Test AUC: 0.9672
Std Test Accurancy: 0.0702
Std Test AUC: 0.0144
-------------------------------------------------- 11.039674997329712

-------------Round number: 26-------------

Evaluate global model
Averaged Train Loss: 0.5421
Averaged Test Accurancy: 0.8210
Averaged Test AUC: 0.9648
Std Test Accurancy: 0.1164
Std Test AUC: 0.0229
-------------------------------------------------- 11.874602317810059

-------------Round number: 27-------------

Evaluate global model
Averaged Train Loss: 0.5024
Averaged Test Accurancy: 0.8325
Averaged Test AUC: 0.9667
Std Test Accurancy: 0.1191
Std Test AUC: 0.0235
-------------------------------------------------- 12.117894649505615

-------------Round number: 28-------------

Evaluate global model
Averaged Train Loss: 0.4863
Averaged Test Accurancy: 0.8408
Averaged Test AUC: 0.9682
Std Test Accurancy: 0.0995
Std Test AUC: 0.0202
-------------------------------------------------- 12.010520696640015

-------------Round number: 29-------------

Evaluate global model
Averaged Train Loss: 0.4745
Averaged Test Accurancy: 0.8469
Averaged Test AUC: 0.9696
Std Test Accurancy: 0.0779
Std Test AUC: 0.0164
-------------------------------------------------- 11.033894062042236

-------------Round number: 30-------------

Evaluate global model
Averaged Train Loss: 0.5144
Averaged Test Accurancy: 0.8288
Averaged Test AUC: 0.9667
Std Test Accurancy: 0.1160
Std Test AUC: 0.0228
-------------------------------------------------- 11.011831998825073

-------------Round number: 31-------------

Evaluate global model
Averaged Train Loss: 0.4686
Averaged Test Accurancy: 0.8468
Averaged Test AUC: 0.9692
Std Test Accurancy: 0.0461
Std Test AUC: 0.0116
-------------------------------------------------- 11.027972936630249

-------------Round number: 32-------------

Evaluate global model
Averaged Train Loss: 0.4740
Averaged Test Accurancy: 0.8441
Averaged Test AUC: 0.9705
Std Test Accurancy: 0.0721
Std Test AUC: 0.0135
-------------------------------------------------- 12.1719388961792

-------------Round number: 33-------------

Evaluate global model
Averaged Train Loss: 0.4498
Averaged Test Accurancy: 0.8483
Averaged Test AUC: 0.9711
Std Test Accurancy: 0.1066
Std Test AUC: 0.0204
-------------------------------------------------- 10.250970602035522

-------------Round number: 34-------------

Evaluate global model
Averaged Train Loss: 0.4982
Averaged Test Accurancy: 0.8313
Averaged Test AUC: 0.9691
Std Test Accurancy: 0.1031
Std Test AUC: 0.0176
-------------------------------------------------- 11.20945119857788

-------------Round number: 35-------------

Evaluate global model
Averaged Train Loss: 0.4717
Averaged Test Accurancy: 0.8422
Averaged Test AUC: 0.9700
Std Test Accurancy: 0.0896
Std Test AUC: 0.0175
-------------------------------------------------- 11.86103343963623

-------------Round number: 36-------------

Evaluate global model
Averaged Train Loss: 0.4247
Averaged Test Accurancy: 0.8569
Averaged Test AUC: 0.9734
Std Test Accurancy: 0.0895
Std Test AUC: 0.0161
-------------------------------------------------- 12.428620100021362

-------------Round number: 37-------------

Evaluate global model
Averaged Train Loss: 0.4120
Averaged Test Accurancy: 0.8655
Averaged Test AUC: 0.9738
Std Test Accurancy: 0.0732
Std Test AUC: 0.0151
-------------------------------------------------- 11.004071712493896

-------------Round number: 38-------------

Evaluate global model
Averaged Train Loss: 0.4263
Averaged Test Accurancy: 0.8551
Averaged Test AUC: 0.9723
Std Test Accurancy: 0.0711
Std Test AUC: 0.0144
-------------------------------------------------- 11.284352540969849

-------------Round number: 39-------------

Evaluate global model
Averaged Train Loss: 0.4442
Averaged Test Accurancy: 0.8450
Averaged Test AUC: 0.9697
Std Test Accurancy: 0.1596
Std Test AUC: 0.0314
-------------------------------------------------- 12.27777624130249

-------------Round number: 40-------------

Evaluate global model
Averaged Train Loss: 0.3963
Averaged Test Accurancy: 0.8722
Averaged Test AUC: 0.9747
Std Test Accurancy: 0.0594
Std Test AUC: 0.0126
-------------------------------------------------- 12.217830896377563

-------------Round number: 41-------------

Evaluate global model
Averaged Train Loss: 0.3875
Averaged Test Accurancy: 0.8724
Averaged Test AUC: 0.9758
Std Test Accurancy: 0.0702
Std Test AUC: 0.0135
-------------------------------------------------- 11.265721797943115

-------------Round number: 42-------------

Evaluate global model
Averaged Train Loss: 0.4201
Averaged Test Accurancy: 0.8547
Averaged Test AUC: 0.9719
Std Test Accurancy: 0.1377
Std Test AUC: 0.0269
-------------------------------------------------- 11.37397313117981

-------------Round number: 43-------------

Evaluate global model
Averaged Train Loss: 0.4176
Averaged Test Accurancy: 0.8631
Averaged Test AUC: 0.9741
Std Test Accurancy: 0.0741
Std Test AUC: 0.0136
-------------------------------------------------- 12.321552515029907

-------------Round number: 44-------------

Evaluate global model
Averaged Train Loss: 0.3850
Averaged Test Accurancy: 0.8695
Averaged Test AUC: 0.9763
Std Test Accurancy: 0.0917
Std Test AUC: 0.0160
-------------------------------------------------- 11.071823358535767

-------------Round number: 45-------------

Evaluate global model
Averaged Train Loss: 0.4180
Averaged Test Accurancy: 0.8509
Averaged Test AUC: 0.9738
Std Test Accurancy: 0.1073
Std Test AUC: 0.0180
-------------------------------------------------- 9.258960485458374

-------------Round number: 46-------------

Evaluate global model
Averaged Train Loss: 0.4384
Averaged Test Accurancy: 0.8440
Averaged Test AUC: 0.9715
Std Test Accurancy: 0.1301
Std Test AUC: 0.0220
-------------------------------------------------- 11.996845960617065

-------------Round number: 47-------------

Evaluate global model
Averaged Train Loss: 0.3585
Averaged Test Accurancy: 0.8819
Averaged Test AUC: 0.9772
Std Test Accurancy: 0.0686
Std Test AUC: 0.0136
-------------------------------------------------- 10.978005170822144

-------------Round number: 48-------------

Evaluate global model
Averaged Train Loss: 0.3686
Averaged Test Accurancy: 0.8764
Averaged Test AUC: 0.9756
Std Test Accurancy: 0.0464
Std Test AUC: 0.0095
-------------------------------------------------- 11.969231605529785

-------------Round number: 49-------------

Evaluate global model
Averaged Train Loss: 0.3505
Averaged Test Accurancy: 0.8827
Averaged Test AUC: 0.9775
Std Test Accurancy: 0.0644
Std Test AUC: 0.0121
-------------------------------------------------- 10.886384010314941

-------------Round number: 50-------------

Evaluate global model
Averaged Train Loss: 0.4046
Averaged Test Accurancy: 0.8630
Averaged Test AUC: 0.9736
Std Test Accurancy: 0.1058
Std Test AUC: 0.0212
-------------------------------------------------- 12.09201431274414

Best accuracy.
0.882655099594772

Best local accuracy.

Averaged time per iteration.
11.292435340881347
File path: ../results/MNIST_MOON_test_0.h5

Average time cost: 577.58s.
Length:  51
std for best accurancy: 0.0
mean for best accurancy: 0.882655099594772
All done!

Storage on cuda:0
-------------------------------------------------------------------------------
Total Tensors: 118151278 	Used Memory: 339.92M
The allocated memory on cuda:0: 357.42M
Memory differs due to the matrix alignment or invisible gradient buffer tensors
-------------------------------------------------------------------------------

Total time cost: 577.65s.
