==================================================
goal = test
device = cuda
device_id = 0
dataset = MNIST
num_classes = 10
model = CNN
batch_size = 64
local_learning_rate = 0.01
learning_rate_decay = False
learning_rate_decay_gamma = 0.99
global_rounds = 50
top_cnt = 100
local_epochs = 1
algorithm = FedDynThread
join_ratio = 0.8
random_join_ratio = False
num_clients = 20
prev = 0
times = 1
eval_gap = 1
save_folder_name = items
auto_break = False
dlg_eval = False
dlg_gap = 100
batch_num_per_client = 2
num_new_clients = 0
fine_tuning_epoch_new = 0
feature_dim = 512
vocab_size = 32000
max_len = 200
client_drop_rate = 0.0
train_slow_rate = 0.0
send_slow_rate = 0.0
time_select = False
time_threthold = 10000
beta = 0.0
lamda = 1.0
mu = 0.0
K = 5
p_learning_rate = 0.01
M = 5
itk = 4000
alphaK = 1.0
sigma = 1.0
alpha = 1.0
plocal_epochs = 1
tau = 1.0
fine_tuning_epochs = 10
dr_learning_rate = 0.0
L = 1.0
noise_dim = 512
generator_learning_rate = 0.005
hidden_dim = 512
server_epochs = 1000
localize_feature_extractor = False
server_learning_rate = 1.0
eta = 1.0
rand_percent = 80
layer_idx = 2
mentee_learning_rate = 0.005
T_start = 0.95
T_end = 0.98
momentum = 0.1
kl_weight = 0.0
prune_interval = 5
prune_amount = 0.5
==================================================

============= Running time: 0th =============
Creating server and clients ...
FedAvgCNN(
  (conv1): Sequential(
    (0): Conv2d(1, 32, kernel_size=(5, 5), stride=(1, 1))
    (1): ReLU(inplace=True)
    (2): MaxPool2d(kernel_size=(2, 2), stride=(2, 2), padding=0, dilation=1, ceil_mode=False)
  )
  (conv2): Sequential(
    (0): Conv2d(32, 64, kernel_size=(5, 5), stride=(1, 1))
    (1): ReLU(inplace=True)
    (2): MaxPool2d(kernel_size=(2, 2), stride=(2, 2), padding=0, dilation=1, ceil_mode=False)
  )
  (fc1): Sequential(
    (0): Linear(in_features=1024, out_features=512, bias=True)
    (1): ReLU(inplace=True)
  )
  (fc): Linear(in_features=512, out_features=10, bias=True)
)

Join ratio / total clients: 0.8 / 20
Finished creating server and clients.

-------------Round number: 0-------------

Evaluate global model
Averaged Train Loss: 2.3125
Averaged Test Accurancy: 0.0583
Averaged Test AUC: 0.4299
Std Test Accurancy: 0.0526
Std Test AUC: 0.1484
-------------------------------------------------- 2.813685417175293

-------------Round number: 1-------------

Evaluate global model
Averaged Train Loss: 2.7831
Averaged Test Accurancy: 0.1708
Averaged Test AUC: 0.5791
Std Test Accurancy: 0.3492
Std Test AUC: 0.2222
-------------------------------------------------- 2.570672035217285

-------------Round number: 2-------------

Evaluate global model
Averaged Train Loss: 2.9216
Averaged Test Accurancy: 0.1956
Averaged Test AUC: 0.5960
Std Test Accurancy: 0.3094
Std Test AUC: 0.3153
-------------------------------------------------- 2.5250353813171387

-------------Round number: 3-------------

Evaluate global model
Averaged Train Loss: 2.5088
Averaged Test Accurancy: 0.3877
Averaged Test AUC: 0.7988
Std Test Accurancy: 0.4184
Std Test AUC: 0.1580
-------------------------------------------------- 2.618781328201294

-------------Round number: 4-------------

Evaluate global model
Averaged Train Loss: 2.3087
Averaged Test Accurancy: 0.5415
Averaged Test AUC: 0.8883
Std Test Accurancy: 0.2333
Std Test AUC: 0.0657
-------------------------------------------------- 2.5400538444519043

-------------Round number: 5-------------

Evaluate global model
Averaged Train Loss: 2.1431
Averaged Test Accurancy: 0.6281
Averaged Test AUC: 0.9192
Std Test Accurancy: 0.2386
Std Test AUC: 0.0550
-------------------------------------------------- 2.687640428543091

-------------Round number: 6-------------

Evaluate global model
Averaged Train Loss: 2.0665
Averaged Test Accurancy: 0.6355
Averaged Test AUC: 0.9226
Std Test Accurancy: 0.2232
Std Test AUC: 0.0501
-------------------------------------------------- 2.5855801105499268

-------------Round number: 7-------------

Evaluate global model
Averaged Train Loss: 1.8941
Averaged Test Accurancy: 0.7175
Averaged Test AUC: 0.9358
Std Test Accurancy: 0.1671
Std Test AUC: 0.0375
-------------------------------------------------- 2.657996892929077

-------------Round number: 8-------------

Evaluate global model
Averaged Train Loss: 1.7532
Averaged Test Accurancy: 0.7368
Averaged Test AUC: 0.9395
Std Test Accurancy: 0.1484
Std Test AUC: 0.0347
-------------------------------------------------- 2.46745228767395

-------------Round number: 9-------------

Evaluate global model
Averaged Train Loss: 1.6548
Averaged Test Accurancy: 0.7338
Averaged Test AUC: 0.9400
Std Test Accurancy: 0.1955
Std Test AUC: 0.0449
-------------------------------------------------- 2.502164125442505

-------------Round number: 10-------------

Evaluate global model
Averaged Train Loss: 1.5034
Averaged Test Accurancy: 0.7732
Averaged Test AUC: 0.9490
Std Test Accurancy: 0.1082
Std Test AUC: 0.0209
-------------------------------------------------- 2.644146203994751

-------------Round number: 11-------------

Evaluate global model
Averaged Train Loss: 1.3171
Averaged Test Accurancy: 0.8060
Averaged Test AUC: 0.9513
Std Test Accurancy: 0.0766
Std Test AUC: 0.0187
-------------------------------------------------- 2.488332509994507

-------------Round number: 12-------------

Evaluate global model
Averaged Train Loss: 1.2359
Averaged Test Accurancy: 0.8012
Averaged Test AUC: 0.9499
Std Test Accurancy: 0.1157
Std Test AUC: 0.0299
-------------------------------------------------- 2.558147668838501

-------------Round number: 13-------------

Evaluate global model
Averaged Train Loss: 1.1099
Averaged Test Accurancy: 0.8146
Averaged Test AUC: 0.9553
Std Test Accurancy: 0.0792
Std Test AUC: 0.0145
-------------------------------------------------- 2.552367925643921

-------------Round number: 14-------------

Evaluate global model
Averaged Train Loss: 1.0336
Averaged Test Accurancy: 0.8242
Averaged Test AUC: 0.9543
Std Test Accurancy: 0.1151
Std Test AUC: 0.0242
-------------------------------------------------- 2.49157977104187

-------------Round number: 15-------------

Evaluate global model
Averaged Train Loss: 0.9739
Averaged Test Accurancy: 0.8395
Averaged Test AUC: 0.9577
Std Test Accurancy: 0.0975
Std Test AUC: 0.0238
-------------------------------------------------- 2.7327635288238525

-------------Round number: 16-------------

Evaluate global model
Averaged Train Loss: 0.8955
Averaged Test Accurancy: 0.8630
Averaged Test AUC: 0.9611
Std Test Accurancy: 0.0723
Std Test AUC: 0.0184
-------------------------------------------------- 2.562305212020874

-------------Round number: 17-------------

Evaluate global model
Averaged Train Loss: 0.8556
Averaged Test Accurancy: 0.8558
Averaged Test AUC: 0.9606
Std Test Accurancy: 0.0953
Std Test AUC: 0.0204
-------------------------------------------------- 2.6482105255126953

-------------Round number: 18-------------

Evaluate global model
Averaged Train Loss: 0.8059
Averaged Test Accurancy: 0.8649
Averaged Test AUC: 0.9629
Std Test Accurancy: 0.0813
Std Test AUC: 0.0215
-------------------------------------------------- 2.684004306793213

-------------Round number: 19-------------

Evaluate global model
Averaged Train Loss: 0.7662
Averaged Test Accurancy: 0.8819
Averaged Test AUC: 0.9662
Std Test Accurancy: 0.0487
Std Test AUC: 0.0145
-------------------------------------------------- 2.421844720840454

-------------Round number: 20-------------

Evaluate global model
Averaged Train Loss: 0.7726
Averaged Test Accurancy: 0.8609
Averaged Test AUC: 0.9671
Std Test Accurancy: 0.1253
Std Test AUC: 0.0228
-------------------------------------------------- 2.4067981243133545

-------------Round number: 21-------------

Evaluate global model
Averaged Train Loss: 0.8064
Averaged Test Accurancy: 0.8399
Averaged Test AUC: 0.9661
Std Test Accurancy: 0.1596
Std Test AUC: 0.0245
-------------------------------------------------- 2.5033464431762695

-------------Round number: 22-------------

Evaluate global model
Averaged Train Loss: 0.7413
Averaged Test Accurancy: 0.8693
Averaged Test AUC: 0.9703
Std Test Accurancy: 0.1005
Std Test AUC: 0.0196
-------------------------------------------------- 2.63765287399292

-------------Round number: 23-------------

Evaluate global model
Averaged Train Loss: 0.7081
Averaged Test Accurancy: 0.8939
Averaged Test AUC: 0.9733
Std Test Accurancy: 0.0591
Std Test AUC: 0.0143
-------------------------------------------------- 2.5879242420196533

-------------Round number: 24-------------

Evaluate global model
Averaged Train Loss: 0.7118
Averaged Test Accurancy: 0.8894
Averaged Test AUC: 0.9739
Std Test Accurancy: 0.0546
Std Test AUC: 0.0103
-------------------------------------------------- 2.5949957370758057

-------------Round number: 25-------------

Evaluate global model
Averaged Train Loss: 0.6915
Averaged Test Accurancy: 0.8957
Averaged Test AUC: 0.9747
Std Test Accurancy: 0.0465
Std Test AUC: 0.0122
-------------------------------------------------- 2.4650213718414307

-------------Round number: 26-------------

Evaluate global model
Averaged Train Loss: 0.6535
Averaged Test Accurancy: 0.9020
Averaged Test AUC: 0.9765
Std Test Accurancy: 0.0435
Std Test AUC: 0.0113
-------------------------------------------------- 2.4095911979675293

-------------Round number: 27-------------

Evaluate global model
Averaged Train Loss: 0.6350
Averaged Test Accurancy: 0.9078
Averaged Test AUC: 0.9781
Std Test Accurancy: 0.0379
Std Test AUC: 0.0091
-------------------------------------------------- 2.5228543281555176

-------------Round number: 28-------------

Evaluate global model
Averaged Train Loss: 0.6840
Averaged Test Accurancy: 0.8685
Averaged Test AUC: 0.9760
Std Test Accurancy: 0.0859
Std Test AUC: 0.0122
-------------------------------------------------- 2.5442731380462646

-------------Round number: 29-------------

Evaluate global model
Averaged Train Loss: 0.6228
Averaged Test Accurancy: 0.9074
Averaged Test AUC: 0.9781
Std Test Accurancy: 0.0476
Std Test AUC: 0.0138
-------------------------------------------------- 2.3656678199768066

-------------Round number: 30-------------

Evaluate global model
Averaged Train Loss: 0.6215
Averaged Test Accurancy: 0.9004
Averaged Test AUC: 0.9781
Std Test Accurancy: 0.0779
Std Test AUC: 0.0172
-------------------------------------------------- 2.3409385681152344

-------------Round number: 31-------------

Evaluate global model
Averaged Train Loss: 0.6182
Averaged Test Accurancy: 0.9062
Averaged Test AUC: 0.9790
Std Test Accurancy: 0.0382
Std Test AUC: 0.0099
-------------------------------------------------- 2.6987133026123047

-------------Round number: 32-------------

Evaluate global model
Averaged Train Loss: 0.6039
Averaged Test Accurancy: 0.9085
Averaged Test AUC: 0.9791
Std Test Accurancy: 0.0651
Std Test AUC: 0.0169
-------------------------------------------------- 2.3921713829040527

-------------Round number: 33-------------

Evaluate global model
Averaged Train Loss: 0.5943
Averaged Test Accurancy: 0.9136
Averaged Test AUC: 0.9807
Std Test Accurancy: 0.0479
Std Test AUC: 0.0089
-------------------------------------------------- 2.642429828643799

-------------Round number: 34-------------

Evaluate global model
Averaged Train Loss: 0.5737
Averaged Test Accurancy: 0.9211
Averaged Test AUC: 0.9812
Std Test Accurancy: 0.0393
Std Test AUC: 0.0093
-------------------------------------------------- 2.599637269973755

-------------Round number: 35-------------

Evaluate global model
Averaged Train Loss: 0.5600
Averaged Test Accurancy: 0.9168
Averaged Test AUC: 0.9820
Std Test Accurancy: 0.0375
Std Test AUC: 0.0085
-------------------------------------------------- 2.329486608505249

-------------Round number: 36-------------

Evaluate global model
Averaged Train Loss: 0.5680
Averaged Test Accurancy: 0.9098
Averaged Test AUC: 0.9806
Std Test Accurancy: 0.0511
Std Test AUC: 0.0124
-------------------------------------------------- 2.508099317550659

-------------Round number: 37-------------

Evaluate global model
Averaged Train Loss: 0.5513
Averaged Test Accurancy: 0.9103
Averaged Test AUC: 0.9818
Std Test Accurancy: 0.0500
Std Test AUC: 0.0098
-------------------------------------------------- 2.701268196105957

-------------Round number: 38-------------

Evaluate global model
Averaged Train Loss: 0.5527
Averaged Test Accurancy: 0.9157
Averaged Test AUC: 0.9809
Std Test Accurancy: 0.0528
Std Test AUC: 0.0137
-------------------------------------------------- 2.577481508255005

-------------Round number: 39-------------

Evaluate global model
Averaged Train Loss: 0.5577
Averaged Test Accurancy: 0.8976
Averaged Test AUC: 0.9811
Std Test Accurancy: 0.0963
Std Test AUC: 0.0171
-------------------------------------------------- 2.6824843883514404

-------------Round number: 40-------------

Evaluate global model
Averaged Train Loss: 0.6127
Averaged Test Accurancy: 0.8783
Averaged Test AUC: 0.9729
Std Test Accurancy: 0.1281
Std Test AUC: 0.0301
-------------------------------------------------- 2.669461250305176

-------------Round number: 41-------------

Evaluate global model
Averaged Train Loss: 0.5861
Averaged Test Accurancy: 0.9050
Averaged Test AUC: 0.9770
Std Test Accurancy: 0.0524
Std Test AUC: 0.0144
-------------------------------------------------- 2.5546467304229736

-------------Round number: 42-------------

Evaluate global model
Averaged Train Loss: 0.5808
Averaged Test Accurancy: 0.8996
Averaged Test AUC: 0.9795
Std Test Accurancy: 0.0615
Std Test AUC: 0.0113
-------------------------------------------------- 2.479734182357788

-------------Round number: 43-------------

Evaluate global model
Averaged Train Loss: 0.5514
Averaged Test Accurancy: 0.9221
Averaged Test AUC: 0.9823
Std Test Accurancy: 0.0364
Std Test AUC: 0.0101
-------------------------------------------------- 2.5874881744384766

-------------Round number: 44-------------

Evaluate global model
Averaged Train Loss: 0.5779
Averaged Test Accurancy: 0.8943
Averaged Test AUC: 0.9796
Std Test Accurancy: 0.1154
Std Test AUC: 0.0204
-------------------------------------------------- 2.7585928440093994

-------------Round number: 45-------------

Evaluate global model
Averaged Train Loss: 0.5694
Averaged Test Accurancy: 0.9077
Averaged Test AUC: 0.9800
Std Test Accurancy: 0.0914
Std Test AUC: 0.0203
-------------------------------------------------- 2.4377658367156982

-------------Round number: 46-------------

Evaluate global model
Averaged Train Loss: 0.5791
Averaged Test Accurancy: 0.8989
Averaged Test AUC: 0.9778
Std Test Accurancy: 0.0759
Std Test AUC: 0.0193
-------------------------------------------------- 2.478961229324341

-------------Round number: 47-------------

Evaluate global model
Averaged Train Loss: 0.5200
Averaged Test Accurancy: 0.9236
Averaged Test AUC: 0.9833
Std Test Accurancy: 0.0475
Std Test AUC: 0.0108
-------------------------------------------------- 2.5374081134796143

-------------Round number: 48-------------

Evaluate global model
Averaged Train Loss: 0.5093
Averaged Test Accurancy: 0.9245
Averaged Test AUC: 0.9841
Std Test Accurancy: 0.0492
Std Test AUC: 0.0114
-------------------------------------------------- 2.647705554962158

-------------Round number: 49-------------

Evaluate global model
Averaged Train Loss: 0.5011
Averaged Test Accurancy: 0.9271
Averaged Test AUC: 0.9845
Std Test Accurancy: 0.0536
Std Test AUC: 0.0125
-------------------------------------------------- 2.7450711727142334

-------------Round number: 50-------------

Evaluate global model
Averaged Train Loss: 0.5058
Averaged Test Accurancy: 0.9102
Averaged Test AUC: 0.9838
Std Test Accurancy: 0.0807
Std Test AUC: 0.0138
-------------------------------------------------- 2.664353370666504

Best accuracy.
0.9270577483292397

Best local accuracy.

Averaged time per iteration.
2.5602220582962034
File path: ../results/MNIST_FedDynThread_test_0.h5

Average time cost: 131.58s.
Length:  51
std for best accurancy: 0.0
mean for best accurancy: 0.9270577483292397
All done!

Storage on cuda:0
-------------------------------------------------------------------------------
Total Tensors: 59948678 	Used Memory: 184.36M
The allocated memory on cuda:0: 338.21M
Memory differs due to the matrix alignment or invisible gradient buffer tensors
-------------------------------------------------------------------------------

Total time cost: 131.66s.
