==================================================
goal = test
device = cuda
device_id = 0
dataset = MNIST
num_classes = 10
model = CNN
batch_size = 64
local_learning_rate = 0.01
learning_rate_decay = False
learning_rate_decay_gamma = 0.99
global_rounds = 50
top_cnt = 100
local_epochs = 5
algorithm = MOON
join_ratio = 0.8
random_join_ratio = False
num_clients = 20
prev = 0
times = 1
eval_gap = 1
save_folder_name = items
auto_break = False
dlg_eval = False
dlg_gap = 100
batch_num_per_client = 2
num_new_clients = 0
fine_tuning_epoch_new = 0
feature_dim = 512
vocab_size = 32000
max_len = 200
client_drop_rate = 0.0
train_slow_rate = 0.0
send_slow_rate = 0.0
time_select = False
time_threthold = 10000
beta = 0.0
lamda = 1.0
mu = 0.0
K = 5
p_learning_rate = 0.01
M = 5
itk = 4000
alphaK = 1.0
sigma = 1.0
alpha = 1.0
plocal_epochs = 1
tau = 1.0
fine_tuning_epochs = 10
dr_learning_rate = 0.0
L = 1.0
noise_dim = 512
generator_learning_rate = 0.005
hidden_dim = 512
server_epochs = 1000
localize_feature_extractor = False
server_learning_rate = 1.0
eta = 1.0
rand_percent = 80
layer_idx = 2
mentee_learning_rate = 0.005
T_start = 0.95
T_end = 0.98
momentum = 0.1
kl_weight = 0.0
prune_interval = 5
prune_amount = 0.5
==================================================

============= Running time: 0th =============
Creating server and clients ...
FedAvgCNN(
  (conv1): Sequential(
    (0): Conv2d(1, 32, kernel_size=(5, 5), stride=(1, 1))
    (1): ReLU(inplace=True)
    (2): MaxPool2d(kernel_size=(2, 2), stride=(2, 2), padding=0, dilation=1, ceil_mode=False)
  )
  (conv2): Sequential(
    (0): Conv2d(32, 64, kernel_size=(5, 5), stride=(1, 1))
    (1): ReLU(inplace=True)
    (2): MaxPool2d(kernel_size=(2, 2), stride=(2, 2), padding=0, dilation=1, ceil_mode=False)
  )
  (fc1): Sequential(
    (0): Linear(in_features=1024, out_features=512, bias=True)
    (1): ReLU(inplace=True)
  )
  (fc): Linear(in_features=512, out_features=10, bias=True)
)

Join ratio / total clients: 0.8 / 20
Finished creating server and clients.

-------------Round number: 0-------------

Evaluate global model
Averaged Train Loss: 2.3125
Averaged Test Accurancy: 0.0583
Averaged Test AUC: 0.4299
Std Test Accurancy: 0.0526
Std Test AUC: 0.1484
-------------------------------------------------- 12.471588134765625

-------------Round number: 1-------------

Evaluate global model
Averaged Train Loss: 2.1442
Averaged Test Accurancy: 0.1549
Averaged Test AUC: 0.7328
Std Test Accurancy: 0.2300
Std Test AUC: 0.1432
-------------------------------------------------- 12.689150094985962

-------------Round number: 2-------------

Evaluate global model
Averaged Train Loss: 1.7533
Averaged Test Accurancy: 0.5489
Averaged Test AUC: 0.8955
Std Test Accurancy: 0.3285
Std Test AUC: 0.0907
-------------------------------------------------- 12.623526334762573

-------------Round number: 3-------------

Evaluate global model
Averaged Train Loss: 1.4518
Averaged Test Accurancy: 0.6545
Averaged Test AUC: 0.9326
Std Test Accurancy: 0.1481
Std Test AUC: 0.0297
-------------------------------------------------- 12.066827058792114

-------------Round number: 4-------------

Evaluate global model
Averaged Train Loss: 1.2558
Averaged Test Accurancy: 0.6483
Averaged Test AUC: 0.9089
Std Test Accurancy: 0.3173
Std Test AUC: 0.1047
-------------------------------------------------- 10.434335470199585

-------------Round number: 5-------------

Evaluate global model
Averaged Train Loss: 1.2531
Averaged Test Accurancy: 0.5527
Averaged Test AUC: 0.8921
Std Test Accurancy: 0.3650
Std Test AUC: 0.1043
-------------------------------------------------- 10.13673734664917

-------------Round number: 6-------------

Evaluate global model
Averaged Train Loss: 1.2142
Averaged Test Accurancy: 0.5589
Averaged Test AUC: 0.9109
Std Test Accurancy: 0.3194
Std Test AUC: 0.0759
-------------------------------------------------- 10.519484281539917

-------------Round number: 7-------------

Evaluate global model
Averaged Train Loss: 1.0313
Averaged Test Accurancy: 0.6694
Averaged Test AUC: 0.9221
Std Test Accurancy: 0.2813
Std Test AUC: 0.0892
-------------------------------------------------- 11.508882284164429

-------------Round number: 8-------------

Evaluate global model
Averaged Train Loss: 0.9733
Averaged Test Accurancy: 0.6901
Averaged Test AUC: 0.9167
Std Test Accurancy: 0.3210
Std Test AUC: 0.1131
-------------------------------------------------- 11.116334438323975

-------------Round number: 9-------------

Evaluate global model
Averaged Train Loss: 0.8307
Averaged Test Accurancy: 0.7357
Averaged Test AUC: 0.9482
Std Test Accurancy: 0.1517
Std Test AUC: 0.0267
-------------------------------------------------- 10.867101907730103

-------------Round number: 10-------------

Evaluate global model
Averaged Train Loss: 0.8455
Averaged Test Accurancy: 0.7045
Averaged Test AUC: 0.9443
Std Test Accurancy: 0.2135
Std Test AUC: 0.0387
-------------------------------------------------- 11.220258951187134

-------------Round number: 11-------------

Evaluate global model
Averaged Train Loss: 0.7639
Averaged Test Accurancy: 0.7502
Averaged Test AUC: 0.9487
Std Test Accurancy: 0.1856
Std Test AUC: 0.0423
-------------------------------------------------- 10.409459590911865

-------------Round number: 12-------------

Evaluate global model
Averaged Train Loss: 0.8788
Averaged Test Accurancy: 0.6900
Averaged Test AUC: 0.9263
Std Test Accurancy: 0.3118
Std Test AUC: 0.0810
-------------------------------------------------- 11.340962648391724

-------------Round number: 13-------------

Evaluate global model
Averaged Train Loss: 0.6700
Averaged Test Accurancy: 0.7853
Averaged Test AUC: 0.9568
Std Test Accurancy: 0.1390
Std Test AUC: 0.0284
-------------------------------------------------- 10.43108344078064

-------------Round number: 14-------------

Evaluate global model
Averaged Train Loss: 0.7637
Averaged Test Accurancy: 0.7313
Averaged Test AUC: 0.9414
Std Test Accurancy: 0.2523
Std Test AUC: 0.0570
-------------------------------------------------- 11.074620008468628

-------------Round number: 15-------------

Evaluate global model
Averaged Train Loss: 0.7024
Averaged Test Accurancy: 0.7600
Averaged Test AUC: 0.9473
Std Test Accurancy: 0.2252
Std Test AUC: 0.0556
-------------------------------------------------- 10.061990737915039

-------------Round number: 16-------------

Evaluate global model
Averaged Train Loss: 0.7484
Averaged Test Accurancy: 0.7285
Averaged Test AUC: 0.9457
Std Test Accurancy: 0.2785
Std Test AUC: 0.0559
-------------------------------------------------- 11.507018089294434

-------------Round number: 17-------------

Evaluate global model
Averaged Train Loss: 0.6309
Averaged Test Accurancy: 0.7853
Averaged Test AUC: 0.9549
Std Test Accurancy: 0.2409
Std Test AUC: 0.0514
-------------------------------------------------- 11.261108160018921

-------------Round number: 18-------------

Evaluate global model
Averaged Train Loss: 0.6230
Averaged Test Accurancy: 0.7907
Averaged Test AUC: 0.9547
Std Test Accurancy: 0.2128
Std Test AUC: 0.0496
-------------------------------------------------- 10.820696353912354

-------------Round number: 19-------------

Evaluate global model
Averaged Train Loss: 0.6378
Averaged Test Accurancy: 0.7792
Averaged Test AUC: 0.9534
Std Test Accurancy: 0.2236
Std Test AUC: 0.0502
-------------------------------------------------- 11.928056240081787

-------------Round number: 20-------------

Evaluate global model
Averaged Train Loss: 0.5217
Averaged Test Accurancy: 0.8378
Averaged Test AUC: 0.9667
Std Test Accurancy: 0.0847
Std Test AUC: 0.0201
-------------------------------------------------- 11.288342952728271

-------------Round number: 21-------------

Evaluate global model
Averaged Train Loss: 0.5782
Averaged Test Accurancy: 0.7996
Averaged Test AUC: 0.9619
Std Test Accurancy: 0.1663
Std Test AUC: 0.0305
-------------------------------------------------- 10.183299541473389

-------------Round number: 22-------------

Evaluate global model
Averaged Train Loss: 0.5902
Averaged Test Accurancy: 0.8116
Averaged Test AUC: 0.9625
Std Test Accurancy: 0.1343
Std Test AUC: 0.0290
-------------------------------------------------- 10.18692660331726

-------------Round number: 23-------------

Evaluate global model
Averaged Train Loss: 0.5858
Averaged Test Accurancy: 0.7990
Averaged Test AUC: 0.9568
Std Test Accurancy: 0.2071
Std Test AUC: 0.0482
-------------------------------------------------- 10.854064226150513

-------------Round number: 24-------------

Evaluate global model
Averaged Train Loss: 0.4802
Averaged Test Accurancy: 0.8516
Averaged Test AUC: 0.9703
Std Test Accurancy: 0.0441
Std Test AUC: 0.0109
-------------------------------------------------- 11.80919861793518

-------------Round number: 25-------------

Evaluate global model
Averaged Train Loss: 0.4630
Averaged Test Accurancy: 0.8570
Averaged Test AUC: 0.9720
Std Test Accurancy: 0.0765
Std Test AUC: 0.0163
-------------------------------------------------- 10.407927751541138

-------------Round number: 26-------------

Evaluate global model
Averaged Train Loss: 0.5490
Averaged Test Accurancy: 0.8064
Averaged Test AUC: 0.9652
Std Test Accurancy: 0.1521
Std Test AUC: 0.0257
-------------------------------------------------- 12.112429857254028

-------------Round number: 27-------------

Evaluate global model
Averaged Train Loss: 0.4426
Averaged Test Accurancy: 0.8586
Averaged Test AUC: 0.9739
Std Test Accurancy: 0.0989
Std Test AUC: 0.0169
-------------------------------------------------- 9.550780534744263

-------------Round number: 28-------------

Evaluate global model
Averaged Train Loss: 0.5562
Averaged Test Accurancy: 0.8116
Averaged Test AUC: 0.9623
Std Test Accurancy: 0.1336
Std Test AUC: 0.0304
-------------------------------------------------- 10.938375234603882

-------------Round number: 29-------------

Evaluate global model
Averaged Train Loss: 0.4951
Averaged Test Accurancy: 0.8272
Averaged Test AUC: 0.9663
Std Test Accurancy: 0.2083
Std Test AUC: 0.0412
-------------------------------------------------- 9.962029218673706

-------------Round number: 30-------------

Evaluate global model
Averaged Train Loss: 0.5813
Averaged Test Accurancy: 0.7851
Averaged Test AUC: 0.9603
Std Test Accurancy: 0.2342
Std Test AUC: 0.0426
-------------------------------------------------- 10.723660707473755

-------------Round number: 31-------------

Evaluate global model
Averaged Train Loss: 0.4498
Averaged Test Accurancy: 0.8578
Averaged Test AUC: 0.9725
Std Test Accurancy: 0.0791
Std Test AUC: 0.0138
-------------------------------------------------- 12.164675951004028

-------------Round number: 32-------------

Evaluate global model
Averaged Train Loss: 0.3990
Averaged Test Accurancy: 0.8757
Averaged Test AUC: 0.9759
Std Test Accurancy: 0.0666
Std Test AUC: 0.0138
-------------------------------------------------- 11.863121271133423

-------------Round number: 33-------------

Evaluate global model
Averaged Train Loss: 0.3975
Averaged Test Accurancy: 0.8751
Averaged Test AUC: 0.9760
Std Test Accurancy: 0.0730
Std Test AUC: 0.0138
-------------------------------------------------- 10.2075834274292

-------------Round number: 34-------------

Evaluate global model
Averaged Train Loss: 0.4925
Averaged Test Accurancy: 0.8338
Averaged Test AUC: 0.9691
Std Test Accurancy: 0.1326
Std Test AUC: 0.0251
-------------------------------------------------- 10.735727787017822

-------------Round number: 35-------------

Evaluate global model
Averaged Train Loss: 0.4217
Averaged Test Accurancy: 0.8636
Averaged Test AUC: 0.9744
Std Test Accurancy: 0.1064
Std Test AUC: 0.0203
-------------------------------------------------- 10.128511190414429

-------------Round number: 36-------------

Evaluate global model
Averaged Train Loss: 0.4593
Averaged Test Accurancy: 0.8444
Averaged Test AUC: 0.9702
Std Test Accurancy: 0.1494
Std Test AUC: 0.0281
-------------------------------------------------- 10.704033374786377

-------------Round number: 37-------------

Evaluate global model
Averaged Train Loss: 0.4226
Averaged Test Accurancy: 0.8582
Averaged Test AUC: 0.9734
Std Test Accurancy: 0.0999
Std Test AUC: 0.0183
-------------------------------------------------- 11.43988847732544

-------------Round number: 38-------------

Evaluate global model
Averaged Train Loss: 0.3776
Averaged Test Accurancy: 0.8800
Averaged Test AUC: 0.9773
Std Test Accurancy: 0.0711
Std Test AUC: 0.0143
-------------------------------------------------- 11.989953517913818

-------------Round number: 39-------------

Evaluate global model
Averaged Train Loss: 0.3469
Averaged Test Accurancy: 0.8893
Averaged Test AUC: 0.9793
Std Test Accurancy: 0.0795
Std Test AUC: 0.0134
-------------------------------------------------- 10.827351331710815

-------------Round number: 40-------------

Evaluate global model
Averaged Train Loss: 0.3712
Averaged Test Accurancy: 0.8833
Averaged Test AUC: 0.9766
Std Test Accurancy: 0.0254
Std Test AUC: 0.0040
-------------------------------------------------- 12.109501361846924

-------------Round number: 41-------------

Evaluate global model
Averaged Train Loss: 0.3358
Averaged Test Accurancy: 0.8930
Averaged Test AUC: 0.9802
Std Test Accurancy: 0.0721
Std Test AUC: 0.0124
-------------------------------------------------- 10.342575788497925

-------------Round number: 42-------------

Evaluate global model
Averaged Train Loss: 0.4031
Averaged Test Accurancy: 0.8658
Averaged Test AUC: 0.9739
Std Test Accurancy: 0.1214
Std Test AUC: 0.0243
-------------------------------------------------- 11.204623460769653

-------------Round number: 43-------------

Evaluate global model
Averaged Train Loss: 0.3457
Averaged Test Accurancy: 0.8914
Averaged Test AUC: 0.9784
Std Test Accurancy: 0.0253
Std Test AUC: 0.0047
-------------------------------------------------- 12.37123417854309

-------------Round number: 44-------------

Evaluate global model
Averaged Train Loss: 0.3190
Averaged Test Accurancy: 0.9037
Averaged Test AUC: 0.9809
Std Test Accurancy: 0.0423
Std Test AUC: 0.0088
-------------------------------------------------- 11.927358150482178

-------------Round number: 45-------------

Evaluate global model
Averaged Train Loss: 0.3307
Averaged Test Accurancy: 0.8959
Averaged Test AUC: 0.9806
Std Test Accurancy: 0.0492
Std Test AUC: 0.0083
-------------------------------------------------- 10.865353345870972

-------------Round number: 46-------------

Evaluate global model
Averaged Train Loss: 0.3832
Averaged Test Accurancy: 0.8658
Averaged Test AUC: 0.9751
Std Test Accurancy: 0.1689
Std Test AUC: 0.0304
-------------------------------------------------- 10.789982318878174

-------------Round number: 47-------------

Evaluate global model
Averaged Train Loss: 0.3756
Averaged Test Accurancy: 0.8751
Averaged Test AUC: 0.9779
Std Test Accurancy: 0.0931
Std Test AUC: 0.0167
-------------------------------------------------- 9.89120101928711

-------------Round number: 48-------------

Evaluate global model
Averaged Train Loss: 0.4200
Averaged Test Accurancy: 0.8609
Averaged Test AUC: 0.9753
Std Test Accurancy: 0.1222
Std Test AUC: 0.0231
-------------------------------------------------- 10.307208061218262

-------------Round number: 49-------------

Evaluate global model
Averaged Train Loss: 0.3190
Averaged Test Accurancy: 0.9012
Averaged Test AUC: 0.9810
Std Test Accurancy: 0.0464
Std Test AUC: 0.0075
-------------------------------------------------- 11.881445169448853

-------------Round number: 50-------------

Evaluate global model
Averaged Train Loss: 0.3024
Averaged Test Accurancy: 0.9059
Averaged Test AUC: 0.9814
Std Test Accurancy: 0.0665
Std Test AUC: 0.0138
-------------------------------------------------- 12.390866041183472

Best accuracy.
0.905866224938596

Best local accuracy.

Averaged time per iteration.
11.083537278175355
File path: ../results/MNIST_MOON_test_0.h5

Average time cost: 567.39s.
Length:  51
std for best accurancy: 0.0
mean for best accurancy: 0.905866224938596
All done!

Storage on cuda:0
-------------------------------------------------------------------------------
Total Tensors: 48308158 	Used Memory: 139.97M
The allocated memory on cuda:0: 156.97M
Memory differs due to the matrix alignment or invisible gradient buffer tensors
-------------------------------------------------------------------------------

Total time cost: 567.47s.
